[0.190s] [34mcolcon[0m [1;30mDEBUG[0m [32mCommand line arguments: ['/usr/bin/colcon', 'build'][0m
[0.190s] [34mcolcon[0m [1;30mDEBUG[0m [32mParsed command line arguments: Namespace(log_base=None, log_level=None, verb_name='build', build_base='build', install_base='install', merge_install=False, symlink_install=False, test_result_base=None, continue_on_error=False, executor='parallel', parallel_workers=16, event_handlers=None, ignore_user_meta=False, metas=['./colcon.meta'], base_paths=['.'], packages_ignore=None, packages_ignore_regex=None, paths=None, packages_up_to=None, packages_up_to_regex=None, packages_above=None, packages_above_and_dependencies=None, packages_above_depth=None, packages_select_by_dep=None, packages_skip_by_dep=None, packages_skip_up_to=None, packages_select_build_failed=False, packages_skip_build_finished=False, packages_select_test_failures=False, packages_skip_test_passed=False, packages_select=None, packages_skip=None, packages_select_regex=None, packages_skip_regex=None, packages_start=None, packages_end=None, allow_overriding=[], cmake_args=None, cmake_target=None, cmake_target_skip_unavailable=False, cmake_clean_cache=False, cmake_clean_first=False, cmake_force_configure=False, ament_cmake_args=None, catkin_cmake_args=None, catkin_skip_building_tests=False, verb_parser=<colcon_defaults.argument_parser.defaults.DefaultArgumentsDecorator object at 0x7947827f8a00>, verb_extension=<colcon_core.verb.build.BuildVerb object at 0x7947829722c0>, main=<bound method BuildVerb.main of <colcon_core.verb.build.BuildVerb object at 0x7947829722c0>>)[0m
[0.641s] [34mcolcon.colcon_core.package_discovery[0m [1;30mLevel 1[0m discover_packages(colcon_meta) check parameters
[0.642s] [34mcolcon.colcon_core.package_discovery[0m [1;30mLevel 1[0m discover_packages(recursive) check parameters
[0.642s] [34mcolcon.colcon_core.package_discovery[0m [1;30mLevel 1[0m discover_packages(ignore) check parameters
[0.642s] [34mcolcon.colcon_core.package_discovery[0m [1;30mLevel 1[0m discover_packages(path) check parameters
[0.642s] [34mcolcon.colcon_core.package_discovery[0m [1;30mLevel 1[0m discover_packages(colcon_meta) discover
[0.642s] [34mcolcon.colcon_core.package_discovery[0m [1;30mLevel 1[0m discover_packages(recursive) discover
[0.642s] [34mcolcon.colcon_core.package_discovery[0m [1;30mINFO[0m Crawling recursively for packages in '/home/geovani/Ne2BU/src'
[0.642s] [34mcolcon.colcon_core.package_identification[0m [1;30mLevel 1[0m _identify(.) by extensions ['ignore', 'ignore_ament_install']
[0.643s] [34mcolcon.colcon_core.package_identification[0m [1;30mLevel 1[0m _identify(.) by extension 'ignore'
[0.643s] [34mcolcon.colcon_core.package_identification[0m [1;30mLevel 1[0m _identify(.) by extension 'ignore_ament_install'
[0.643s] [34mcolcon.colcon_core.package_identification[0m [1;30mLevel 1[0m _identify(.) by extensions ['colcon_pkg']
[0.643s] [34mcolcon.colcon_core.package_identification[0m [1;30mLevel 1[0m _identify(.) by extension 'colcon_pkg'
[0.643s] [34mcolcon.colcon_core.package_identification[0m [1;30mLevel 1[0m _identify(.) by extensions ['colcon_meta']
[0.644s] [34mcolcon.colcon_core.package_identification[0m [1;30mLevel 1[0m _identify(.) by extension 'colcon_meta'
[0.644s] [34mcolcon.colcon_core.package_identification[0m [1;30mLevel 1[0m _identify(.) by extensions ['ros']
[0.644s] [34mcolcon.colcon_core.package_identification[0m [1;30mLevel 1[0m _identify(.) by extension 'ros'
[0.675s] [34mcolcon.colcon_core.package_identification[0m [1;30mLevel 1[0m _identify(.) by extensions ['cmake', 'python']
[0.675s] [34mcolcon.colcon_core.package_identification[0m [1;30mLevel 1[0m _identify(.) by extension 'cmake'
[0.675s] [34mcolcon.colcon_core.package_identification[0m [1;30mLevel 1[0m _identify(.) by extension 'python'
[0.675s] [34mcolcon.colcon_core.package_identification[0m [1;30mLevel 1[0m _identify(.) by extensions ['python_setup_py']
[0.676s] [34mcolcon.colcon_core.package_identification[0m [1;30mLevel 1[0m _identify(.) by extension 'python_setup_py'
[0.676s] [34mcolcon.colcon_core.package_identification[0m [1;30mLevel 1[0m _identify(build) by extensions ['ignore', 'ignore_ament_install']
[0.676s] [34mcolcon.colcon_core.package_identification[0m [1;30mLevel 1[0m _identify(build) by extension 'ignore'
[0.676s] [34mcolcon.colcon_core.package_identification[0m [1;30mLevel 1[0m _identify(build) ignored
[0.676s] [34mcolcon.colcon_core.package_identification[0m [1;30mLevel 1[0m _identify(conversation_history) by extensions ['ignore', 'ignore_ament_install']
[0.677s] [34mcolcon.colcon_core.package_identification[0m [1;30mLevel 1[0m _identify(conversation_history) by extension 'ignore'
[0.677s] [34mcolcon.colcon_core.package_identification[0m [1;30mLevel 1[0m _identify(conversation_history) by extension 'ignore_ament_install'
[0.677s] [34mcolcon.colcon_core.package_identification[0m [1;30mLevel 1[0m _identify(conversation_history) by extensions ['colcon_pkg']
[0.677s] [34mcolcon.colcon_core.package_identification[0m [1;30mLevel 1[0m _identify(conversation_history) by extension 'colcon_pkg'
[0.677s] [34mcolcon.colcon_core.package_identification[0m [1;30mLevel 1[0m _identify(conversation_history) by extensions ['colcon_meta']
[0.677s] [34mcolcon.colcon_core.package_identification[0m [1;30mLevel 1[0m _identify(conversation_history) by extension 'colcon_meta'
[0.677s] [34mcolcon.colcon_core.package_identification[0m [1;30mLevel 1[0m _identify(conversation_history) by extensions ['ros']
[0.677s] [34mcolcon.colcon_core.package_identification[0m [1;30mLevel 1[0m _identify(conversation_history) by extension 'ros'
[0.677s] [34mcolcon.colcon_core.package_identification[0m [1;30mLevel 1[0m _identify(conversation_history) by extensions ['cmake', 'python']
[0.677s] [34mcolcon.colcon_core.package_identification[0m [1;30mLevel 1[0m _identify(conversation_history) by extension 'cmake'
[0.678s] [34mcolcon.colcon_core.package_identification[0m [1;30mLevel 1[0m _identify(conversation_history) by extension 'python'
[0.678s] [34mcolcon.colcon_core.package_identification[0m [1;30mLevel 1[0m _identify(conversation_history) by extensions ['python_setup_py']
[0.678s] [34mcolcon.colcon_core.package_identification[0m [1;30mLevel 1[0m _identify(conversation_history) by extension 'python_setup_py'
[0.678s] [34mcolcon.colcon_core.package_identification[0m [1;30mLevel 1[0m _identify(install) by extensions ['ignore', 'ignore_ament_install']
[0.678s] [34mcolcon.colcon_core.package_identification[0m [1;30mLevel 1[0m _identify(install) by extension 'ignore'
[0.678s] [34mcolcon.colcon_core.package_identification[0m [1;30mLevel 1[0m _identify(install) ignored
[0.679s] [34mcolcon.colcon_core.package_identification[0m [1;30mLevel 1[0m _identify(log) by extensions ['ignore', 'ignore_ament_install']
[0.679s] [34mcolcon.colcon_core.package_identification[0m [1;30mLevel 1[0m _identify(log) by extension 'ignore'
[0.679s] [34mcolcon.colcon_core.package_identification[0m [1;30mLevel 1[0m _identify(log) ignored
[0.679s] [34mcolcon.colcon_core.package_identification[0m [1;30mLevel 1[0m _identify(main) by extensions ['ignore', 'ignore_ament_install']
[0.679s] [34mcolcon.colcon_core.package_identification[0m [1;30mLevel 1[0m _identify(main) by extension 'ignore'
[0.679s] [34mcolcon.colcon_core.package_identification[0m [1;30mLevel 1[0m _identify(main) by extension 'ignore_ament_install'
[0.679s] [34mcolcon.colcon_core.package_identification[0m [1;30mLevel 1[0m _identify(main) by extensions ['colcon_pkg']
[0.679s] [34mcolcon.colcon_core.package_identification[0m [1;30mLevel 1[0m _identify(main) by extension 'colcon_pkg'
[0.680s] [34mcolcon.colcon_core.package_identification[0m [1;30mLevel 1[0m _identify(main) by extensions ['colcon_meta']
[0.680s] [34mcolcon.colcon_core.package_identification[0m [1;30mLevel 1[0m _identify(main) by extension 'colcon_meta'
[0.680s] [34mcolcon.colcon_core.package_identification[0m [1;30mLevel 1[0m _identify(main) by extensions ['ros']
[0.680s] [34mcolcon.colcon_core.package_identification[0m [1;30mLevel 1[0m _identify(main) by extension 'ros'
[0.686s] [34mcolcon.colcon_core.package_identification[0m [1;30mDEBUG[0m [32mPackage 'main' with type 'ros.ament_python' and name 'main'[0m
[0.687s] [34mcolcon.colcon_core.package_identification[0m [1;30mLevel 1[0m _identify(micro_ros_setup) by extensions ['ignore', 'ignore_ament_install']
[0.687s] [34mcolcon.colcon_core.package_identification[0m [1;30mLevel 1[0m _identify(micro_ros_setup) by extension 'ignore'
[0.687s] [34mcolcon.colcon_core.package_identification[0m [1;30mLevel 1[0m _identify(micro_ros_setup) by extension 'ignore_ament_install'
[0.687s] [34mcolcon.colcon_core.package_identification[0m [1;30mLevel 1[0m _identify(micro_ros_setup) by extensions ['colcon_pkg']
[0.687s] [34mcolcon.colcon_core.package_identification[0m [1;30mLevel 1[0m _identify(micro_ros_setup) by extension 'colcon_pkg'
[0.688s] [34mcolcon.colcon_core.package_identification[0m [1;30mLevel 1[0m _identify(micro_ros_setup) by extensions ['colcon_meta']
[0.688s] [34mcolcon.colcon_core.package_identification[0m [1;30mLevel 1[0m _identify(micro_ros_setup) by extension 'colcon_meta'
[0.688s] [34mcolcon.colcon_core.package_identification[0m [1;30mLevel 1[0m _identify(micro_ros_setup) by extensions ['ros']
[0.688s] [34mcolcon.colcon_core.package_identification[0m [1;30mLevel 1[0m _identify(micro_ros_setup) by extension 'ros'
[0.690s] [34mcolcon.colcon_core.package_identification[0m [1;30mDEBUG[0m [32mPackage 'micro_ros_setup' with type 'ros.ament_cmake' and name 'micro_ros_setup'[0m
[0.690s] [34mcolcon.colcon_core.package_identification[0m [1;30mLevel 1[0m _identify(uros) by extensions ['ignore', 'ignore_ament_install']
[0.691s] [34mcolcon.colcon_core.package_identification[0m [1;30mLevel 1[0m _identify(uros) by extension 'ignore'
[0.691s] [34mcolcon.colcon_core.package_identification[0m [1;30mLevel 1[0m _identify(uros) by extension 'ignore_ament_install'
[0.691s] [34mcolcon.colcon_core.package_identification[0m [1;30mLevel 1[0m _identify(uros) by extensions ['colcon_pkg']
[0.691s] [34mcolcon.colcon_core.package_identification[0m [1;30mLevel 1[0m _identify(uros) by extension 'colcon_pkg'
[0.691s] [34mcolcon.colcon_core.package_identification[0m [1;30mLevel 1[0m _identify(uros) by extensions ['colcon_meta']
[0.691s] [34mcolcon.colcon_core.package_identification[0m [1;30mLevel 1[0m _identify(uros) by extension 'colcon_meta'
[0.691s] [34mcolcon.colcon_core.package_identification[0m [1;30mLevel 1[0m _identify(uros) by extensions ['ros']
[0.691s] [34mcolcon.colcon_core.package_identification[0m [1;30mLevel 1[0m _identify(uros) by extension 'ros'
[0.692s] [34mcolcon.colcon_core.package_identification[0m [1;30mLevel 1[0m _identify(uros) by extensions ['cmake', 'python']
[0.692s] [34mcolcon.colcon_core.package_identification[0m [1;30mLevel 1[0m _identify(uros) by extension 'cmake'
[0.692s] [34mcolcon.colcon_core.package_identification[0m [1;30mLevel 1[0m _identify(uros) by extension 'python'
[0.692s] [34mcolcon.colcon_core.package_identification[0m [1;30mLevel 1[0m _identify(uros) by extensions ['python_setup_py']
[0.692s] [34mcolcon.colcon_core.package_identification[0m [1;30mLevel 1[0m _identify(uros) by extension 'python_setup_py'
[0.692s] [34mcolcon.colcon_core.package_identification[0m [1;30mLevel 1[0m _identify(uros/micro-ROS-Agent) by extensions ['ignore', 'ignore_ament_install']
[0.692s] [34mcolcon.colcon_core.package_identification[0m [1;30mLevel 1[0m _identify(uros/micro-ROS-Agent) by extension 'ignore'
[0.692s] [34mcolcon.colcon_core.package_identification[0m [1;30mLevel 1[0m _identify(uros/micro-ROS-Agent) by extension 'ignore_ament_install'
[0.693s] [34mcolcon.colcon_core.package_identification[0m [1;30mLevel 1[0m _identify(uros/micro-ROS-Agent) by extensions ['colcon_pkg']
[0.693s] [34mcolcon.colcon_core.package_identification[0m [1;30mLevel 1[0m _identify(uros/micro-ROS-Agent) by extension 'colcon_pkg'
[0.693s] [34mcolcon.colcon_core.package_identification[0m [1;30mLevel 1[0m _identify(uros/micro-ROS-Agent) by extensions ['colcon_meta']
[0.693s] [34mcolcon.colcon_core.package_identification[0m [1;30mLevel 1[0m _identify(uros/micro-ROS-Agent) by extension 'colcon_meta'
[0.693s] [34mcolcon.colcon_core.package_identification[0m [1;30mLevel 1[0m _identify(uros/micro-ROS-Agent) by extensions ['ros']
[0.693s] [34mcolcon.colcon_core.package_identification[0m [1;30mLevel 1[0m _identify(uros/micro-ROS-Agent) by extension 'ros'
[0.693s] [34mcolcon.colcon_core.package_identification[0m [1;30mLevel 1[0m _identify(uros/micro-ROS-Agent) by extensions ['cmake', 'python']
[0.693s] [34mcolcon.colcon_core.package_identification[0m [1;30mLevel 1[0m _identify(uros/micro-ROS-Agent) by extension 'cmake'
[0.693s] [34mcolcon.colcon_core.package_identification[0m [1;30mLevel 1[0m _identify(uros/micro-ROS-Agent) by extension 'python'
[0.693s] [34mcolcon.colcon_core.package_identification[0m [1;30mLevel 1[0m _identify(uros/micro-ROS-Agent) by extensions ['python_setup_py']
[0.693s] [34mcolcon.colcon_core.package_identification[0m [1;30mLevel 1[0m _identify(uros/micro-ROS-Agent) by extension 'python_setup_py'
[0.694s] [34mcolcon.colcon_core.package_identification[0m [1;30mLevel 1[0m _identify(uros/micro-ROS-Agent/micro_ros_agent) by extensions ['ignore', 'ignore_ament_install']
[0.694s] [34mcolcon.colcon_core.package_identification[0m [1;30mLevel 1[0m _identify(uros/micro-ROS-Agent/micro_ros_agent) by extension 'ignore'
[0.694s] [34mcolcon.colcon_core.package_identification[0m [1;30mLevel 1[0m _identify(uros/micro-ROS-Agent/micro_ros_agent) by extension 'ignore_ament_install'
[0.694s] [34mcolcon.colcon_core.package_identification[0m [1;30mLevel 1[0m _identify(uros/micro-ROS-Agent/micro_ros_agent) by extensions ['colcon_pkg']
[0.694s] [34mcolcon.colcon_core.package_identification[0m [1;30mLevel 1[0m _identify(uros/micro-ROS-Agent/micro_ros_agent) by extension 'colcon_pkg'
[0.694s] [34mcolcon.colcon_core.package_identification[0m [1;30mLevel 1[0m _identify(uros/micro-ROS-Agent/micro_ros_agent) by extensions ['colcon_meta']
[0.694s] [34mcolcon.colcon_core.package_identification[0m [1;30mLevel 1[0m _identify(uros/micro-ROS-Agent/micro_ros_agent) by extension 'colcon_meta'
[0.694s] [34mcolcon.colcon_core.package_identification[0m [1;30mLevel 1[0m _identify(uros/micro-ROS-Agent/micro_ros_agent) by extensions ['ros']
[0.694s] [34mcolcon.colcon_core.package_identification[0m [1;30mLevel 1[0m _identify(uros/micro-ROS-Agent/micro_ros_agent) by extension 'ros'
[0.697s] [34mcolcon.colcon_core.package_identification[0m [1;30mDEBUG[0m [32mPackage 'uros/micro-ROS-Agent/micro_ros_agent' with type 'ros.ament_cmake' and name 'micro_ros_agent'[0m
[0.698s] [34mcolcon.colcon_core.package_identification[0m [1;30mLevel 1[0m _identify(uros/micro-ROS-Agent/snap) by extensions ['ignore', 'ignore_ament_install']
[0.698s] [34mcolcon.colcon_core.package_identification[0m [1;30mLevel 1[0m _identify(uros/micro-ROS-Agent/snap) by extension 'ignore'
[0.698s] [34mcolcon.colcon_core.package_identification[0m [1;30mLevel 1[0m _identify(uros/micro-ROS-Agent/snap) by extension 'ignore_ament_install'
[0.698s] [34mcolcon.colcon_core.package_identification[0m [1;30mLevel 1[0m _identify(uros/micro-ROS-Agent/snap) by extensions ['colcon_pkg']
[0.698s] [34mcolcon.colcon_core.package_identification[0m [1;30mLevel 1[0m _identify(uros/micro-ROS-Agent/snap) by extension 'colcon_pkg'
[0.698s] [34mcolcon.colcon_core.package_identification[0m [1;30mLevel 1[0m _identify(uros/micro-ROS-Agent/snap) by extensions ['colcon_meta']
[0.698s] [34mcolcon.colcon_core.package_identification[0m [1;30mLevel 1[0m _identify(uros/micro-ROS-Agent/snap) by extension 'colcon_meta'
[0.698s] [34mcolcon.colcon_core.package_identification[0m [1;30mLevel 1[0m _identify(uros/micro-ROS-Agent/snap) by extensions ['ros']
[0.699s] [34mcolcon.colcon_core.package_identification[0m [1;30mLevel 1[0m _identify(uros/micro-ROS-Agent/snap) by extension 'ros'
[0.699s] [34mcolcon.colcon_core.package_identification[0m [1;30mLevel 1[0m _identify(uros/micro-ROS-Agent/snap) by extensions ['cmake', 'python']
[0.699s] [34mcolcon.colcon_core.package_identification[0m [1;30mLevel 1[0m _identify(uros/micro-ROS-Agent/snap) by extension 'cmake'
[0.699s] [34mcolcon.colcon_core.package_identification[0m [1;30mLevel 1[0m _identify(uros/micro-ROS-Agent/snap) by extension 'python'
[0.699s] [34mcolcon.colcon_core.package_identification[0m [1;30mLevel 1[0m _identify(uros/micro-ROS-Agent/snap) by extensions ['python_setup_py']
[0.699s] [34mcolcon.colcon_core.package_identification[0m [1;30mLevel 1[0m _identify(uros/micro-ROS-Agent/snap) by extension 'python_setup_py'
[0.699s] [34mcolcon.colcon_core.package_identification[0m [1;30mLevel 1[0m _identify(uros/micro-ROS-Agent/snap/hooks) by extensions ['ignore', 'ignore_ament_install']
[0.699s] [34mcolcon.colcon_core.package_identification[0m [1;30mLevel 1[0m _identify(uros/micro-ROS-Agent/snap/hooks) by extension 'ignore'
[0.700s] [34mcolcon.colcon_core.package_identification[0m [1;30mLevel 1[0m _identify(uros/micro-ROS-Agent/snap/hooks) by extension 'ignore_ament_install'
[0.700s] [34mcolcon.colcon_core.package_identification[0m [1;30mLevel 1[0m _identify(uros/micro-ROS-Agent/snap/hooks) by extensions ['colcon_pkg']
[0.700s] [34mcolcon.colcon_core.package_identification[0m [1;30mLevel 1[0m _identify(uros/micro-ROS-Agent/snap/hooks) by extension 'colcon_pkg'
[0.700s] [34mcolcon.colcon_core.package_identification[0m [1;30mLevel 1[0m _identify(uros/micro-ROS-Agent/snap/hooks) by extensions ['colcon_meta']
[0.700s] [34mcolcon.colcon_core.package_identification[0m [1;30mLevel 1[0m _identify(uros/micro-ROS-Agent/snap/hooks) by extension 'colcon_meta'
[0.700s] [34mcolcon.colcon_core.package_identification[0m [1;30mLevel 1[0m _identify(uros/micro-ROS-Agent/snap/hooks) by extensions ['ros']
[0.700s] [34mcolcon.colcon_core.package_identification[0m [1;30mLevel 1[0m _identify(uros/micro-ROS-Agent/snap/hooks) by extension 'ros'
[0.700s] [34mcolcon.colcon_core.package_identification[0m [1;30mLevel 1[0m _identify(uros/micro-ROS-Agent/snap/hooks) by extensions ['cmake', 'python']
[0.700s] [34mcolcon.colcon_core.package_identification[0m [1;30mLevel 1[0m _identify(uros/micro-ROS-Agent/snap/hooks) by extension 'cmake'
[0.700s] [34mcolcon.colcon_core.package_identification[0m [1;30mLevel 1[0m _identify(uros/micro-ROS-Agent/snap/hooks) by extension 'python'
[0.700s] [34mcolcon.colcon_core.package_identification[0m [1;30mLevel 1[0m _identify(uros/micro-ROS-Agent/snap/hooks) by extensions ['python_setup_py']
[0.700s] [34mcolcon.colcon_core.package_identification[0m [1;30mLevel 1[0m _identify(uros/micro-ROS-Agent/snap/hooks) by extension 'python_setup_py'
[0.701s] [34mcolcon.colcon_core.package_identification[0m [1;30mLevel 1[0m _identify(uros/micro-ROS-Agent/snap/local) by extensions ['ignore', 'ignore_ament_install']
[0.701s] [34mcolcon.colcon_core.package_identification[0m [1;30mLevel 1[0m _identify(uros/micro-ROS-Agent/snap/local) by extension 'ignore'
[0.701s] [34mcolcon.colcon_core.package_identification[0m [1;30mLevel 1[0m _identify(uros/micro-ROS-Agent/snap/local) by extension 'ignore_ament_install'
[0.701s] [34mcolcon.colcon_core.package_identification[0m [1;30mLevel 1[0m _identify(uros/micro-ROS-Agent/snap/local) by extensions ['colcon_pkg']
[0.701s] [34mcolcon.colcon_core.package_identification[0m [1;30mLevel 1[0m _identify(uros/micro-ROS-Agent/snap/local) by extension 'colcon_pkg'
[0.701s] [34mcolcon.colcon_core.package_identification[0m [1;30mLevel 1[0m _identify(uros/micro-ROS-Agent/snap/local) by extensions ['colcon_meta']
[0.701s] [34mcolcon.colcon_core.package_identification[0m [1;30mLevel 1[0m _identify(uros/micro-ROS-Agent/snap/local) by extension 'colcon_meta'
[0.701s] [34mcolcon.colcon_core.package_identification[0m [1;30mLevel 1[0m _identify(uros/micro-ROS-Agent/snap/local) by extensions ['ros']
[0.701s] [34mcolcon.colcon_core.package_identification[0m [1;30mLevel 1[0m _identify(uros/micro-ROS-Agent/snap/local) by extension 'ros'
[0.702s] [34mcolcon.colcon_core.package_identification[0m [1;30mLevel 1[0m _identify(uros/micro-ROS-Agent/snap/local) by extensions ['cmake', 'python']
[0.702s] [34mcolcon.colcon_core.package_identification[0m [1;30mLevel 1[0m _identify(uros/micro-ROS-Agent/snap/local) by extension 'cmake'
[0.702s] [34mcolcon.colcon_core.package_identification[0m [1;30mLevel 1[0m _identify(uros/micro-ROS-Agent/snap/local) by extension 'python'
[0.702s] [34mcolcon.colcon_core.package_identification[0m [1;30mLevel 1[0m _identify(uros/micro-ROS-Agent/snap/local) by extensions ['python_setup_py']
[0.702s] [34mcolcon.colcon_core.package_identification[0m [1;30mLevel 1[0m _identify(uros/micro-ROS-Agent/snap/local) by extension 'python_setup_py'
[0.702s] [34mcolcon.colcon_core.package_identification[0m [1;30mLevel 1[0m _identify(uros/micro_ros_msgs) by extensions ['ignore', 'ignore_ament_install']
[0.702s] [34mcolcon.colcon_core.package_identification[0m [1;30mLevel 1[0m _identify(uros/micro_ros_msgs) by extension 'ignore'
[0.702s] [34mcolcon.colcon_core.package_identification[0m [1;30mLevel 1[0m _identify(uros/micro_ros_msgs) by extension 'ignore_ament_install'
[0.702s] [34mcolcon.colcon_core.package_identification[0m [1;30mLevel 1[0m _identify(uros/micro_ros_msgs) by extensions ['colcon_pkg']
[0.703s] [34mcolcon.colcon_core.package_identification[0m [1;30mLevel 1[0m _identify(uros/micro_ros_msgs) by extension 'colcon_pkg'
[0.703s] [34mcolcon.colcon_core.package_identification[0m [1;30mLevel 1[0m _identify(uros/micro_ros_msgs) by extensions ['colcon_meta']
[0.703s] [34mcolcon.colcon_core.package_identification[0m [1;30mLevel 1[0m _identify(uros/micro_ros_msgs) by extension 'colcon_meta'
[0.703s] [34mcolcon.colcon_core.package_identification[0m [1;30mLevel 1[0m _identify(uros/micro_ros_msgs) by extensions ['ros']
[0.703s] [34mcolcon.colcon_core.package_identification[0m [1;30mLevel 1[0m _identify(uros/micro_ros_msgs) by extension 'ros'
[0.704s] [34mcolcon.colcon_core.package_identification[0m [1;30mDEBUG[0m [32mPackage 'uros/micro_ros_msgs' with type 'ros.ament_cmake' and name 'micro_ros_msgs'[0m
[0.704s] [34mcolcon.colcon_core.package_discovery[0m [1;30mLevel 1[0m discover_packages(recursive) using defaults
[0.705s] [34mcolcon.colcon_core.package_discovery[0m [1;30mLevel 1[0m discover_packages(ignore) discover
[0.705s] [34mcolcon.colcon_core.package_discovery[0m [1;30mLevel 1[0m discover_packages(ignore) using defaults
[0.705s] [34mcolcon.colcon_core.package_discovery[0m [1;30mLevel 1[0m discover_packages(path) discover
[0.705s] [34mcolcon.colcon_core.package_discovery[0m [1;30mLevel 1[0m discover_packages(path) using defaults
[0.748s] [34mcolcon.colcon_core.package_discovery[0m [1;30mLevel 1[0m discover_packages(prefix_path) check parameters
[0.748s] [34mcolcon.colcon_core.package_discovery[0m [1;30mLevel 1[0m discover_packages(prefix_path) discover
[0.752s] [34mcolcon.colcon_installed_package_information.package_discovery[0m [1;30mDEBUG[0m [32mFound 4 installed packages in /home/geovani/Ne2BU/src/install[0m
[0.755s] [34mcolcon.colcon_installed_package_information.package_discovery[0m [1;30mDEBUG[0m [32mFound 271 installed packages in /opt/ros/humble[0m
[0.758s] [34mcolcon.colcon_core.package_discovery[0m [1;30mLevel 1[0m discover_packages(prefix_path) using defaults
[0.840s] [34mcolcon.colcon_core.verb[0m [1;30mLevel 5[0m set package 'main' build argument 'cmake_args' from command line to 'None'
[0.840s] [34mcolcon.colcon_core.verb[0m [1;30mLevel 5[0m set package 'main' build argument 'cmake_target' from command line to 'None'
[0.840s] [34mcolcon.colcon_core.verb[0m [1;30mLevel 5[0m set package 'main' build argument 'cmake_target_skip_unavailable' from command line to 'False'
[0.840s] [34mcolcon.colcon_core.verb[0m [1;30mLevel 5[0m set package 'main' build argument 'cmake_clean_cache' from command line to 'False'
[0.840s] [34mcolcon.colcon_core.verb[0m [1;30mLevel 5[0m set package 'main' build argument 'cmake_clean_first' from command line to 'False'
[0.840s] [34mcolcon.colcon_core.verb[0m [1;30mLevel 5[0m set package 'main' build argument 'cmake_force_configure' from command line to 'False'
[0.840s] [34mcolcon.colcon_core.verb[0m [1;30mLevel 5[0m set package 'main' build argument 'ament_cmake_args' from command line to 'None'
[0.840s] [34mcolcon.colcon_core.verb[0m [1;30mLevel 5[0m set package 'main' build argument 'catkin_cmake_args' from command line to 'None'
[0.840s] [34mcolcon.colcon_core.verb[0m [1;30mLevel 5[0m set package 'main' build argument 'catkin_skip_building_tests' from command line to 'False'
[0.840s] [34mcolcon.colcon_core.verb[0m [1;30mDEBUG[0m [32mBuilding package 'main' with the following arguments: {'ament_cmake_args': None, 'build_base': '/home/geovani/Ne2BU/src/build/main', 'catkin_cmake_args': None, 'catkin_skip_building_tests': False, 'cmake_args': None, 'cmake_clean_cache': False, 'cmake_clean_first': False, 'cmake_force_configure': False, 'cmake_target': None, 'cmake_target_skip_unavailable': False, 'install_base': '/home/geovani/Ne2BU/src/install/main', 'merge_install': False, 'path': '/home/geovani/Ne2BU/src/main', 'symlink_install': False, 'test_result_base': None}[0m
[0.841s] [34mcolcon.colcon_core.verb[0m [1;30mLevel 5[0m set package 'micro_ros_msgs' build argument 'cmake_args' from command line to 'None'
[0.841s] [34mcolcon.colcon_core.verb[0m [1;30mLevel 5[0m set package 'micro_ros_msgs' build argument 'cmake_target' from command line to 'None'
[0.841s] [34mcolcon.colcon_core.verb[0m [1;30mLevel 5[0m set package 'micro_ros_msgs' build argument 'cmake_target_skip_unavailable' from command line to 'False'
[0.841s] [34mcolcon.colcon_core.verb[0m [1;30mLevel 5[0m set package 'micro_ros_msgs' build argument 'cmake_clean_cache' from command line to 'False'
[0.841s] [34mcolcon.colcon_core.verb[0m [1;30mLevel 5[0m set package 'micro_ros_msgs' build argument 'cmake_clean_first' from command line to 'False'
[0.841s] [34mcolcon.colcon_core.verb[0m [1;30mLevel 5[0m set package 'micro_ros_msgs' build argument 'cmake_force_configure' from command line to 'False'
[0.841s] [34mcolcon.colcon_core.verb[0m [1;30mLevel 5[0m set package 'micro_ros_msgs' build argument 'ament_cmake_args' from command line to 'None'
[0.842s] [34mcolcon.colcon_core.verb[0m [1;30mLevel 5[0m set package 'micro_ros_msgs' build argument 'catkin_cmake_args' from command line to 'None'
[0.842s] [34mcolcon.colcon_core.verb[0m [1;30mLevel 5[0m set package 'micro_ros_msgs' build argument 'catkin_skip_building_tests' from command line to 'False'
[0.842s] [34mcolcon.colcon_core.verb[0m [1;30mDEBUG[0m [32mBuilding package 'micro_ros_msgs' with the following arguments: {'ament_cmake_args': None, 'build_base': '/home/geovani/Ne2BU/src/build/micro_ros_msgs', 'catkin_cmake_args': None, 'catkin_skip_building_tests': False, 'cmake_args': None, 'cmake_clean_cache': False, 'cmake_clean_first': False, 'cmake_force_configure': False, 'cmake_target': None, 'cmake_target_skip_unavailable': False, 'install_base': '/home/geovani/Ne2BU/src/install/micro_ros_msgs', 'merge_install': False, 'path': '/home/geovani/Ne2BU/src/uros/micro_ros_msgs', 'symlink_install': False, 'test_result_base': None}[0m
[0.842s] [34mcolcon.colcon_core.verb[0m [1;30mLevel 5[0m set package 'micro_ros_setup' build argument 'cmake_args' from command line to 'None'
[0.843s] [34mcolcon.colcon_core.verb[0m [1;30mLevel 5[0m set package 'micro_ros_setup' build argument 'cmake_target' from command line to 'None'
[0.843s] [34mcolcon.colcon_core.verb[0m [1;30mLevel 5[0m set package 'micro_ros_setup' build argument 'cmake_target_skip_unavailable' from command line to 'False'
[0.843s] [34mcolcon.colcon_core.verb[0m [1;30mLevel 5[0m set package 'micro_ros_setup' build argument 'cmake_clean_cache' from command line to 'False'
[0.843s] [34mcolcon.colcon_core.verb[0m [1;30mLevel 5[0m set package 'micro_ros_setup' build argument 'cmake_clean_first' from command line to 'False'
[0.843s] [34mcolcon.colcon_core.verb[0m [1;30mLevel 5[0m set package 'micro_ros_setup' build argument 'cmake_force_configure' from command line to 'False'
[0.843s] [34mcolcon.colcon_core.verb[0m [1;30mLevel 5[0m set package 'micro_ros_setup' build argument 'ament_cmake_args' from command line to 'None'
[0.843s] [34mcolcon.colcon_core.verb[0m [1;30mLevel 5[0m set package 'micro_ros_setup' build argument 'catkin_cmake_args' from command line to 'None'
[0.843s] [34mcolcon.colcon_core.verb[0m [1;30mLevel 5[0m set package 'micro_ros_setup' build argument 'catkin_skip_building_tests' from command line to 'False'
[0.843s] [34mcolcon.colcon_core.verb[0m [1;30mDEBUG[0m [32mBuilding package 'micro_ros_setup' with the following arguments: {'ament_cmake_args': None, 'build_base': '/home/geovani/Ne2BU/src/build/micro_ros_setup', 'catkin_cmake_args': None, 'catkin_skip_building_tests': False, 'cmake_args': None, 'cmake_clean_cache': False, 'cmake_clean_first': False, 'cmake_force_configure': False, 'cmake_target': None, 'cmake_target_skip_unavailable': False, 'install_base': '/home/geovani/Ne2BU/src/install/micro_ros_setup', 'merge_install': False, 'path': '/home/geovani/Ne2BU/src/micro_ros_setup', 'symlink_install': False, 'test_result_base': None}[0m
[0.844s] [34mcolcon.colcon_core.verb[0m [1;30mLevel 5[0m set package 'micro_ros_agent' build argument 'cmake_args' from command line to 'None'
[0.844s] [34mcolcon.colcon_core.verb[0m [1;30mLevel 5[0m set package 'micro_ros_agent' build argument 'cmake_target' from command line to 'None'
[0.844s] [34mcolcon.colcon_core.verb[0m [1;30mLevel 5[0m set package 'micro_ros_agent' build argument 'cmake_target_skip_unavailable' from command line to 'False'
[0.844s] [34mcolcon.colcon_core.verb[0m [1;30mLevel 5[0m set package 'micro_ros_agent' build argument 'cmake_clean_cache' from command line to 'False'
[0.844s] [34mcolcon.colcon_core.verb[0m [1;30mLevel 5[0m set package 'micro_ros_agent' build argument 'cmake_clean_first' from command line to 'False'
[0.844s] [34mcolcon.colcon_core.verb[0m [1;30mLevel 5[0m set package 'micro_ros_agent' build argument 'cmake_force_configure' from command line to 'False'
[0.844s] [34mcolcon.colcon_core.verb[0m [1;30mLevel 5[0m set package 'micro_ros_agent' build argument 'ament_cmake_args' from command line to 'None'
[0.844s] [34mcolcon.colcon_core.verb[0m [1;30mLevel 5[0m set package 'micro_ros_agent' build argument 'catkin_cmake_args' from command line to 'None'
[0.844s] [34mcolcon.colcon_core.verb[0m [1;30mLevel 5[0m set package 'micro_ros_agent' build argument 'catkin_skip_building_tests' from command line to 'False'
[0.844s] [34mcolcon.colcon_core.verb[0m [1;30mDEBUG[0m [32mBuilding package 'micro_ros_agent' with the following arguments: {'ament_cmake_args': None, 'build_base': '/home/geovani/Ne2BU/src/build/micro_ros_agent', 'catkin_cmake_args': None, 'catkin_skip_building_tests': False, 'cmake_args': None, 'cmake_clean_cache': False, 'cmake_clean_first': False, 'cmake_force_configure': False, 'cmake_target': None, 'cmake_target_skip_unavailable': False, 'install_base': '/home/geovani/Ne2BU/src/install/micro_ros_agent', 'merge_install': False, 'path': '/home/geovani/Ne2BU/src/uros/micro-ROS-Agent/micro_ros_agent', 'symlink_install': False, 'test_result_base': None}[0m
[0.845s] [34mcolcon.colcon_core.executor[0m [1;30mINFO[0m Executing jobs using 'parallel' executor
[0.847s] [34mcolcon.colcon_parallel_executor.executor.parallel[0m [1;30mDEBUG[0m [32mrun_until_complete[0m
[0.848s] [34mcolcon.colcon_ros.task.ament_cmake.build[0m [1;30mINFO[0m Building ROS package in '/home/geovani/Ne2BU/src/uros/micro_ros_msgs' with build type 'ament_cmake'
[0.848s] [34mcolcon.colcon_cmake.task.cmake.build[0m [1;30mINFO[0m Building CMake package in '/home/geovani/Ne2BU/src/uros/micro_ros_msgs'
[0.853s] [34mcolcon.colcon_core.plugin_system[0m [1;30mINFO[0m Skipping extension 'colcon_core.shell.bat': Not used on non-Windows systems
[0.853s] [34mcolcon.colcon_core.shell[0m [1;30mINFO[0m Skip shell extension 'powershell' for command environment: Not usable outside of PowerShell
[0.853s] [34mcolcon.colcon_core.shell[0m [1;30mDEBUG[0m [32mSkip shell extension 'dsv' for command environment[0m
[0.861s] [34mcolcon.colcon_ros.task.ament_python.build[0m [1;30mINFO[0m Building ROS package in '/home/geovani/Ne2BU/src/main' with build type 'ament_python'
[0.861s] [34mcolcon.colcon_core.shell[0m [1;30mLevel 1[0m create_environment_hook('main', 'ament_prefix_path')
[0.862s] [34mcolcon.colcon_core.shell[0m [1;30mINFO[0m Creating environment hook '/home/geovani/Ne2BU/src/install/main/share/main/hook/ament_prefix_path.ps1'
[0.864s] [34mcolcon.colcon_core.shell[0m [1;30mINFO[0m Creating environment descriptor '/home/geovani/Ne2BU/src/install/main/share/main/hook/ament_prefix_path.dsv'
[0.865s] [34mcolcon.colcon_core.shell[0m [1;30mINFO[0m Creating environment hook '/home/geovani/Ne2BU/src/install/main/share/main/hook/ament_prefix_path.sh'
[0.867s] [34mcolcon.colcon_core.shell[0m [1;30mINFO[0m Skip shell extension 'powershell' for command environment: Not usable outside of PowerShell
[0.867s] [34mcolcon.colcon_core.shell[0m [1;30mDEBUG[0m [32mSkip shell extension 'dsv' for command environment[0m
[0.873s] [34mcolcon.colcon_ros.task.ament_cmake.build[0m [1;30mINFO[0m Building ROS package in '/home/geovani/Ne2BU/src/micro_ros_setup' with build type 'ament_cmake'
[0.874s] [34mcolcon.colcon_cmake.task.cmake.build[0m [1;30mINFO[0m Building CMake package in '/home/geovani/Ne2BU/src/micro_ros_setup'
[0.874s] [34mcolcon.colcon_core.shell[0m [1;30mINFO[0m Skip shell extension 'powershell' for command environment: Not usable outside of PowerShell
[0.874s] [34mcolcon.colcon_core.shell[0m [1;30mDEBUG[0m [32mSkip shell extension 'dsv' for command environment[0m
[0.895s] [34mcolcon.colcon_core.event_handler.log_command[0m [1;30mDEBUG[0m [32mInvoking command in '/home/geovani/Ne2BU/src/build/micro_ros_msgs': CMAKE_PREFIX_PATH=${CMAKE_PREFIX_PATH}:/home/geovani/Ne2BU/src/install/main:/opt/ros/humble /usr/bin/cmake --build /home/geovani/Ne2BU/src/build/micro_ros_msgs -- -j16 -l16[0m
[1.601s] [34mcolcon.colcon_core.task.python.build[0m [1;30mINFO[0m Building Python package in '/home/geovani/Ne2BU/src/main'
[1.602s] [34mcolcon.colcon_core.shell[0m [1;30mINFO[0m Skip shell extension 'powershell' for command environment: Not usable outside of PowerShell
[1.602s] [34mcolcon.colcon_core.shell[0m [1;30mDEBUG[0m [32mSkip shell extension 'dsv' for command environment[0m
[1.624s] [34mcolcon.colcon_core.event_handler.log_command[0m [1;30mDEBUG[0m [32mInvoking command in '/home/geovani/Ne2BU/src/build/micro_ros_setup': CMAKE_PREFIX_PATH=${CMAKE_PREFIX_PATH}:/home/geovani/Ne2BU/src/install/main:/opt/ros/humble /usr/bin/cmake --build /home/geovani/Ne2BU/src/build/micro_ros_setup -- -j16 -l16[0m
[1.710s] [34mcolcon.colcon_core.event_handler.log_command[0m [1;30mDEBUG[0m [32mInvoked command in '/home/geovani/Ne2BU/src/build/micro_ros_setup' returned '0': CMAKE_PREFIX_PATH=${CMAKE_PREFIX_PATH}:/home/geovani/Ne2BU/src/install/main:/opt/ros/humble /usr/bin/cmake --build /home/geovani/Ne2BU/src/build/micro_ros_setup -- -j16 -l16[0m
[1.733s] [34mcolcon.colcon_core.event_handler.log_command[0m [1;30mDEBUG[0m [32mInvoking command in '/home/geovani/Ne2BU/src/build/micro_ros_setup': CMAKE_PREFIX_PATH=${CMAKE_PREFIX_PATH}:/home/geovani/Ne2BU/src/install/main:/opt/ros/humble /usr/bin/cmake --install /home/geovani/Ne2BU/src/build/micro_ros_setup[0m
[1.760s] [34mcolcon.colcon_core.environment[0m [1;30mLevel 1[0m create_environment_scripts_only(micro_ros_setup)
[1.766s] [34mcolcon.colcon_core.event_handler.log_command[0m [1;30mDEBUG[0m [32mInvoked command in '/home/geovani/Ne2BU/src/build/micro_ros_setup' returned '0': CMAKE_PREFIX_PATH=${CMAKE_PREFIX_PATH}:/home/geovani/Ne2BU/src/install/main:/opt/ros/humble /usr/bin/cmake --install /home/geovani/Ne2BU/src/build/micro_ros_setup[0m
[1.769s] [34mcolcon.colcon_core.environment[0m [1;30mLevel 1[0m checking '/home/geovani/Ne2BU/src/install/micro_ros_setup' for CMake module files
[1.769s] [34mcolcon.colcon_core.environment[0m [1;30mLevel 1[0m checking '/home/geovani/Ne2BU/src/install/micro_ros_setup' for CMake config files
[1.770s] [34mcolcon.colcon_core.shell[0m [1;30mLevel 1[0m create_environment_hook('micro_ros_setup', 'cmake_prefix_path')
[1.771s] [34mcolcon.colcon_core.shell[0m [1;30mINFO[0m Creating environment hook '/home/geovani/Ne2BU/src/install/micro_ros_setup/share/micro_ros_setup/hook/cmake_prefix_path.ps1'
[1.771s] [34mcolcon.colcon_core.shell[0m [1;30mINFO[0m Creating environment descriptor '/home/geovani/Ne2BU/src/install/micro_ros_setup/share/micro_ros_setup/hook/cmake_prefix_path.dsv'
[1.772s] [34mcolcon.colcon_core.shell[0m [1;30mINFO[0m Creating environment hook '/home/geovani/Ne2BU/src/install/micro_ros_setup/share/micro_ros_setup/hook/cmake_prefix_path.sh'
[1.773s] [34mcolcon.colcon_core.environment[0m [1;30mLevel 1[0m checking '/home/geovani/Ne2BU/src/install/micro_ros_setup/lib'
[1.773s] [34mcolcon.colcon_core.environment[0m [1;30mLevel 1[0m checking '/home/geovani/Ne2BU/src/install/micro_ros_setup/bin'
[1.773s] [34mcolcon.colcon_core.environment[0m [1;30mLevel 1[0m checking '/home/geovani/Ne2BU/src/install/micro_ros_setup/lib/pkgconfig/micro_ros_setup.pc'
[1.773s] [34mcolcon.colcon_core.environment[0m [1;30mLevel 1[0m checking '/home/geovani/Ne2BU/src/install/micro_ros_setup/lib/python3.10/site-packages'
[1.774s] [34mcolcon.colcon_core.environment[0m [1;30mLevel 1[0m checking '/home/geovani/Ne2BU/src/install/micro_ros_setup/bin'
[1.774s] [34mcolcon.colcon_core.shell[0m [1;30mINFO[0m Creating package script '/home/geovani/Ne2BU/src/install/micro_ros_setup/share/micro_ros_setup/package.ps1'
[1.775s] [34mcolcon.colcon_core.shell[0m [1;30mINFO[0m Creating package descriptor '/home/geovani/Ne2BU/src/install/micro_ros_setup/share/micro_ros_setup/package.dsv'
[1.776s] [34mcolcon.colcon_core.shell[0m [1;30mINFO[0m Creating package script '/home/geovani/Ne2BU/src/install/micro_ros_setup/share/micro_ros_setup/package.sh'
[1.777s] [34mcolcon.colcon_core.shell[0m [1;30mINFO[0m Creating package script '/home/geovani/Ne2BU/src/install/micro_ros_setup/share/micro_ros_setup/package.bash'
[1.778s] [34mcolcon.colcon_core.shell[0m [1;30mINFO[0m Creating package script '/home/geovani/Ne2BU/src/install/micro_ros_setup/share/micro_ros_setup/package.zsh'
[1.779s] [34mcolcon.colcon_core.environment[0m [1;30mLevel 1[0m create_file_with_runtime_dependencies(/home/geovani/Ne2BU/src/install/micro_ros_setup/share/colcon-core/packages/micro_ros_setup)
[1.780s] [34mcolcon.colcon_core.environment[0m [1;30mLevel 1[0m create_environment_scripts_only(micro_ros_setup)
[1.780s] [34mcolcon.colcon_core.environment[0m [1;30mLevel 1[0m checking '/home/geovani/Ne2BU/src/install/micro_ros_setup' for CMake module files
[1.781s] [34mcolcon.colcon_core.environment[0m [1;30mLevel 1[0m checking '/home/geovani/Ne2BU/src/install/micro_ros_setup' for CMake config files
[1.782s] [34mcolcon.colcon_core.shell[0m [1;30mLevel 1[0m create_environment_hook('micro_ros_setup', 'cmake_prefix_path')
[1.782s] [34mcolcon.colcon_core.shell[0m [1;30mINFO[0m Creating environment hook '/home/geovani/Ne2BU/src/install/micro_ros_setup/share/micro_ros_setup/hook/cmake_prefix_path.ps1'
[1.783s] [34mcolcon.colcon_core.shell[0m [1;30mINFO[0m Creating environment descriptor '/home/geovani/Ne2BU/src/install/micro_ros_setup/share/micro_ros_setup/hook/cmake_prefix_path.dsv'
[1.783s] [34mcolcon.colcon_core.shell[0m [1;30mINFO[0m Creating environment hook '/home/geovani/Ne2BU/src/install/micro_ros_setup/share/micro_ros_setup/hook/cmake_prefix_path.sh'
[1.784s] [34mcolcon.colcon_core.environment[0m [1;30mLevel 1[0m checking '/home/geovani/Ne2BU/src/install/micro_ros_setup/lib'
[1.784s] [34mcolcon.colcon_core.environment[0m [1;30mLevel 1[0m checking '/home/geovani/Ne2BU/src/install/micro_ros_setup/bin'
[1.784s] [34mcolcon.colcon_core.environment[0m [1;30mLevel 1[0m checking '/home/geovani/Ne2BU/src/install/micro_ros_setup/lib/pkgconfig/micro_ros_setup.pc'
[1.784s] [34mcolcon.colcon_core.environment[0m [1;30mLevel 1[0m checking '/home/geovani/Ne2BU/src/install/micro_ros_setup/lib/python3.10/site-packages'
[1.785s] [34mcolcon.colcon_core.environment[0m [1;30mLevel 1[0m checking '/home/geovani/Ne2BU/src/install/micro_ros_setup/bin'
[1.785s] [34mcolcon.colcon_core.shell[0m [1;30mINFO[0m Creating package script '/home/geovani/Ne2BU/src/install/micro_ros_setup/share/micro_ros_setup/package.ps1'
[1.786s] [34mcolcon.colcon_core.shell[0m [1;30mINFO[0m Creating package descriptor '/home/geovani/Ne2BU/src/install/micro_ros_setup/share/micro_ros_setup/package.dsv'
[1.787s] [34mcolcon.colcon_core.shell[0m [1;30mINFO[0m Creating package script '/home/geovani/Ne2BU/src/install/micro_ros_setup/share/micro_ros_setup/package.sh'
[1.787s] [34mcolcon.colcon_core.shell[0m [1;30mINFO[0m Creating package script '/home/geovani/Ne2BU/src/install/micro_ros_setup/share/micro_ros_setup/package.bash'
[1.788s] [34mcolcon.colcon_core.shell[0m [1;30mINFO[0m Creating package script '/home/geovani/Ne2BU/src/install/micro_ros_setup/share/micro_ros_setup/package.zsh'
[1.788s] [34mcolcon.colcon_core.environment[0m [1;30mLevel 1[0m create_file_with_runtime_dependencies(/home/geovani/Ne2BU/src/install/micro_ros_setup/share/colcon-core/packages/micro_ros_setup)
[1.790s] [34mcolcon.colcon_core.event_handler.log_command[0m [1;30mDEBUG[0m [32mInvoked command in '/home/geovani/Ne2BU/src/build/micro_ros_msgs' returned '0': CMAKE_PREFIX_PATH=${CMAKE_PREFIX_PATH}:/home/geovani/Ne2BU/src/install/main:/opt/ros/humble /usr/bin/cmake --build /home/geovani/Ne2BU/src/build/micro_ros_msgs -- -j16 -l16[0m
[1.792s] [34mcolcon.colcon_core.event_handler.log_command[0m [1;30mDEBUG[0m [32mInvoking command in '/home/geovani/Ne2BU/src/build/micro_ros_msgs': CMAKE_PREFIX_PATH=${CMAKE_PREFIX_PATH}:/home/geovani/Ne2BU/src/install/main:/opt/ros/humble /usr/bin/cmake --install /home/geovani/Ne2BU/src/build/micro_ros_msgs[0m
[1.875s] [34mcolcon.colcon_core.environment[0m [1;30mLevel 1[0m create_environment_scripts_only(micro_ros_msgs)
[1.875s] [34mcolcon.colcon_core.environment[0m [1;30mLevel 1[0m checking '/home/geovani/Ne2BU/src/install/micro_ros_msgs' for CMake module files
[1.876s] [34mcolcon.colcon_core.event_handler.log_command[0m [1;30mDEBUG[0m [32mInvoked command in '/home/geovani/Ne2BU/src/build/micro_ros_msgs' returned '0': CMAKE_PREFIX_PATH=${CMAKE_PREFIX_PATH}:/home/geovani/Ne2BU/src/install/main:/opt/ros/humble /usr/bin/cmake --install /home/geovani/Ne2BU/src/build/micro_ros_msgs[0m
[1.876s] [34mcolcon.colcon_core.environment[0m [1;30mLevel 1[0m checking '/home/geovani/Ne2BU/src/install/micro_ros_msgs' for CMake config files
[1.877s] [34mcolcon.colcon_core.shell[0m [1;30mLevel 1[0m create_environment_hook('micro_ros_msgs', 'cmake_prefix_path')
[1.878s] [34mcolcon.colcon_core.shell[0m [1;30mINFO[0m Creating environment hook '/home/geovani/Ne2BU/src/install/micro_ros_msgs/share/micro_ros_msgs/hook/cmake_prefix_path.ps1'
[1.878s] [34mcolcon.colcon_core.shell[0m [1;30mINFO[0m Creating environment descriptor '/home/geovani/Ne2BU/src/install/micro_ros_msgs/share/micro_ros_msgs/hook/cmake_prefix_path.dsv'
[1.879s] [34mcolcon.colcon_core.shell[0m [1;30mINFO[0m Creating environment hook '/home/geovani/Ne2BU/src/install/micro_ros_msgs/share/micro_ros_msgs/hook/cmake_prefix_path.sh'
[1.880s] [34mcolcon.colcon_core.environment[0m [1;30mLevel 1[0m checking '/home/geovani/Ne2BU/src/install/micro_ros_msgs/lib'
[1.880s] [34mcolcon.colcon_core.shell[0m [1;30mLevel 1[0m create_environment_hook('micro_ros_msgs', 'ld_library_path_lib')
[1.880s] [34mcolcon.colcon_core.shell[0m [1;30mINFO[0m Creating environment hook '/home/geovani/Ne2BU/src/install/micro_ros_msgs/share/micro_ros_msgs/hook/ld_library_path_lib.ps1'
[1.881s] [34mcolcon.colcon_core.shell[0m [1;30mINFO[0m Creating environment descriptor '/home/geovani/Ne2BU/src/install/micro_ros_msgs/share/micro_ros_msgs/hook/ld_library_path_lib.dsv'
[1.881s] [34mcolcon.colcon_core.shell[0m [1;30mINFO[0m Creating environment hook '/home/geovani/Ne2BU/src/install/micro_ros_msgs/share/micro_ros_msgs/hook/ld_library_path_lib.sh'
[1.882s] [34mcolcon.colcon_core.environment[0m [1;30mLevel 1[0m checking '/home/geovani/Ne2BU/src/install/micro_ros_msgs/bin'
[1.882s] [34mcolcon.colcon_core.environment[0m [1;30mLevel 1[0m checking '/home/geovani/Ne2BU/src/install/micro_ros_msgs/lib/pkgconfig/micro_ros_msgs.pc'
[1.882s] [34mcolcon.colcon_core.environment[0m [1;30mLevel 1[0m checking '/home/geovani/Ne2BU/src/install/micro_ros_msgs/lib/python3.10/site-packages'
[1.883s] [34mcolcon.colcon_core.environment[0m [1;30mLevel 1[0m checking '/home/geovani/Ne2BU/src/install/micro_ros_msgs/bin'
[1.883s] [34mcolcon.colcon_core.shell[0m [1;30mINFO[0m Creating package script '/home/geovani/Ne2BU/src/install/micro_ros_msgs/share/micro_ros_msgs/package.ps1'
[1.884s] [34mcolcon.colcon_core.shell[0m [1;30mINFO[0m Creating package descriptor '/home/geovani/Ne2BU/src/install/micro_ros_msgs/share/micro_ros_msgs/package.dsv'
[1.884s] [34mcolcon.colcon_core.shell[0m [1;30mINFO[0m Creating package script '/home/geovani/Ne2BU/src/install/micro_ros_msgs/share/micro_ros_msgs/package.sh'
[1.885s] [34mcolcon.colcon_core.shell[0m [1;30mINFO[0m Creating package script '/home/geovani/Ne2BU/src/install/micro_ros_msgs/share/micro_ros_msgs/package.bash'
[1.885s] [34mcolcon.colcon_core.shell[0m [1;30mINFO[0m Creating package script '/home/geovani/Ne2BU/src/install/micro_ros_msgs/share/micro_ros_msgs/package.zsh'
[1.886s] [34mcolcon.colcon_core.environment[0m [1;30mLevel 1[0m create_file_with_runtime_dependencies(/home/geovani/Ne2BU/src/install/micro_ros_msgs/share/colcon-core/packages/micro_ros_msgs)
[1.887s] [34mcolcon.colcon_core.environment[0m [1;30mLevel 1[0m create_environment_scripts_only(micro_ros_msgs)
[1.887s] [34mcolcon.colcon_core.environment[0m [1;30mLevel 1[0m checking '/home/geovani/Ne2BU/src/install/micro_ros_msgs' for CMake module files
[1.888s] [34mcolcon.colcon_core.environment[0m [1;30mLevel 1[0m checking '/home/geovani/Ne2BU/src/install/micro_ros_msgs' for CMake config files
[1.889s] [34mcolcon.colcon_core.shell[0m [1;30mLevel 1[0m create_environment_hook('micro_ros_msgs', 'cmake_prefix_path')
[1.889s] [34mcolcon.colcon_core.shell[0m [1;30mINFO[0m Creating environment hook '/home/geovani/Ne2BU/src/install/micro_ros_msgs/share/micro_ros_msgs/hook/cmake_prefix_path.ps1'
[1.889s] [34mcolcon.colcon_core.shell[0m [1;30mINFO[0m Creating environment descriptor '/home/geovani/Ne2BU/src/install/micro_ros_msgs/share/micro_ros_msgs/hook/cmake_prefix_path.dsv'
[1.890s] [34mcolcon.colcon_core.shell[0m [1;30mINFO[0m Creating environment hook '/home/geovani/Ne2BU/src/install/micro_ros_msgs/share/micro_ros_msgs/hook/cmake_prefix_path.sh'
[1.891s] [34mcolcon.colcon_core.environment[0m [1;30mLevel 1[0m checking '/home/geovani/Ne2BU/src/install/micro_ros_msgs/lib'
[1.891s] [34mcolcon.colcon_core.shell[0m [1;30mLevel 1[0m create_environment_hook('micro_ros_msgs', 'ld_library_path_lib')
[1.891s] [34mcolcon.colcon_core.shell[0m [1;30mINFO[0m Creating environment hook '/home/geovani/Ne2BU/src/install/micro_ros_msgs/share/micro_ros_msgs/hook/ld_library_path_lib.ps1'
[1.892s] [34mcolcon.colcon_core.shell[0m [1;30mINFO[0m Creating environment descriptor '/home/geovani/Ne2BU/src/install/micro_ros_msgs/share/micro_ros_msgs/hook/ld_library_path_lib.dsv'
[1.892s] [34mcolcon.colcon_core.shell[0m [1;30mINFO[0m Creating environment hook '/home/geovani/Ne2BU/src/install/micro_ros_msgs/share/micro_ros_msgs/hook/ld_library_path_lib.sh'
[1.893s] [34mcolcon.colcon_core.environment[0m [1;30mLevel 1[0m checking '/home/geovani/Ne2BU/src/install/micro_ros_msgs/bin'
[1.893s] [34mcolcon.colcon_core.environment[0m [1;30mLevel 1[0m checking '/home/geovani/Ne2BU/src/install/micro_ros_msgs/lib/pkgconfig/micro_ros_msgs.pc'
[1.893s] [34mcolcon.colcon_core.environment[0m [1;30mLevel 1[0m checking '/home/geovani/Ne2BU/src/install/micro_ros_msgs/lib/python3.10/site-packages'
[1.894s] [34mcolcon.colcon_core.environment[0m [1;30mLevel 1[0m checking '/home/geovani/Ne2BU/src/install/micro_ros_msgs/bin'
[1.894s] [34mcolcon.colcon_core.shell[0m [1;30mINFO[0m Creating package script '/home/geovani/Ne2BU/src/install/micro_ros_msgs/share/micro_ros_msgs/package.ps1'
[1.895s] [34mcolcon.colcon_core.shell[0m [1;30mINFO[0m Creating package descriptor '/home/geovani/Ne2BU/src/install/micro_ros_msgs/share/micro_ros_msgs/package.dsv'
[1.895s] [34mcolcon.colcon_core.shell[0m [1;30mINFO[0m Creating package script '/home/geovani/Ne2BU/src/install/micro_ros_msgs/share/micro_ros_msgs/package.sh'
[1.896s] [34mcolcon.colcon_core.shell[0m [1;30mINFO[0m Creating package script '/home/geovani/Ne2BU/src/install/micro_ros_msgs/share/micro_ros_msgs/package.bash'
[1.897s] [34mcolcon.colcon_core.shell[0m [1;30mINFO[0m Creating package script '/home/geovani/Ne2BU/src/install/micro_ros_msgs/share/micro_ros_msgs/package.zsh'
[1.897s] [34mcolcon.colcon_core.environment[0m [1;30mLevel 1[0m create_file_with_runtime_dependencies(/home/geovani/Ne2BU/src/install/micro_ros_msgs/share/colcon-core/packages/micro_ros_msgs)
[1.898s] [34mcolcon.colcon_ros.task.ament_cmake.build[0m [1;30mINFO[0m Building ROS package in '/home/geovani/Ne2BU/src/uros/micro-ROS-Agent/micro_ros_agent' with build type 'ament_cmake'
[1.898s] [34mcolcon.colcon_cmake.task.cmake.build[0m [1;30mINFO[0m Building CMake package in '/home/geovani/Ne2BU/src/uros/micro-ROS-Agent/micro_ros_agent'
[1.898s] [34mcolcon.colcon_core.shell[0m [1;30mINFO[0m Skip shell extension 'powershell' for command environment: Not usable outside of PowerShell
[1.899s] [34mcolcon.colcon_core.shell[0m [1;30mDEBUG[0m [32mSkip shell extension 'dsv' for command environment[0m
[1.913s] [34mcolcon.colcon_core.event_handler.log_command[0m [1;30mDEBUG[0m [32mInvoking command in '/home/geovani/Ne2BU/src/build/micro_ros_agent': CMAKE_PREFIX_PATH=/home/geovani/Ne2BU/src/install/micro_ros_msgs:/home/geovani/Ne2BU/src/install/micro_ros_setup:/home/geovani/Ne2BU/src/install/micro_ros_agent:/home/geovani/Ne2BU/src/install/main:/opt/ros/humble LD_LIBRARY_PATH=/home/geovani/Ne2BU/src/install/micro_ros_msgs/lib:/home/geovani/Ne2BU/src/install/micro_ros_agent/lib:/opt/ros/humble/opt/rviz_ogre_vendor/lib:/opt/ros/humble/lib/x86_64-linux-gnu:/opt/ros/humble/lib /usr/bin/cmake --build /home/geovani/Ne2BU/src/build/micro_ros_agent -- -j16 -l16[0m
[2.010s] [34mcolcon.colcon_core.event_handler.log_command[0m [1;30mDEBUG[0m [32mInvoked command in '/home/geovani/Ne2BU/src/build/micro_ros_agent' returned '0': CMAKE_PREFIX_PATH=/home/geovani/Ne2BU/src/install/micro_ros_msgs:/home/geovani/Ne2BU/src/install/micro_ros_setup:/home/geovani/Ne2BU/src/install/micro_ros_agent:/home/geovani/Ne2BU/src/install/main:/opt/ros/humble LD_LIBRARY_PATH=/home/geovani/Ne2BU/src/install/micro_ros_msgs/lib:/home/geovani/Ne2BU/src/install/micro_ros_agent/lib:/opt/ros/humble/opt/rviz_ogre_vendor/lib:/opt/ros/humble/lib/x86_64-linux-gnu:/opt/ros/humble/lib /usr/bin/cmake --build /home/geovani/Ne2BU/src/build/micro_ros_agent -- -j16 -l16[0m
[2.012s] [34mcolcon.colcon_core.event_handler.log_command[0m [1;30mDEBUG[0m [32mInvoking command in '/home/geovani/Ne2BU/src/build/micro_ros_agent': CMAKE_PREFIX_PATH=/home/geovani/Ne2BU/src/install/micro_ros_msgs:/home/geovani/Ne2BU/src/install/micro_ros_setup:/home/geovani/Ne2BU/src/install/micro_ros_agent:/home/geovani/Ne2BU/src/install/main:/opt/ros/humble LD_LIBRARY_PATH=/home/geovani/Ne2BU/src/install/micro_ros_msgs/lib:/home/geovani/Ne2BU/src/install/micro_ros_agent/lib:/opt/ros/humble/opt/rviz_ogre_vendor/lib:/opt/ros/humble/lib/x86_64-linux-gnu:/opt/ros/humble/lib /usr/bin/cmake --install /home/geovani/Ne2BU/src/build/micro_ros_agent[0m
[2.027s] [34mcolcon.colcon_core.environment[0m [1;30mLevel 1[0m create_environment_scripts_only(micro_ros_agent)
[2.027s] [34mcolcon.colcon_core.environment[0m [1;30mLevel 1[0m checking '/home/geovani/Ne2BU/src/install/micro_ros_agent' for CMake module files
[2.028s] [34mcolcon.colcon_core.event_handler.log_command[0m [1;30mDEBUG[0m [32mInvoked command in '/home/geovani/Ne2BU/src/build/micro_ros_agent' returned '0': CMAKE_PREFIX_PATH=/home/geovani/Ne2BU/src/install/micro_ros_msgs:/home/geovani/Ne2BU/src/install/micro_ros_setup:/home/geovani/Ne2BU/src/install/micro_ros_agent:/home/geovani/Ne2BU/src/install/main:/opt/ros/humble LD_LIBRARY_PATH=/home/geovani/Ne2BU/src/install/micro_ros_msgs/lib:/home/geovani/Ne2BU/src/install/micro_ros_agent/lib:/opt/ros/humble/opt/rviz_ogre_vendor/lib:/opt/ros/humble/lib/x86_64-linux-gnu:/opt/ros/humble/lib /usr/bin/cmake --install /home/geovani/Ne2BU/src/build/micro_ros_agent[0m
[2.028s] [34mcolcon.colcon_core.environment[0m [1;30mLevel 1[0m checking '/home/geovani/Ne2BU/src/install/micro_ros_agent' for CMake config files
[2.030s] [34mcolcon.colcon_core.shell[0m [1;30mLevel 1[0m create_environment_hook('micro_ros_agent', 'cmake_prefix_path')
[2.030s] [34mcolcon.colcon_core.shell[0m [1;30mINFO[0m Creating environment hook '/home/geovani/Ne2BU/src/install/micro_ros_agent/share/micro_ros_agent/hook/cmake_prefix_path.ps1'
[2.031s] [34mcolcon.colcon_core.shell[0m [1;30mINFO[0m Creating environment descriptor '/home/geovani/Ne2BU/src/install/micro_ros_agent/share/micro_ros_agent/hook/cmake_prefix_path.dsv'
[2.031s] [34mcolcon.colcon_core.shell[0m [1;30mINFO[0m Creating environment hook '/home/geovani/Ne2BU/src/install/micro_ros_agent/share/micro_ros_agent/hook/cmake_prefix_path.sh'
[2.032s] [34mcolcon.colcon_core.environment[0m [1;30mLevel 1[0m checking '/home/geovani/Ne2BU/src/install/micro_ros_agent/lib'
[2.032s] [34mcolcon.colcon_core.shell[0m [1;30mLevel 1[0m create_environment_hook('micro_ros_agent', 'ld_library_path_lib')
[2.032s] [34mcolcon.colcon_core.shell[0m [1;30mINFO[0m Creating environment hook '/home/geovani/Ne2BU/src/install/micro_ros_agent/share/micro_ros_agent/hook/ld_library_path_lib.ps1'
[2.033s] [34mcolcon.colcon_core.shell[0m [1;30mINFO[0m Creating environment descriptor '/home/geovani/Ne2BU/src/install/micro_ros_agent/share/micro_ros_agent/hook/ld_library_path_lib.dsv'
[2.033s] [34mcolcon.colcon_core.shell[0m [1;30mINFO[0m Creating environment hook '/home/geovani/Ne2BU/src/install/micro_ros_agent/share/micro_ros_agent/hook/ld_library_path_lib.sh'
[2.034s] [34mcolcon.colcon_core.environment[0m [1;30mLevel 1[0m checking '/home/geovani/Ne2BU/src/install/micro_ros_agent/bin'
[2.034s] [34mcolcon.colcon_core.environment[0m [1;30mLevel 1[0m checking '/home/geovani/Ne2BU/src/install/micro_ros_agent/lib/pkgconfig/micro_ros_agent.pc'
[2.034s] [34mcolcon.colcon_core.environment[0m [1;30mLevel 1[0m checking '/home/geovani/Ne2BU/src/install/micro_ros_agent/lib/python3.10/site-packages'
[2.034s] [34mcolcon.colcon_core.environment[0m [1;30mLevel 1[0m checking '/home/geovani/Ne2BU/src/install/micro_ros_agent/bin'
[2.035s] [34mcolcon.colcon_core.shell[0m [1;30mINFO[0m Creating package script '/home/geovani/Ne2BU/src/install/micro_ros_agent/share/micro_ros_agent/package.ps1'
[2.036s] [34mcolcon.colcon_core.shell[0m [1;30mINFO[0m Creating package descriptor '/home/geovani/Ne2BU/src/install/micro_ros_agent/share/micro_ros_agent/package.dsv'
[2.036s] [34mcolcon.colcon_core.shell[0m [1;30mINFO[0m Creating package script '/home/geovani/Ne2BU/src/install/micro_ros_agent/share/micro_ros_agent/package.sh'
[2.037s] [34mcolcon.colcon_core.shell[0m [1;30mINFO[0m Creating package script '/home/geovani/Ne2BU/src/install/micro_ros_agent/share/micro_ros_agent/package.bash'
[2.037s] [34mcolcon.colcon_core.shell[0m [1;30mINFO[0m Creating package script '/home/geovani/Ne2BU/src/install/micro_ros_agent/share/micro_ros_agent/package.zsh'
[2.038s] [34mcolcon.colcon_core.environment[0m [1;30mLevel 1[0m create_file_with_runtime_dependencies(/home/geovani/Ne2BU/src/install/micro_ros_agent/share/colcon-core/packages/micro_ros_agent)
[2.038s] [34mcolcon.colcon_core.environment[0m [1;30mLevel 1[0m create_environment_scripts_only(micro_ros_agent)
[2.039s] [34mcolcon.colcon_core.environment[0m [1;30mLevel 1[0m checking '/home/geovani/Ne2BU/src/install/micro_ros_agent' for CMake module files
[2.039s] [34mcolcon.colcon_core.environment[0m [1;30mLevel 1[0m checking '/home/geovani/Ne2BU/src/install/micro_ros_agent' for CMake config files
[2.040s] [34mcolcon.colcon_core.shell[0m [1;30mLevel 1[0m create_environment_hook('micro_ros_agent', 'cmake_prefix_path')
[2.041s] [34mcolcon.colcon_core.shell[0m [1;30mINFO[0m Creating environment hook '/home/geovani/Ne2BU/src/install/micro_ros_agent/share/micro_ros_agent/hook/cmake_prefix_path.ps1'
[2.041s] [34mcolcon.colcon_core.shell[0m [1;30mINFO[0m Creating environment descriptor '/home/geovani/Ne2BU/src/install/micro_ros_agent/share/micro_ros_agent/hook/cmake_prefix_path.dsv'
[2.042s] [34mcolcon.colcon_core.shell[0m [1;30mINFO[0m Creating environment hook '/home/geovani/Ne2BU/src/install/micro_ros_agent/share/micro_ros_agent/hook/cmake_prefix_path.sh'
[2.042s] [34mcolcon.colcon_core.environment[0m [1;30mLevel 1[0m checking '/home/geovani/Ne2BU/src/install/micro_ros_agent/lib'
[2.042s] [34mcolcon.colcon_core.shell[0m [1;30mLevel 1[0m create_environment_hook('micro_ros_agent', 'ld_library_path_lib')
[2.043s] [34mcolcon.colcon_core.shell[0m [1;30mINFO[0m Creating environment hook '/home/geovani/Ne2BU/src/install/micro_ros_agent/share/micro_ros_agent/hook/ld_library_path_lib.ps1'
[2.043s] [34mcolcon.colcon_core.shell[0m [1;30mINFO[0m Creating environment descriptor '/home/geovani/Ne2BU/src/install/micro_ros_agent/share/micro_ros_agent/hook/ld_library_path_lib.dsv'
[2.044s] [34mcolcon.colcon_core.shell[0m [1;30mINFO[0m Creating environment hook '/home/geovani/Ne2BU/src/install/micro_ros_agent/share/micro_ros_agent/hook/ld_library_path_lib.sh'
[2.044s] [34mcolcon.colcon_core.environment[0m [1;30mLevel 1[0m checking '/home/geovani/Ne2BU/src/install/micro_ros_agent/bin'
[2.044s] [34mcolcon.colcon_core.environment[0m [1;30mLevel 1[0m checking '/home/geovani/Ne2BU/src/install/micro_ros_agent/lib/pkgconfig/micro_ros_agent.pc'
[2.044s] [34mcolcon.colcon_core.environment[0m [1;30mLevel 1[0m checking '/home/geovani/Ne2BU/src/install/micro_ros_agent/lib/python3.10/site-packages'
[2.045s] [34mcolcon.colcon_core.environment[0m [1;30mLevel 1[0m checking '/home/geovani/Ne2BU/src/install/micro_ros_agent/bin'
[2.045s] [34mcolcon.colcon_core.shell[0m [1;30mINFO[0m Creating package script '/home/geovani/Ne2BU/src/install/micro_ros_agent/share/micro_ros_agent/package.ps1'
[2.046s] [34mcolcon.colcon_core.shell[0m [1;30mINFO[0m Creating package descriptor '/home/geovani/Ne2BU/src/install/micro_ros_agent/share/micro_ros_agent/package.dsv'
[2.047s] [34mcolcon.colcon_core.shell[0m [1;30mINFO[0m Creating package script '/home/geovani/Ne2BU/src/install/micro_ros_agent/share/micro_ros_agent/package.sh'
[2.048s] [34mcolcon.colcon_core.shell[0m [1;30mINFO[0m Creating package script '/home/geovani/Ne2BU/src/install/micro_ros_agent/share/micro_ros_agent/package.bash'
[2.049s] [34mcolcon.colcon_core.shell[0m [1;30mINFO[0m Creating package script '/home/geovani/Ne2BU/src/install/micro_ros_agent/share/micro_ros_agent/package.zsh'
[2.049s] [34mcolcon.colcon_core.environment[0m [1;30mLevel 1[0m create_file_with_runtime_dependencies(/home/geovani/Ne2BU/src/install/micro_ros_agent/share/colcon-core/packages/micro_ros_agent)
[2.276s] [34mcolcon.colcon_core.event_handler.log_command[0m [1;30mDEBUG[0m [32mInvoking command in '/home/geovani/Ne2BU/src/main': PYTHONPATH=/home/geovani/Ne2BU/src/build/main/prefix_override:/usr/lib/python3/dist-packages/colcon_core/task/python/colcon_distutils_commands:/home/geovani/Ne2BU/src/install/main/lib/python3.10/site-packages:${PYTHONPATH} /usr/bin/python3 -W ignore:setup.py install is deprecated -W ignore:easy_install command is deprecated setup.py egg_info --egg-base ../build/main build --build-base /home/geovani/Ne2BU/src/build/main/build install --record /home/geovani/Ne2BU/src/build/main/install.log --single-version-externally-managed install_data[0m
[2.662s] [34mcolcon.colcon_core.environment[0m [1;30mLevel 1[0m checking '/home/geovani/Ne2BU/src/install/main' for CMake module files
[2.663s] [34mcolcon.colcon_core.event_handler.log_command[0m [1;30mDEBUG[0m [32mInvoked command in '/home/geovani/Ne2BU/src/main' returned '0': PYTHONPATH=/home/geovani/Ne2BU/src/build/main/prefix_override:/usr/lib/python3/dist-packages/colcon_core/task/python/colcon_distutils_commands:/home/geovani/Ne2BU/src/install/main/lib/python3.10/site-packages:${PYTHONPATH} /usr/bin/python3 -W ignore:setup.py install is deprecated -W ignore:easy_install command is deprecated setup.py egg_info --egg-base ../build/main build --build-base /home/geovani/Ne2BU/src/build/main/build install --record /home/geovani/Ne2BU/src/build/main/install.log --single-version-externally-managed install_data[0m
[2.664s] [34mcolcon.colcon_core.environment[0m [1;30mLevel 1[0m checking '/home/geovani/Ne2BU/src/install/main' for CMake config files
[2.665s] [34mcolcon.colcon_core.environment[0m [1;30mLevel 1[0m checking '/home/geovani/Ne2BU/src/install/main/lib'
[2.665s] [34mcolcon.colcon_core.environment[0m [1;30mLevel 1[0m checking '/home/geovani/Ne2BU/src/install/main/bin'
[2.665s] [34mcolcon.colcon_core.environment[0m [1;30mLevel 1[0m checking '/home/geovani/Ne2BU/src/install/main/lib/pkgconfig/main.pc'
[2.666s] [34mcolcon.colcon_core.environment[0m [1;30mLevel 1[0m checking '/home/geovani/Ne2BU/src/install/main/lib/python3.10/site-packages'
[2.666s] [34mcolcon.colcon_core.shell[0m [1;30mLevel 1[0m create_environment_hook('main', 'pythonpath')
[2.666s] [34mcolcon.colcon_core.shell[0m [1;30mINFO[0m Creating environment hook '/home/geovani/Ne2BU/src/install/main/share/main/hook/pythonpath.ps1'
[2.667s] [34mcolcon.colcon_core.shell[0m [1;30mINFO[0m Creating environment descriptor '/home/geovani/Ne2BU/src/install/main/share/main/hook/pythonpath.dsv'
[2.667s] [34mcolcon.colcon_core.shell[0m [1;30mINFO[0m Creating environment hook '/home/geovani/Ne2BU/src/install/main/share/main/hook/pythonpath.sh'
[2.668s] [34mcolcon.colcon_core.environment[0m [1;30mLevel 1[0m checking '/home/geovani/Ne2BU/src/install/main/bin'
[2.668s] [34mcolcon.colcon_core.environment[0m [1;30mLevel 1[0m create_environment_scripts_only(main)
[2.669s] [34mcolcon.colcon_core.shell[0m [1;30mINFO[0m Creating package script '/home/geovani/Ne2BU/src/install/main/share/main/package.ps1'
[2.669s] [34mcolcon.colcon_core.shell[0m [1;30mINFO[0m Creating package descriptor '/home/geovani/Ne2BU/src/install/main/share/main/package.dsv'
[2.670s] [34mcolcon.colcon_core.shell[0m [1;30mINFO[0m Creating package script '/home/geovani/Ne2BU/src/install/main/share/main/package.sh'
[2.671s] [34mcolcon.colcon_core.shell[0m [1;30mINFO[0m Creating package script '/home/geovani/Ne2BU/src/install/main/share/main/package.bash'
[2.671s] [34mcolcon.colcon_core.shell[0m [1;30mINFO[0m Creating package script '/home/geovani/Ne2BU/src/install/main/share/main/package.zsh'
[2.671s] [34mcolcon.colcon_core.environment[0m [1;30mLevel 1[0m create_file_with_runtime_dependencies(/home/geovani/Ne2BU/src/install/main/share/colcon-core/packages/main)
[2.672s] [34mcolcon.colcon_parallel_executor.executor.parallel[0m [1;30mDEBUG[0m [32mclosing loop[0m
[2.672s] [34mcolcon.colcon_parallel_executor.executor.parallel[0m [1;30mDEBUG[0m [32mloop closed[0m
[2.672s] [34mcolcon.colcon_parallel_executor.executor.parallel[0m [1;30mDEBUG[0m [32mrun_until_complete finished with '0'[0m
[2.672s] [34mcolcon.colcon_core.event_reactor[0m [1;30mDEBUG[0m [32mjoining thread[0m
[2.679s] [34mcolcon.colcon_core.plugin_system[0m [1;30mINFO[0m Skipping extension 'colcon_notification.desktop_notification.terminal_notifier': Not used on non-Darwin systems
[2.679s] [34mcolcon.colcon_core.plugin_system[0m [1;30mINFO[0m Skipping extension 'colcon_notification.desktop_notification.win32': Not used on non-Windows systems
[2.679s] [34mcolcon.colcon_notification.desktop_notification[0m [1;30mINFO[0m Sending desktop notification using 'notify2'
[2.690s] [34mcolcon.colcon_core.event_reactor[0m [1;30mDEBUG[0m [32mjoined thread[0m
[2.691s] [34mcolcon.colcon_core.shell[0m [1;30mINFO[0m Creating prefix script '/home/geovani/Ne2BU/src/install/local_setup.ps1'
[2.692s] [34mcolcon.colcon_core.shell[0m [1;30mINFO[0m Creating prefix util module '/home/geovani/Ne2BU/src/install/_local_setup_util_ps1.py'
[2.694s] [34mcolcon.colcon_core.shell[0m [1;30mINFO[0m Creating prefix chain script '/home/geovani/Ne2BU/src/install/setup.ps1'
[2.695s] [34mcolcon.colcon_core.shell[0m [1;30mINFO[0m Creating prefix script '/home/geovani/Ne2BU/src/install/local_setup.sh'
[2.696s] [34mcolcon.colcon_core.shell[0m [1;30mINFO[0m Creating prefix util module '/home/geovani/Ne2BU/src/install/_local_setup_util_sh.py'
[2.697s] [34mcolcon.colcon_core.shell[0m [1;30mINFO[0m Creating prefix chain script '/home/geovani/Ne2BU/src/install/setup.sh'
[2.699s] [34mcolcon.colcon_core.shell[0m [1;30mINFO[0m Creating prefix script '/home/geovani/Ne2BU/src/install/local_setup.bash'
[2.699s] [34mcolcon.colcon_core.shell[0m [1;30mINFO[0m Creating prefix chain script '/home/geovani/Ne2BU/src/install/setup.bash'
[2.701s] [34mcolcon.colcon_core.shell[0m [1;30mINFO[0m Creating prefix script '/home/geovani/Ne2BU/src/install/local_setup.zsh'
[2.702s] [34mcolcon.colcon_core.shell[0m [1;30mINFO[0m Creating prefix chain script '/home/geovani/Ne2BU/src/install/setup.zsh'
