[0.350s] Invoking command in '/home/geovani/Nebu/src/main': PYTHONPATH=/home/geovani/Nebu/src/build/main/prefix_override:/usr/lib/python3/dist-packages/colcon_core/task/python/colcon_distutils_commands:/home/geovani/Nebu/src/install/main/lib/python3.10/site-packages:${PYTHONPATH} /usr/bin/python3 -W ignore:setup.py install is deprecated -W ignore:easy_install command is deprecated setup.py egg_info --egg-base ../build/main build --build-base /home/geovani/Nebu/src/build/main/build install --record /home/geovani/Nebu/src/build/main/install.log --single-version-externally-managed install_data
[0.489s] running egg_info
[0.489s] creating ../build/main/main.egg-info
[0.489s] writing ../build/main/main.egg-info/PKG-INFO
[0.489s] writing dependency_links to ../build/main/main.egg-info/dependency_links.txt
[0.489s] writing entry points to ../build/main/main.egg-info/entry_points.txt
[0.489s] writing requirements to ../build/main/main.egg-info/requires.txt
[0.489s] writing top-level names to ../build/main/main.egg-info/top_level.txt
[0.489s] writing manifest file '../build/main/main.egg-info/SOURCES.txt'
[0.490s] reading manifest file '../build/main/main.egg-info/SOURCES.txt'
[0.490s] writing manifest file '../build/main/main.egg-info/SOURCES.txt'
[0.491s] running build
[0.491s] running build_py
[0.491s] creating /home/geovani/Nebu/src/build/main/build
[0.491s] creating /home/geovani/Nebu/src/build/main/build/lib
[0.491s] creating /home/geovani/Nebu/src/build/main/build/lib/main
[0.491s] copying main/__init__.py -> /home/geovani/Nebu/src/build/main/build/lib/main
[0.491s] copying main/prueba.py -> /home/geovani/Nebu/src/build/main/build/lib/main
[0.491s] running install
[0.491s] running install_lib
[0.491s] creating /home/geovani/Nebu/src/install/main/lib/python3.10/site-packages/main
[0.491s] copying /home/geovani/Nebu/src/build/main/build/lib/main/__init__.py -> /home/geovani/Nebu/src/install/main/lib/python3.10/site-packages/main
[0.491s] copying /home/geovani/Nebu/src/build/main/build/lib/main/prueba.py -> /home/geovani/Nebu/src/install/main/lib/python3.10/site-packages/main
[0.492s] byte-compiling /home/geovani/Nebu/src/install/main/lib/python3.10/site-packages/main/__init__.py to __init__.cpython-310.pyc
[0.492s] byte-compiling /home/geovani/Nebu/src/install/main/lib/python3.10/site-packages/main/prueba.py to prueba.cpython-310.pyc
[0.492s] running install_data
[0.492s] creating /home/geovani/Nebu/src/install/main/share/ament_index
[0.492s] creating /home/geovani/Nebu/src/install/main/share/ament_index/resource_index
[0.492s] creating /home/geovani/Nebu/src/install/main/share/ament_index/resource_index/packages
[0.492s] copying resource/main -> /home/geovani/Nebu/src/install/main/share/ament_index/resource_index/packages
[0.492s] copying package.xml -> /home/geovani/Nebu/src/install/main/share/main
[0.492s] running install_egg_info
[0.493s] Copying ../build/main/main.egg-info to /home/geovani/Nebu/src/install/main/lib/python3.10/site-packages/main-0.0.0-py3.10.egg-info
[0.493s] running install_scripts
[0.506s] Installing prueba script to /home/geovani/Nebu/src/install/main/lib/main
[0.506s] writing list of installed files to '/home/geovani/Nebu/src/build/main/install.log'
[0.519s] Invoked command in '/home/geovani/Nebu/src/main' returned '0': PYTHONPATH=/home/geovani/Nebu/src/build/main/prefix_override:/usr/lib/python3/dist-packages/colcon_core/task/python/colcon_distutils_commands:/home/geovani/Nebu/src/install/main/lib/python3.10/site-packages:${PYTHONPATH} /usr/bin/python3 -W ignore:setup.py install is deprecated -W ignore:easy_install command is deprecated setup.py egg_info --egg-base ../build/main build --build-base /home/geovani/Nebu/src/build/main/build install --record /home/geovani/Nebu/src/build/main/install.log --single-version-externally-managed install_data
