[0.014s] Invoking command in '/home/geovani/Ne2BU/src/build/micro_ros_msgs': CMAKE_PREFIX_PATH=${CMAKE_PREFIX_PATH}:/home/geovani/Ne2BU/install/main:/home/geovani/Ne2BU/src/install/main:/opt/ros/humble /usr/bin/cmake /home/geovani/Ne2BU/src/uros/micro_ros_msgs -DCMAKE_INSTALL_PREFIX=/home/geovani/Ne2BU/src/install/micro_ros_msgs
[0.234s] -- The C compiler identification is GNU 11.4.0
[0.234s] -- The CXX compiler identification is GNU 11.4.0
[0.234s] -- Detecting C compiler ABI info
[0.234s] -- Detecting C compiler ABI info - done
[0.234s] -- Check for working C compiler: /usr/bin/cc - skipped
[0.234s] -- Detecting C compile features
[0.234s] -- Detecting C compile features - done
[0.234s] -- Detecting CXX compiler ABI info
[0.256s] -- Detecting CXX compiler ABI info - done
[0.261s] -- Check for working CXX compiler: /usr/bin/c++ - skipped
[0.262s] -- Detecting CXX compile features
[0.262s] -- Detecting CXX compile features - done
[0.264s] -- Found ament_cmake: 1.3.12 (/opt/ros/humble/share/ament_cmake/cmake)
[0.399s] -- Found Python3: /usr/bin/python3 (found version "3.10.12") found components: Interpreter 
[0.482s] -- Found rosidl_default_generators: 1.2.0 (/opt/ros/humble/share/rosidl_default_generators/cmake)
[0.485s] -- Using all available rosidl_typesupport_c: rosidl_typesupport_fastrtps_c;rosidl_typesupport_introspection_c
[0.490s] -- Found rosidl_adapter: 3.1.7 (/opt/ros/humble/share/rosidl_adapter/cmake)
[0.522s] -- Using all available rosidl_typesupport_cpp: rosidl_typesupport_fastrtps_cpp;rosidl_typesupport_introspection_cpp
[0.549s] -- Found ament_lint_auto: 0.12.14 (/opt/ros/humble/share/ament_lint_auto/cmake)
[0.781s] -- Found ament_cmake_ros: 0.10.0 (/opt/ros/humble/share/ament_cmake_ros/cmake)
[0.940s] -- Using all available rosidl_typesupport_c: rosidl_typesupport_fastrtps_c;rosidl_typesupport_introspection_c
[1.183s] -- Using all available rosidl_typesupport_cpp: rosidl_typesupport_fastrtps_cpp;rosidl_typesupport_introspection_cpp
[1.217s] -- Found PythonInterp: /usr/bin/python3 (found suitable version "3.10.12", minimum required is "3.6") 
[1.220s] -- Found python_cmake_module: 0.10.0 (/opt/ros/humble/share/python_cmake_module/cmake)
[1.261s] -- Found PythonLibs: /usr/lib/x86_64-linux-gnu/libpython3.10.so (found suitable version "3.10.12", minimum required is "3.5") 
[1.262s] -- Using PYTHON_EXECUTABLE: /usr/bin/python3
[1.262s] -- Using PYTHON_INCLUDE_DIRS: /usr/include/python3.10
[1.262s] -- Using PYTHON_LIBRARIES: /usr/lib/x86_64-linux-gnu/libpython3.10.so
[1.294s] -- Found PythonExtra: .so  
[1.332s] -- Added test 'copyright' to check source files copyright and LICENSE
[1.336s] -- Added test 'lint_cmake' to check CMake code style
[1.338s] -- Added test 'xmllint' to check XML markup files
[1.344s] -- Configuring done
[1.363s] -- Generating done
[1.369s] -- Build files have been written to: /home/geovani/Ne2BU/src/build/micro_ros_msgs
[1.374s] Invoked command in '/home/geovani/Ne2BU/src/build/micro_ros_msgs' returned '0': CMAKE_PREFIX_PATH=${CMAKE_PREFIX_PATH}:/home/geovani/Ne2BU/install/main:/home/geovani/Ne2BU/src/install/main:/opt/ros/humble /usr/bin/cmake /home/geovani/Ne2BU/src/uros/micro_ros_msgs -DCMAKE_INSTALL_PREFIX=/home/geovani/Ne2BU/src/install/micro_ros_msgs
[1.375s] Invoking command in '/home/geovani/Ne2BU/src/build/micro_ros_msgs': CMAKE_PREFIX_PATH=${CMAKE_PREFIX_PATH}:/home/geovani/Ne2BU/install/main:/home/geovani/Ne2BU/src/install/main:/opt/ros/humble /usr/bin/cmake --build /home/geovani/Ne2BU/src/build/micro_ros_msgs -- -j16 -l16
[1.432s] [  2%] [34m[1mGenerating C code for ROS interfaces[0m
[1.455s] [  4%] [34m[1mGenerating C++ code for ROS interfaces[0m
[1.464s] [  4%] Built target ament_cmake_python_copy_micro_ros_msgs
[1.660s] running egg_info
[1.660s] creating micro_ros_msgs.egg-info
[1.661s] writing micro_ros_msgs.egg-info/PKG-INFO
[1.661s] writing dependency_links to micro_ros_msgs.egg-info/dependency_links.txt
[1.661s] writing top-level names to micro_ros_msgs.egg-info/top_level.txt
[1.661s] writing manifest file 'micro_ros_msgs.egg-info/SOURCES.txt'
[1.662s] reading manifest file 'micro_ros_msgs.egg-info/SOURCES.txt'
[1.663s] writing manifest file 'micro_ros_msgs.egg-info/SOURCES.txt'
[1.684s] [  4%] Built target ament_cmake_python_build_micro_ros_msgs_egg
[1.741s] [ 10%] [32mBuilding C object CMakeFiles/micro_ros_msgs__rosidl_generator_c.dir/rosidl_generator_c/micro_ros_msgs/msg/detail/entity__functions.c.o[0m
[1.742s] [ 10%] [32mBuilding C object CMakeFiles/micro_ros_msgs__rosidl_generator_c.dir/rosidl_generator_c/micro_ros_msgs/msg/detail/node__functions.c.o[0m
[1.742s] [ 10%] [32mBuilding C object CMakeFiles/micro_ros_msgs__rosidl_generator_c.dir/rosidl_generator_c/micro_ros_msgs/msg/detail/graph__functions.c.o[0m
[1.745s] [ 10%] Built target micro_ros_msgs__cpp
[1.753s] [ 12%] [34m[1mGenerating C++ type support dispatch for ROS interfaces[0m
[1.754s] [ 14%] [34m[1mGenerating C++ introspection for ROS interfaces[0m
[1.755s] [ 17%] [34m[1mGenerating C++ type support for eProsima Fast-RTPS[0m
[1.795s] [ 19%] [32m[1mLinking C shared library libmicro_ros_msgs__rosidl_generator_c.so[0m
[1.824s] [ 19%] Built target micro_ros_msgs__rosidl_generator_c
[1.832s] [ 21%] [34m[1mGenerating C type support for eProsima Fast-RTPS[0m
[1.832s] [ 23%] [34m[1mGenerating C type support dispatch for ROS interfaces[0m
[1.834s] [ 25%] [34m[1mGenerating C introspection for ROS interfaces[0m
[2.023s] [ 27%] [32mBuilding CXX object CMakeFiles/micro_ros_msgs__rosidl_typesupport_introspection_cpp.dir/rosidl_typesupport_introspection_cpp/micro_ros_msgs/msg/detail/graph__type_support.cpp.o[0m
[2.023s] [ 29%] [32mBuilding CXX object CMakeFiles/micro_ros_msgs__rosidl_typesupport_introspection_cpp.dir/rosidl_typesupport_introspection_cpp/micro_ros_msgs/msg/detail/entity__type_support.cpp.o[0m
[2.026s] [ 31%] [32mBuilding CXX object CMakeFiles/micro_ros_msgs__rosidl_typesupport_introspection_cpp.dir/rosidl_typesupport_introspection_cpp/micro_ros_msgs/msg/detail/node__type_support.cpp.o[0m
[2.041s] [ 34%] [32mBuilding CXX object CMakeFiles/micro_ros_msgs__rosidl_typesupport_cpp.dir/rosidl_typesupport_cpp/micro_ros_msgs/msg/graph__type_support.cpp.o[0m
[2.042s] [ 36%] [32mBuilding CXX object CMakeFiles/micro_ros_msgs__rosidl_typesupport_cpp.dir/rosidl_typesupport_cpp/micro_ros_msgs/msg/entity__type_support.cpp.o[0m
[2.043s] [ 38%] [32mBuilding CXX object CMakeFiles/micro_ros_msgs__rosidl_typesupport_cpp.dir/rosidl_typesupport_cpp/micro_ros_msgs/msg/node__type_support.cpp.o[0m
[2.077s] [ 40%] [32mBuilding CXX object CMakeFiles/micro_ros_msgs__rosidl_typesupport_c.dir/rosidl_typesupport_c/micro_ros_msgs/msg/graph__type_support.cpp.o[0m
[2.077s] [ 42%] [32mBuilding CXX object CMakeFiles/micro_ros_msgs__rosidl_typesupport_c.dir/rosidl_typesupport_c/micro_ros_msgs/msg/entity__type_support.cpp.o[0m
[2.077s] [ 44%] [32mBuilding CXX object CMakeFiles/micro_ros_msgs__rosidl_typesupport_c.dir/rosidl_typesupport_c/micro_ros_msgs/msg/node__type_support.cpp.o[0m
[2.078s] [ 46%] [32mBuilding CXX object CMakeFiles/micro_ros_msgs__rosidl_typesupport_fastrtps_cpp.dir/rosidl_typesupport_fastrtps_cpp/micro_ros_msgs/msg/detail/dds_fastrtps/graph__type_support.cpp.o[0m
[2.078s] [ 48%] [32mBuilding CXX object CMakeFiles/micro_ros_msgs__rosidl_typesupport_fastrtps_cpp.dir/rosidl_typesupport_fastrtps_cpp/micro_ros_msgs/msg/detail/dds_fastrtps/entity__type_support.cpp.o[0m
[2.079s] [ 51%] [32mBuilding CXX object CMakeFiles/micro_ros_msgs__rosidl_typesupport_fastrtps_cpp.dir/rosidl_typesupport_fastrtps_cpp/micro_ros_msgs/msg/detail/dds_fastrtps/node__type_support.cpp.o[0m
[2.117s] [ 53%] [32m[1mLinking CXX shared library libmicro_ros_msgs__rosidl_typesupport_c.so[0m
[2.131s] [ 55%] [32mBuilding C object CMakeFiles/micro_ros_msgs__rosidl_typesupport_introspection_c.dir/rosidl_typesupport_introspection_c/micro_ros_msgs/msg/detail/node__type_support.c.o[0m
[2.132s] [ 57%] [32mBuilding C object CMakeFiles/micro_ros_msgs__rosidl_typesupport_introspection_c.dir/rosidl_typesupport_introspection_c/micro_ros_msgs/msg/detail/graph__type_support.c.o[0m
[2.132s] [ 59%] [32mBuilding C object CMakeFiles/micro_ros_msgs__rosidl_typesupport_introspection_c.dir/rosidl_typesupport_introspection_c/micro_ros_msgs/msg/detail/entity__type_support.c.o[0m
[2.150s] [ 61%] [32mBuilding CXX object CMakeFiles/micro_ros_msgs__rosidl_typesupport_fastrtps_c.dir/rosidl_typesupport_fastrtps_c/micro_ros_msgs/msg/detail/node__type_support_c.cpp.o[0m
[2.152s] [ 63%] [32mBuilding CXX object CMakeFiles/micro_ros_msgs__rosidl_typesupport_fastrtps_c.dir/rosidl_typesupport_fastrtps_c/micro_ros_msgs/msg/detail/graph__type_support_c.cpp.o[0m
[2.159s] [ 65%] [32mBuilding CXX object CMakeFiles/micro_ros_msgs__rosidl_typesupport_fastrtps_c.dir/rosidl_typesupport_fastrtps_c/micro_ros_msgs/msg/detail/entity__type_support_c.cpp.o[0m
[2.176s] [ 65%] Built target micro_ros_msgs__rosidl_typesupport_c
[2.196s] [ 68%] [32m[1mLinking C shared library libmicro_ros_msgs__rosidl_typesupport_introspection_c.so[0m
[2.246s] [ 68%] Built target micro_ros_msgs__rosidl_typesupport_introspection_c
[2.422s] [ 70%] [32m[1mLinking CXX shared library libmicro_ros_msgs__rosidl_typesupport_cpp.so[0m
[2.463s] [ 70%] Built target micro_ros_msgs__rosidl_typesupport_cpp
[2.554s] [ 72%] [32m[1mLinking CXX shared library libmicro_ros_msgs__rosidl_typesupport_fastrtps_c.so[0m
[2.560s] [ 74%] [32m[1mLinking CXX shared library libmicro_ros_msgs__rosidl_typesupport_fastrtps_cpp.so[0m
[2.618s] [ 74%] Built target micro_ros_msgs__rosidl_typesupport_fastrtps_c
[2.624s] [ 76%] [32m[1mLinking CXX shared library libmicro_ros_msgs__rosidl_typesupport_introspection_cpp.so[0m
[2.625s] [ 76%] Built target micro_ros_msgs__rosidl_typesupport_fastrtps_cpp
[2.690s] [ 76%] Built target micro_ros_msgs__rosidl_typesupport_introspection_cpp
[2.720s] [ 76%] Built target micro_ros_msgs
[2.740s] [ 78%] [34m[1mGenerating Python code for ROS interfaces[0m
[3.093s] [ 78%] Built target micro_ros_msgs__py
[3.112s] [ 80%] [32mBuilding C object CMakeFiles/micro_ros_msgs__rosidl_generator_py.dir/rosidl_generator_py/micro_ros_msgs/msg/_entity_s.c.o[0m
[3.114s] [ 85%] [32mBuilding C object CMakeFiles/micro_ros_msgs__rosidl_generator_py.dir/rosidl_generator_py/micro_ros_msgs/msg/_graph_s.c.o[0m
[3.114s] [ 85%] [32mBuilding C object CMakeFiles/micro_ros_msgs__rosidl_generator_py.dir/rosidl_generator_py/micro_ros_msgs/msg/_node_s.c.o[0m
[3.190s] [ 87%] [32m[1mLinking C shared library rosidl_generator_py/micro_ros_msgs/libmicro_ros_msgs__rosidl_generator_py.so[0m
[3.231s] [ 87%] Built target micro_ros_msgs__rosidl_generator_py
[3.251s] [ 89%] [32mBuilding C object CMakeFiles/micro_ros_msgs__rosidl_typesupport_fastrtps_c__pyext.dir/rosidl_generator_py/micro_ros_msgs/_micro_ros_msgs_s.ep.rosidl_typesupport_fastrtps_c.c.o[0m
[3.251s] [ 91%] [32mBuilding C object CMakeFiles/micro_ros_msgs__rosidl_typesupport_c__pyext.dir/rosidl_generator_py/micro_ros_msgs/_micro_ros_msgs_s.ep.rosidl_typesupport_c.c.o[0m
[3.253s] [ 93%] [32mBuilding C object CMakeFiles/micro_ros_msgs__rosidl_typesupport_introspection_c__pyext.dir/rosidl_generator_py/micro_ros_msgs/_micro_ros_msgs_s.ep.rosidl_typesupport_introspection_c.c.o[0m
[3.326s] [ 95%] [32m[1mLinking C shared library rosidl_generator_py/micro_ros_msgs/micro_ros_msgs_s__rosidl_typesupport_introspection_c.cpython-310-x86_64-linux-gnu.so[0m
[3.327s] [ 97%] [32m[1mLinking C shared library rosidl_generator_py/micro_ros_msgs/micro_ros_msgs_s__rosidl_typesupport_c.cpython-310-x86_64-linux-gnu.so[0m
[3.333s] [100%] [32m[1mLinking C shared library rosidl_generator_py/micro_ros_msgs/micro_ros_msgs_s__rosidl_typesupport_fastrtps_c.cpython-310-x86_64-linux-gnu.so[0m
[3.352s] [100%] Built target micro_ros_msgs__rosidl_typesupport_c__pyext
[3.352s] [100%] Built target micro_ros_msgs__rosidl_typesupport_introspection_c__pyext
[3.363s] [100%] Built target micro_ros_msgs__rosidl_typesupport_fastrtps_c__pyext
[3.374s] Invoked command in '/home/geovani/Ne2BU/src/build/micro_ros_msgs' returned '0': CMAKE_PREFIX_PATH=${CMAKE_PREFIX_PATH}:/home/geovani/Ne2BU/install/main:/home/geovani/Ne2BU/src/install/main:/opt/ros/humble /usr/bin/cmake --build /home/geovani/Ne2BU/src/build/micro_ros_msgs -- -j16 -l16
[3.376s] Invoking command in '/home/geovani/Ne2BU/src/build/micro_ros_msgs': CMAKE_PREFIX_PATH=${CMAKE_PREFIX_PATH}:/home/geovani/Ne2BU/install/main:/home/geovani/Ne2BU/src/install/main:/opt/ros/humble /usr/bin/cmake --install /home/geovani/Ne2BU/src/build/micro_ros_msgs
[3.386s] -- Install configuration: ""
[3.386s] -- Installing: /home/geovani/Ne2BU/src/install/micro_ros_msgs/share/ament_index/resource_index/rosidl_interfaces/micro_ros_msgs
[3.386s] -- Installing: /home/geovani/Ne2BU/src/install/micro_ros_msgs/include/micro_ros_msgs/micro_ros_msgs
[3.386s] -- Installing: /home/geovani/Ne2BU/src/install/micro_ros_msgs/include/micro_ros_msgs/micro_ros_msgs/msg
[3.386s] -- Installing: /home/geovani/Ne2BU/src/install/micro_ros_msgs/include/micro_ros_msgs/micro_ros_msgs/msg/rosidl_generator_c__visibility_control.h
[3.386s] -- Installing: /home/geovani/Ne2BU/src/install/micro_ros_msgs/include/micro_ros_msgs/micro_ros_msgs/msg/entity.h
[3.386s] -- Installing: /home/geovani/Ne2BU/src/install/micro_ros_msgs/include/micro_ros_msgs/micro_ros_msgs/msg/graph.h
[3.387s] -- Installing: /home/geovani/Ne2BU/src/install/micro_ros_msgs/include/micro_ros_msgs/micro_ros_msgs/msg/node.h
[3.387s] -- Installing: /home/geovani/Ne2BU/src/install/micro_ros_msgs/include/micro_ros_msgs/micro_ros_msgs/msg/detail
[3.387s] -- Installing: /home/geovani/Ne2BU/src/install/micro_ros_msgs/include/micro_ros_msgs/micro_ros_msgs/msg/detail/entity__functions.h
[3.387s] -- Installing: /home/geovani/Ne2BU/src/install/micro_ros_msgs/include/micro_ros_msgs/micro_ros_msgs/msg/detail/graph__type_support.h
[3.387s] -- Installing: /home/geovani/Ne2BU/src/install/micro_ros_msgs/include/micro_ros_msgs/micro_ros_msgs/msg/detail/node__functions.h
[3.387s] -- Installing: /home/geovani/Ne2BU/src/install/micro_ros_msgs/include/micro_ros_msgs/micro_ros_msgs/msg/detail/entity__functions.c
[3.387s] -- Installing: /home/geovani/Ne2BU/src/install/micro_ros_msgs/include/micro_ros_msgs/micro_ros_msgs/msg/detail/entity__type_support.h
[3.387s] -- Installing: /home/geovani/Ne2BU/src/install/micro_ros_msgs/include/micro_ros_msgs/micro_ros_msgs/msg/detail/node__type_support.h
[3.387s] -- Installing: /home/geovani/Ne2BU/src/install/micro_ros_msgs/include/micro_ros_msgs/micro_ros_msgs/msg/detail/entity__struct.h
[3.387s] -- Installing: /home/geovani/Ne2BU/src/install/micro_ros_msgs/include/micro_ros_msgs/micro_ros_msgs/msg/detail/graph__struct.h
[3.388s] -- Installing: /home/geovani/Ne2BU/src/install/micro_ros_msgs/include/micro_ros_msgs/micro_ros_msgs/msg/detail/graph__functions.c
[3.388s] -- Installing: /home/geovani/Ne2BU/src/install/micro_ros_msgs/include/micro_ros_msgs/micro_ros_msgs/msg/detail/node__functions.c
[3.388s] -- Installing: /home/geovani/Ne2BU/src/install/micro_ros_msgs/include/micro_ros_msgs/micro_ros_msgs/msg/detail/node__struct.h
[3.388s] -- Installing: /home/geovani/Ne2BU/src/install/micro_ros_msgs/include/micro_ros_msgs/micro_ros_msgs/msg/detail/graph__functions.h
[3.388s] -- Installing: /home/geovani/Ne2BU/src/install/micro_ros_msgs/share/micro_ros_msgs/environment/library_path.sh
[3.388s] -- Installing: /home/geovani/Ne2BU/src/install/micro_ros_msgs/share/micro_ros_msgs/environment/library_path.dsv
[3.388s] -- Installing: /home/geovani/Ne2BU/src/install/micro_ros_msgs/lib/libmicro_ros_msgs__rosidl_generator_c.so
[3.388s] -- Set runtime path of "/home/geovani/Ne2BU/src/install/micro_ros_msgs/lib/libmicro_ros_msgs__rosidl_generator_c.so" to ""
[3.388s] -- Up-to-date: /home/geovani/Ne2BU/src/install/micro_ros_msgs/include/micro_ros_msgs/micro_ros_msgs
[3.388s] -- Up-to-date: /home/geovani/Ne2BU/src/install/micro_ros_msgs/include/micro_ros_msgs/micro_ros_msgs/msg
[3.388s] -- Installing: /home/geovani/Ne2BU/src/install/micro_ros_msgs/include/micro_ros_msgs/micro_ros_msgs/msg/rosidl_typesupport_fastrtps_c__visibility_control.h
[3.388s] -- Up-to-date: /home/geovani/Ne2BU/src/install/micro_ros_msgs/include/micro_ros_msgs/micro_ros_msgs/msg/detail
[3.388s] -- Installing: /home/geovani/Ne2BU/src/install/micro_ros_msgs/include/micro_ros_msgs/micro_ros_msgs/msg/detail/graph__rosidl_typesupport_fastrtps_c.h
[3.388s] -- Installing: /home/geovani/Ne2BU/src/install/micro_ros_msgs/include/micro_ros_msgs/micro_ros_msgs/msg/detail/entity__rosidl_typesupport_fastrtps_c.h
[3.388s] -- Installing: /home/geovani/Ne2BU/src/install/micro_ros_msgs/include/micro_ros_msgs/micro_ros_msgs/msg/detail/node__rosidl_typesupport_fastrtps_c.h
[3.389s] -- Installing: /home/geovani/Ne2BU/src/install/micro_ros_msgs/lib/libmicro_ros_msgs__rosidl_typesupport_fastrtps_c.so
[3.389s] -- Set runtime path of "/home/geovani/Ne2BU/src/install/micro_ros_msgs/lib/libmicro_ros_msgs__rosidl_typesupport_fastrtps_c.so" to ""
[3.389s] -- Up-to-date: /home/geovani/Ne2BU/src/install/micro_ros_msgs/include/micro_ros_msgs/micro_ros_msgs
[3.389s] -- Up-to-date: /home/geovani/Ne2BU/src/install/micro_ros_msgs/include/micro_ros_msgs/micro_ros_msgs/msg
[3.389s] -- Installing: /home/geovani/Ne2BU/src/install/micro_ros_msgs/include/micro_ros_msgs/micro_ros_msgs/msg/rosidl_typesupport_introspection_c__visibility_control.h
[3.389s] -- Up-to-date: /home/geovani/Ne2BU/src/install/micro_ros_msgs/include/micro_ros_msgs/micro_ros_msgs/msg/detail
[3.389s] -- Installing: /home/geovani/Ne2BU/src/install/micro_ros_msgs/include/micro_ros_msgs/micro_ros_msgs/msg/detail/graph__rosidl_typesupport_introspection_c.h
[3.390s] -- Installing: /home/geovani/Ne2BU/src/install/micro_ros_msgs/include/micro_ros_msgs/micro_ros_msgs/msg/detail/graph__type_support.c
[3.390s] -- Installing: /home/geovani/Ne2BU/src/install/micro_ros_msgs/include/micro_ros_msgs/micro_ros_msgs/msg/detail/entity__type_support.c
[3.390s] -- Installing: /home/geovani/Ne2BU/src/install/micro_ros_msgs/include/micro_ros_msgs/micro_ros_msgs/msg/detail/node__type_support.c
[3.390s] -- Installing: /home/geovani/Ne2BU/src/install/micro_ros_msgs/include/micro_ros_msgs/micro_ros_msgs/msg/detail/entity__rosidl_typesupport_introspection_c.h
[3.390s] -- Installing: /home/geovani/Ne2BU/src/install/micro_ros_msgs/include/micro_ros_msgs/micro_ros_msgs/msg/detail/node__rosidl_typesupport_introspection_c.h
[3.390s] -- Installing: /home/geovani/Ne2BU/src/install/micro_ros_msgs/lib/libmicro_ros_msgs__rosidl_typesupport_introspection_c.so
[3.391s] -- Set runtime path of "/home/geovani/Ne2BU/src/install/micro_ros_msgs/lib/libmicro_ros_msgs__rosidl_typesupport_introspection_c.so" to ""
[3.391s] -- Installing: /home/geovani/Ne2BU/src/install/micro_ros_msgs/lib/libmicro_ros_msgs__rosidl_typesupport_c.so
[3.391s] -- Set runtime path of "/home/geovani/Ne2BU/src/install/micro_ros_msgs/lib/libmicro_ros_msgs__rosidl_typesupport_c.so" to ""
[3.391s] -- Up-to-date: /home/geovani/Ne2BU/src/install/micro_ros_msgs/include/micro_ros_msgs/micro_ros_msgs
[3.391s] -- Up-to-date: /home/geovani/Ne2BU/src/install/micro_ros_msgs/include/micro_ros_msgs/micro_ros_msgs/msg
[3.391s] -- Installing: /home/geovani/Ne2BU/src/install/micro_ros_msgs/include/micro_ros_msgs/micro_ros_msgs/msg/rosidl_generator_cpp__visibility_control.hpp
[3.391s] -- Up-to-date: /home/geovani/Ne2BU/src/install/micro_ros_msgs/include/micro_ros_msgs/micro_ros_msgs/msg/detail
[3.391s] -- Installing: /home/geovani/Ne2BU/src/install/micro_ros_msgs/include/micro_ros_msgs/micro_ros_msgs/msg/detail/graph__type_support.hpp
[3.391s] -- Installing: /home/geovani/Ne2BU/src/install/micro_ros_msgs/include/micro_ros_msgs/micro_ros_msgs/msg/detail/node__type_support.hpp
[3.392s] -- Installing: /home/geovani/Ne2BU/src/install/micro_ros_msgs/include/micro_ros_msgs/micro_ros_msgs/msg/detail/entity__type_support.hpp
[3.392s] -- Installing: /home/geovani/Ne2BU/src/install/micro_ros_msgs/include/micro_ros_msgs/micro_ros_msgs/msg/detail/node__traits.hpp
[3.392s] -- Installing: /home/geovani/Ne2BU/src/install/micro_ros_msgs/include/micro_ros_msgs/micro_ros_msgs/msg/detail/node__struct.hpp
[3.392s] -- Installing: /home/geovani/Ne2BU/src/install/micro_ros_msgs/include/micro_ros_msgs/micro_ros_msgs/msg/detail/graph__builder.hpp
[3.392s] -- Installing: /home/geovani/Ne2BU/src/install/micro_ros_msgs/include/micro_ros_msgs/micro_ros_msgs/msg/detail/graph__traits.hpp
[3.392s] -- Installing: /home/geovani/Ne2BU/src/install/micro_ros_msgs/include/micro_ros_msgs/micro_ros_msgs/msg/detail/entity__struct.hpp
[3.392s] -- Installing: /home/geovani/Ne2BU/src/install/micro_ros_msgs/include/micro_ros_msgs/micro_ros_msgs/msg/detail/node__builder.hpp
[3.392s] -- Installing: /home/geovani/Ne2BU/src/install/micro_ros_msgs/include/micro_ros_msgs/micro_ros_msgs/msg/detail/graph__struct.hpp
[3.392s] -- Installing: /home/geovani/Ne2BU/src/install/micro_ros_msgs/include/micro_ros_msgs/micro_ros_msgs/msg/detail/entity__builder.hpp
[3.392s] -- Installing: /home/geovani/Ne2BU/src/install/micro_ros_msgs/include/micro_ros_msgs/micro_ros_msgs/msg/detail/entity__traits.hpp
[3.392s] -- Installing: /home/geovani/Ne2BU/src/install/micro_ros_msgs/include/micro_ros_msgs/micro_ros_msgs/msg/node.hpp
[3.392s] -- Installing: /home/geovani/Ne2BU/src/install/micro_ros_msgs/include/micro_ros_msgs/micro_ros_msgs/msg/graph.hpp
[3.392s] -- Installing: /home/geovani/Ne2BU/src/install/micro_ros_msgs/include/micro_ros_msgs/micro_ros_msgs/msg/entity.hpp
[3.392s] -- Up-to-date: /home/geovani/Ne2BU/src/install/micro_ros_msgs/include/micro_ros_msgs/micro_ros_msgs
[3.392s] -- Up-to-date: /home/geovani/Ne2BU/src/install/micro_ros_msgs/include/micro_ros_msgs/micro_ros_msgs/msg
[3.392s] -- Installing: /home/geovani/Ne2BU/src/install/micro_ros_msgs/include/micro_ros_msgs/micro_ros_msgs/msg/rosidl_typesupport_fastrtps_cpp__visibility_control.h
[3.392s] -- Up-to-date: /home/geovani/Ne2BU/src/install/micro_ros_msgs/include/micro_ros_msgs/micro_ros_msgs/msg/detail
[3.392s] -- Installing: /home/geovani/Ne2BU/src/install/micro_ros_msgs/include/micro_ros_msgs/micro_ros_msgs/msg/detail/graph__rosidl_typesupport_fastrtps_cpp.hpp
[3.392s] -- Installing: /home/geovani/Ne2BU/src/install/micro_ros_msgs/include/micro_ros_msgs/micro_ros_msgs/msg/detail/dds_fastrtps
[3.392s] -- Installing: /home/geovani/Ne2BU/src/install/micro_ros_msgs/include/micro_ros_msgs/micro_ros_msgs/msg/detail/node__rosidl_typesupport_fastrtps_cpp.hpp
[3.392s] -- Installing: /home/geovani/Ne2BU/src/install/micro_ros_msgs/include/micro_ros_msgs/micro_ros_msgs/msg/detail/entity__rosidl_typesupport_fastrtps_cpp.hpp
[3.392s] -- Installing: /home/geovani/Ne2BU/src/install/micro_ros_msgs/lib/libmicro_ros_msgs__rosidl_typesupport_fastrtps_cpp.so
[3.393s] -- Set runtime path of "/home/geovani/Ne2BU/src/install/micro_ros_msgs/lib/libmicro_ros_msgs__rosidl_typesupport_fastrtps_cpp.so" to ""
[3.393s] -- Up-to-date: /home/geovani/Ne2BU/src/install/micro_ros_msgs/include/micro_ros_msgs/micro_ros_msgs
[3.393s] -- Up-to-date: /home/geovani/Ne2BU/src/install/micro_ros_msgs/include/micro_ros_msgs/micro_ros_msgs/msg
[3.393s] -- Up-to-date: /home/geovani/Ne2BU/src/install/micro_ros_msgs/include/micro_ros_msgs/micro_ros_msgs/msg/detail
[3.393s] -- Installing: /home/geovani/Ne2BU/src/install/micro_ros_msgs/include/micro_ros_msgs/micro_ros_msgs/msg/detail/node__rosidl_typesupport_introspection_cpp.hpp
[3.393s] -- Installing: /home/geovani/Ne2BU/src/install/micro_ros_msgs/include/micro_ros_msgs/micro_ros_msgs/msg/detail/node__type_support.cpp
[3.393s] -- Installing: /home/geovani/Ne2BU/src/install/micro_ros_msgs/include/micro_ros_msgs/micro_ros_msgs/msg/detail/graph__rosidl_typesupport_introspection_cpp.hpp
[3.393s] -- Installing: /home/geovani/Ne2BU/src/install/micro_ros_msgs/include/micro_ros_msgs/micro_ros_msgs/msg/detail/entity__type_support.cpp
[3.393s] -- Installing: /home/geovani/Ne2BU/src/install/micro_ros_msgs/include/micro_ros_msgs/micro_ros_msgs/msg/detail/graph__type_support.cpp
[3.393s] -- Installing: /home/geovani/Ne2BU/src/install/micro_ros_msgs/include/micro_ros_msgs/micro_ros_msgs/msg/detail/entity__rosidl_typesupport_introspection_cpp.hpp
[3.393s] -- Installing: /home/geovani/Ne2BU/src/install/micro_ros_msgs/lib/libmicro_ros_msgs__rosidl_typesupport_introspection_cpp.so
[3.393s] -- Set runtime path of "/home/geovani/Ne2BU/src/install/micro_ros_msgs/lib/libmicro_ros_msgs__rosidl_typesupport_introspection_cpp.so" to ""
[3.393s] -- Installing: /home/geovani/Ne2BU/src/install/micro_ros_msgs/lib/libmicro_ros_msgs__rosidl_typesupport_cpp.so
[3.394s] -- Set runtime path of "/home/geovani/Ne2BU/src/install/micro_ros_msgs/lib/libmicro_ros_msgs__rosidl_typesupport_cpp.so" to ""
[3.394s] -- Installing: /home/geovani/Ne2BU/src/install/micro_ros_msgs/share/micro_ros_msgs/environment/pythonpath.sh
[3.394s] -- Installing: /home/geovani/Ne2BU/src/install/micro_ros_msgs/share/micro_ros_msgs/environment/pythonpath.dsv
[3.394s] -- Installing: /home/geovani/Ne2BU/src/install/micro_ros_msgs/local/lib/python3.10/dist-packages/micro_ros_msgs-3.0.1-py3.10.egg-info
[3.394s] -- Installing: /home/geovani/Ne2BU/src/install/micro_ros_msgs/local/lib/python3.10/dist-packages/micro_ros_msgs-3.0.1-py3.10.egg-info/PKG-INFO
[3.394s] -- Installing: /home/geovani/Ne2BU/src/install/micro_ros_msgs/local/lib/python3.10/dist-packages/micro_ros_msgs-3.0.1-py3.10.egg-info/top_level.txt
[3.394s] -- Installing: /home/geovani/Ne2BU/src/install/micro_ros_msgs/local/lib/python3.10/dist-packages/micro_ros_msgs-3.0.1-py3.10.egg-info/SOURCES.txt
[3.394s] -- Installing: /home/geovani/Ne2BU/src/install/micro_ros_msgs/local/lib/python3.10/dist-packages/micro_ros_msgs-3.0.1-py3.10.egg-info/dependency_links.txt
[3.394s] -- Installing: /home/geovani/Ne2BU/src/install/micro_ros_msgs/local/lib/python3.10/dist-packages/micro_ros_msgs
[3.394s] -- Installing: /home/geovani/Ne2BU/src/install/micro_ros_msgs/local/lib/python3.10/dist-packages/micro_ros_msgs/_micro_ros_msgs_s.ep.rosidl_typesupport_fastrtps_c.c
[3.394s] -- Installing: /home/geovani/Ne2BU/src/install/micro_ros_msgs/local/lib/python3.10/dist-packages/micro_ros_msgs/micro_ros_msgs_s__rosidl_typesupport_fastrtps_c.cpython-310-x86_64-linux-gnu.so
[3.394s] -- Installing: /home/geovani/Ne2BU/src/install/micro_ros_msgs/local/lib/python3.10/dist-packages/micro_ros_msgs/micro_ros_msgs_s__rosidl_typesupport_introspection_c.cpython-310-x86_64-linux-gnu.so
[3.394s] -- Installing: /home/geovani/Ne2BU/src/install/micro_ros_msgs/local/lib/python3.10/dist-packages/micro_ros_msgs/__init__.py
[3.394s] -- Installing: /home/geovani/Ne2BU/src/install/micro_ros_msgs/local/lib/python3.10/dist-packages/micro_ros_msgs/libmicro_ros_msgs__rosidl_generator_py.so
[3.394s] -- Installing: /home/geovani/Ne2BU/src/install/micro_ros_msgs/local/lib/python3.10/dist-packages/micro_ros_msgs/msg
[3.394s] -- Installing: /home/geovani/Ne2BU/src/install/micro_ros_msgs/local/lib/python3.10/dist-packages/micro_ros_msgs/msg/_entity.py
[3.394s] -- Installing: /home/geovani/Ne2BU/src/install/micro_ros_msgs/local/lib/python3.10/dist-packages/micro_ros_msgs/msg/__init__.py
[3.394s] -- Installing: /home/geovani/Ne2BU/src/install/micro_ros_msgs/local/lib/python3.10/dist-packages/micro_ros_msgs/msg/_graph.py
[3.394s] -- Installing: /home/geovani/Ne2BU/src/install/micro_ros_msgs/local/lib/python3.10/dist-packages/micro_ros_msgs/msg/_graph_s.c
[3.395s] -- Installing: /home/geovani/Ne2BU/src/install/micro_ros_msgs/local/lib/python3.10/dist-packages/micro_ros_msgs/msg/_node.py
[3.395s] -- Installing: /home/geovani/Ne2BU/src/install/micro_ros_msgs/local/lib/python3.10/dist-packages/micro_ros_msgs/msg/_node_s.c
[3.395s] -- Installing: /home/geovani/Ne2BU/src/install/micro_ros_msgs/local/lib/python3.10/dist-packages/micro_ros_msgs/msg/_entity_s.c
[3.395s] -- Installing: /home/geovani/Ne2BU/src/install/micro_ros_msgs/local/lib/python3.10/dist-packages/micro_ros_msgs/_micro_ros_msgs_s.ep.rosidl_typesupport_c.c
[3.395s] -- Installing: /home/geovani/Ne2BU/src/install/micro_ros_msgs/local/lib/python3.10/dist-packages/micro_ros_msgs/micro_ros_msgs_s__rosidl_typesupport_c.cpython-310-x86_64-linux-gnu.so
[3.395s] -- Installing: /home/geovani/Ne2BU/src/install/micro_ros_msgs/local/lib/python3.10/dist-packages/micro_ros_msgs/_micro_ros_msgs_s.ep.rosidl_typesupport_introspection_c.c
[3.422s] Listing '/home/geovani/Ne2BU/src/install/micro_ros_msgs/local/lib/python3.10/dist-packages/micro_ros_msgs'...
[3.422s] Compiling '/home/geovani/Ne2BU/src/install/micro_ros_msgs/local/lib/python3.10/dist-packages/micro_ros_msgs/__init__.py'...
[3.422s] Listing '/home/geovani/Ne2BU/src/install/micro_ros_msgs/local/lib/python3.10/dist-packages/micro_ros_msgs/msg'...
[3.422s] Compiling '/home/geovani/Ne2BU/src/install/micro_ros_msgs/local/lib/python3.10/dist-packages/micro_ros_msgs/msg/__init__.py'...
[3.422s] Compiling '/home/geovani/Ne2BU/src/install/micro_ros_msgs/local/lib/python3.10/dist-packages/micro_ros_msgs/msg/_entity.py'...
[3.422s] Compiling '/home/geovani/Ne2BU/src/install/micro_ros_msgs/local/lib/python3.10/dist-packages/micro_ros_msgs/msg/_graph.py'...
[3.422s] Compiling '/home/geovani/Ne2BU/src/install/micro_ros_msgs/local/lib/python3.10/dist-packages/micro_ros_msgs/msg/_node.py'...
[3.425s] -- Installing: /home/geovani/Ne2BU/src/install/micro_ros_msgs/local/lib/python3.10/dist-packages/micro_ros_msgs/micro_ros_msgs_s__rosidl_typesupport_fastrtps_c.cpython-310-x86_64-linux-gnu.so
[3.425s] -- Set runtime path of "/home/geovani/Ne2BU/src/install/micro_ros_msgs/local/lib/python3.10/dist-packages/micro_ros_msgs/micro_ros_msgs_s__rosidl_typesupport_fastrtps_c.cpython-310-x86_64-linux-gnu.so" to ""
[3.425s] -- Installing: /home/geovani/Ne2BU/src/install/micro_ros_msgs/local/lib/python3.10/dist-packages/micro_ros_msgs/micro_ros_msgs_s__rosidl_typesupport_introspection_c.cpython-310-x86_64-linux-gnu.so
[3.426s] -- Set runtime path of "/home/geovani/Ne2BU/src/install/micro_ros_msgs/local/lib/python3.10/dist-packages/micro_ros_msgs/micro_ros_msgs_s__rosidl_typesupport_introspection_c.cpython-310-x86_64-linux-gnu.so" to ""
[3.426s] -- Installing: /home/geovani/Ne2BU/src/install/micro_ros_msgs/local/lib/python3.10/dist-packages/micro_ros_msgs/micro_ros_msgs_s__rosidl_typesupport_c.cpython-310-x86_64-linux-gnu.so
[3.426s] -- Set runtime path of "/home/geovani/Ne2BU/src/install/micro_ros_msgs/local/lib/python3.10/dist-packages/micro_ros_msgs/micro_ros_msgs_s__rosidl_typesupport_c.cpython-310-x86_64-linux-gnu.so" to ""
[3.426s] -- Installing: /home/geovani/Ne2BU/src/install/micro_ros_msgs/lib/libmicro_ros_msgs__rosidl_generator_py.so
[3.426s] -- Set runtime path of "/home/geovani/Ne2BU/src/install/micro_ros_msgs/lib/libmicro_ros_msgs__rosidl_generator_py.so" to ""
[3.426s] -- Installing: /home/geovani/Ne2BU/src/install/micro_ros_msgs/share/micro_ros_msgs/msg/Graph.idl
[3.426s] -- Installing: /home/geovani/Ne2BU/src/install/micro_ros_msgs/share/micro_ros_msgs/msg/Node.idl
[3.426s] -- Installing: /home/geovani/Ne2BU/src/install/micro_ros_msgs/share/micro_ros_msgs/msg/Entity.idl
[3.427s] -- Installing: /home/geovani/Ne2BU/src/install/micro_ros_msgs/share/micro_ros_msgs/msg/Graph.msg
[3.427s] -- Installing: /home/geovani/Ne2BU/src/install/micro_ros_msgs/share/micro_ros_msgs/msg/Node.msg
[3.427s] -- Installing: /home/geovani/Ne2BU/src/install/micro_ros_msgs/share/micro_ros_msgs/msg/Entity.msg
[3.427s] -- Installing: /home/geovani/Ne2BU/src/install/micro_ros_msgs/share/ament_index/resource_index/package_run_dependencies/micro_ros_msgs
[3.427s] -- Installing: /home/geovani/Ne2BU/src/install/micro_ros_msgs/share/ament_index/resource_index/parent_prefix_path/micro_ros_msgs
[3.427s] -- Installing: /home/geovani/Ne2BU/src/install/micro_ros_msgs/share/micro_ros_msgs/environment/ament_prefix_path.sh
[3.427s] -- Installing: /home/geovani/Ne2BU/src/install/micro_ros_msgs/share/micro_ros_msgs/environment/ament_prefix_path.dsv
[3.427s] -- Installing: /home/geovani/Ne2BU/src/install/micro_ros_msgs/share/micro_ros_msgs/environment/path.sh
[3.427s] -- Installing: /home/geovani/Ne2BU/src/install/micro_ros_msgs/share/micro_ros_msgs/environment/path.dsv
[3.427s] -- Installing: /home/geovani/Ne2BU/src/install/micro_ros_msgs/share/micro_ros_msgs/local_setup.bash
[3.427s] -- Installing: /home/geovani/Ne2BU/src/install/micro_ros_msgs/share/micro_ros_msgs/local_setup.sh
[3.427s] -- Installing: /home/geovani/Ne2BU/src/install/micro_ros_msgs/share/micro_ros_msgs/local_setup.zsh
[3.427s] -- Installing: /home/geovani/Ne2BU/src/install/micro_ros_msgs/share/micro_ros_msgs/local_setup.dsv
[3.427s] -- Installing: /home/geovani/Ne2BU/src/install/micro_ros_msgs/share/micro_ros_msgs/package.dsv
[3.427s] -- Installing: /home/geovani/Ne2BU/src/install/micro_ros_msgs/share/ament_index/resource_index/packages/micro_ros_msgs
[3.427s] -- Installing: /home/geovani/Ne2BU/src/install/micro_ros_msgs/share/micro_ros_msgs/cmake/export_micro_ros_msgs__rosidl_generator_cExport.cmake
[3.428s] -- Installing: /home/geovani/Ne2BU/src/install/micro_ros_msgs/share/micro_ros_msgs/cmake/export_micro_ros_msgs__rosidl_generator_cExport-noconfig.cmake
[3.428s] -- Installing: /home/geovani/Ne2BU/src/install/micro_ros_msgs/share/micro_ros_msgs/cmake/export_micro_ros_msgs__rosidl_typesupport_fastrtps_cExport.cmake
[3.428s] -- Installing: /home/geovani/Ne2BU/src/install/micro_ros_msgs/share/micro_ros_msgs/cmake/export_micro_ros_msgs__rosidl_typesupport_fastrtps_cExport-noconfig.cmake
[3.428s] -- Installing: /home/geovani/Ne2BU/src/install/micro_ros_msgs/share/micro_ros_msgs/cmake/micro_ros_msgs__rosidl_typesupport_introspection_cExport.cmake
[3.428s] -- Installing: /home/geovani/Ne2BU/src/install/micro_ros_msgs/share/micro_ros_msgs/cmake/micro_ros_msgs__rosidl_typesupport_introspection_cExport-noconfig.cmake
[3.428s] -- Installing: /home/geovani/Ne2BU/src/install/micro_ros_msgs/share/micro_ros_msgs/cmake/micro_ros_msgs__rosidl_typesupport_cExport.cmake
[3.428s] -- Installing: /home/geovani/Ne2BU/src/install/micro_ros_msgs/share/micro_ros_msgs/cmake/micro_ros_msgs__rosidl_typesupport_cExport-noconfig.cmake
[3.428s] -- Installing: /home/geovani/Ne2BU/src/install/micro_ros_msgs/share/micro_ros_msgs/cmake/export_micro_ros_msgs__rosidl_generator_cppExport.cmake
[3.428s] -- Installing: /home/geovani/Ne2BU/src/install/micro_ros_msgs/share/micro_ros_msgs/cmake/export_micro_ros_msgs__rosidl_typesupport_fastrtps_cppExport.cmake
[3.428s] -- Installing: /home/geovani/Ne2BU/src/install/micro_ros_msgs/share/micro_ros_msgs/cmake/export_micro_ros_msgs__rosidl_typesupport_fastrtps_cppExport-noconfig.cmake
[3.428s] -- Installing: /home/geovani/Ne2BU/src/install/micro_ros_msgs/share/micro_ros_msgs/cmake/micro_ros_msgs__rosidl_typesupport_introspection_cppExport.cmake
[3.428s] -- Installing: /home/geovani/Ne2BU/src/install/micro_ros_msgs/share/micro_ros_msgs/cmake/micro_ros_msgs__rosidl_typesupport_introspection_cppExport-noconfig.cmake
[3.428s] -- Installing: /home/geovani/Ne2BU/src/install/micro_ros_msgs/share/micro_ros_msgs/cmake/micro_ros_msgs__rosidl_typesupport_cppExport.cmake
[3.429s] -- Installing: /home/geovani/Ne2BU/src/install/micro_ros_msgs/share/micro_ros_msgs/cmake/micro_ros_msgs__rosidl_typesupport_cppExport-noconfig.cmake
[3.429s] -- Installing: /home/geovani/Ne2BU/src/install/micro_ros_msgs/share/micro_ros_msgs/cmake/export_micro_ros_msgs__rosidl_generator_pyExport.cmake
[3.429s] -- Installing: /home/geovani/Ne2BU/src/install/micro_ros_msgs/share/micro_ros_msgs/cmake/export_micro_ros_msgs__rosidl_generator_pyExport-noconfig.cmake
[3.429s] -- Installing: /home/geovani/Ne2BU/src/install/micro_ros_msgs/share/micro_ros_msgs/cmake/rosidl_cmake-extras.cmake
[3.429s] -- Installing: /home/geovani/Ne2BU/src/install/micro_ros_msgs/share/micro_ros_msgs/cmake/ament_cmake_export_include_directories-extras.cmake
[3.429s] -- Installing: /home/geovani/Ne2BU/src/install/micro_ros_msgs/share/micro_ros_msgs/cmake/ament_cmake_export_libraries-extras.cmake
[3.429s] -- Installing: /home/geovani/Ne2BU/src/install/micro_ros_msgs/share/micro_ros_msgs/cmake/ament_cmake_export_targets-extras.cmake
[3.429s] -- Installing: /home/geovani/Ne2BU/src/install/micro_ros_msgs/share/micro_ros_msgs/cmake/rosidl_cmake_export_typesupport_targets-extras.cmake
[3.429s] -- Installing: /home/geovani/Ne2BU/src/install/micro_ros_msgs/share/micro_ros_msgs/cmake/ament_cmake_export_dependencies-extras.cmake
[3.429s] -- Installing: /home/geovani/Ne2BU/src/install/micro_ros_msgs/share/micro_ros_msgs/cmake/rosidl_cmake_export_typesupport_libraries-extras.cmake
[3.429s] -- Installing: /home/geovani/Ne2BU/src/install/micro_ros_msgs/share/micro_ros_msgs/cmake/micro_ros_msgsConfig.cmake
[3.430s] -- Installing: /home/geovani/Ne2BU/src/install/micro_ros_msgs/share/micro_ros_msgs/cmake/micro_ros_msgsConfig-version.cmake
[3.430s] -- Installing: /home/geovani/Ne2BU/src/install/micro_ros_msgs/share/micro_ros_msgs/package.xml
[3.432s] Invoked command in '/home/geovani/Ne2BU/src/build/micro_ros_msgs' returned '0': CMAKE_PREFIX_PATH=${CMAKE_PREFIX_PATH}:/home/geovani/Ne2BU/install/main:/home/geovani/Ne2BU/src/install/main:/opt/ros/humble /usr/bin/cmake --install /home/geovani/Ne2BU/src/build/micro_ros_msgs
