[0.085s] [34mcolcon[0m [1;30mDEBUG[0m [32mCommand line arguments: ['/usr/bin/colcon', 'build'][0m
[0.085s] [34mcolcon[0m [1;30mDEBUG[0m [32mParsed command line arguments: Namespace(log_base=None, log_level=None, verb_name='build', build_base='build', install_base='install', merge_install=False, symlink_install=False, test_result_base=None, continue_on_error=False, executor='parallel', parallel_workers=16, event_handlers=None, ignore_user_meta=False, metas=['./colcon.meta'], base_paths=['.'], packages_ignore=None, packages_ignore_regex=None, paths=None, packages_up_to=None, packages_up_to_regex=None, packages_above=None, packages_above_and_dependencies=None, packages_above_depth=None, packages_select_by_dep=None, packages_skip_by_dep=None, packages_skip_up_to=None, packages_select_build_failed=False, packages_skip_build_finished=False, packages_select_test_failures=False, packages_skip_test_passed=False, packages_select=None, packages_skip=None, packages_select_regex=None, packages_skip_regex=None, packages_start=None, packages_end=None, allow_overriding=[], cmake_args=None, cmake_target=None, cmake_target_skip_unavailable=False, cmake_clean_cache=False, cmake_clean_first=False, cmake_force_configure=False, ament_cmake_args=None, catkin_cmake_args=None, catkin_skip_building_tests=False, verb_parser=<colcon_defaults.argument_parser.defaults.DefaultArgumentsDecorator object at 0x7dd4bcf3cd90>, verb_extension=<colcon_core.verb.build.BuildVerb object at 0x7dd4bd0be650>, main=<bound method BuildVerb.main of <colcon_core.verb.build.BuildVerb object at 0x7dd4bd0be650>>)[0m
[0.203s] [34mcolcon.colcon_core.package_discovery[0m [1;30mLevel 1[0m discover_packages(colcon_meta) check parameters
[0.203s] [34mcolcon.colcon_core.package_discovery[0m [1;30mLevel 1[0m discover_packages(recursive) check parameters
[0.203s] [34mcolcon.colcon_core.package_discovery[0m [1;30mLevel 1[0m discover_packages(ignore) check parameters
[0.203s] [34mcolcon.colcon_core.package_discovery[0m [1;30mLevel 1[0m discover_packages(path) check parameters
[0.203s] [34mcolcon.colcon_core.package_discovery[0m [1;30mLevel 1[0m discover_packages(colcon_meta) discover
[0.203s] [34mcolcon.colcon_core.package_discovery[0m [1;30mLevel 1[0m discover_packages(recursive) discover
[0.203s] [34mcolcon.colcon_core.package_discovery[0m [1;30mINFO[0m Crawling recursively for packages in '/home/geovani/Ne2BU/src'
[0.203s] [34mcolcon.colcon_core.package_identification[0m [1;30mLevel 1[0m _identify(.) by extensions ['ignore', 'ignore_ament_install']
[0.204s] [34mcolcon.colcon_core.package_identification[0m [1;30mLevel 1[0m _identify(.) by extension 'ignore'
[0.204s] [34mcolcon.colcon_core.package_identification[0m [1;30mLevel 1[0m _identify(.) by extension 'ignore_ament_install'
[0.204s] [34mcolcon.colcon_core.package_identification[0m [1;30mLevel 1[0m _identify(.) by extensions ['colcon_pkg']
[0.204s] [34mcolcon.colcon_core.package_identification[0m [1;30mLevel 1[0m _identify(.) by extension 'colcon_pkg'
[0.204s] [34mcolcon.colcon_core.package_identification[0m [1;30mLevel 1[0m _identify(.) by extensions ['colcon_meta']
[0.204s] [34mcolcon.colcon_core.package_identification[0m [1;30mLevel 1[0m _identify(.) by extension 'colcon_meta'
[0.204s] [34mcolcon.colcon_core.package_identification[0m [1;30mLevel 1[0m _identify(.) by extensions ['ros']
[0.204s] [34mcolcon.colcon_core.package_identification[0m [1;30mLevel 1[0m _identify(.) by extension 'ros'
[0.214s] [34mcolcon.colcon_core.package_identification[0m [1;30mLevel 1[0m _identify(.) by extensions ['cmake', 'python']
[0.214s] [34mcolcon.colcon_core.package_identification[0m [1;30mLevel 1[0m _identify(.) by extension 'cmake'
[0.214s] [34mcolcon.colcon_core.package_identification[0m [1;30mLevel 1[0m _identify(.) by extension 'python'
[0.214s] [34mcolcon.colcon_core.package_identification[0m [1;30mLevel 1[0m _identify(.) by extensions ['python_setup_py']
[0.214s] [34mcolcon.colcon_core.package_identification[0m [1;30mLevel 1[0m _identify(.) by extension 'python_setup_py'
[0.215s] [34mcolcon.colcon_core.package_identification[0m [1;30mLevel 1[0m _identify(build) by extensions ['ignore', 'ignore_ament_install']
[0.215s] [34mcolcon.colcon_core.package_identification[0m [1;30mLevel 1[0m _identify(build) by extension 'ignore'
[0.215s] [34mcolcon.colcon_core.package_identification[0m [1;30mLevel 1[0m _identify(build) ignored
[0.215s] [34mcolcon.colcon_core.package_identification[0m [1;30mLevel 1[0m _identify(conversation_history) by extensions ['ignore', 'ignore_ament_install']
[0.215s] [34mcolcon.colcon_core.package_identification[0m [1;30mLevel 1[0m _identify(conversation_history) by extension 'ignore'
[0.215s] [34mcolcon.colcon_core.package_identification[0m [1;30mLevel 1[0m _identify(conversation_history) by extension 'ignore_ament_install'
[0.215s] [34mcolcon.colcon_core.package_identification[0m [1;30mLevel 1[0m _identify(conversation_history) by extensions ['colcon_pkg']
[0.215s] [34mcolcon.colcon_core.package_identification[0m [1;30mLevel 1[0m _identify(conversation_history) by extension 'colcon_pkg'
[0.215s] [34mcolcon.colcon_core.package_identification[0m [1;30mLevel 1[0m _identify(conversation_history) by extensions ['colcon_meta']
[0.215s] [34mcolcon.colcon_core.package_identification[0m [1;30mLevel 1[0m _identify(conversation_history) by extension 'colcon_meta'
[0.215s] [34mcolcon.colcon_core.package_identification[0m [1;30mLevel 1[0m _identify(conversation_history) by extensions ['ros']
[0.215s] [34mcolcon.colcon_core.package_identification[0m [1;30mLevel 1[0m _identify(conversation_history) by extension 'ros'
[0.215s] [34mcolcon.colcon_core.package_identification[0m [1;30mLevel 1[0m _identify(conversation_history) by extensions ['cmake', 'python']
[0.215s] [34mcolcon.colcon_core.package_identification[0m [1;30mLevel 1[0m _identify(conversation_history) by extension 'cmake'
[0.215s] [34mcolcon.colcon_core.package_identification[0m [1;30mLevel 1[0m _identify(conversation_history) by extension 'python'
[0.215s] [34mcolcon.colcon_core.package_identification[0m [1;30mLevel 1[0m _identify(conversation_history) by extensions ['python_setup_py']
[0.215s] [34mcolcon.colcon_core.package_identification[0m [1;30mLevel 1[0m _identify(conversation_history) by extension 'python_setup_py'
[0.215s] [34mcolcon.colcon_core.package_identification[0m [1;30mLevel 1[0m _identify(install) by extensions ['ignore', 'ignore_ament_install']
[0.215s] [34mcolcon.colcon_core.package_identification[0m [1;30mLevel 1[0m _identify(install) by extension 'ignore'
[0.216s] [34mcolcon.colcon_core.package_identification[0m [1;30mLevel 1[0m _identify(install) ignored
[0.216s] [34mcolcon.colcon_core.package_identification[0m [1;30mLevel 1[0m _identify(log) by extensions ['ignore', 'ignore_ament_install']
[0.216s] [34mcolcon.colcon_core.package_identification[0m [1;30mLevel 1[0m _identify(log) by extension 'ignore'
[0.216s] [34mcolcon.colcon_core.package_identification[0m [1;30mLevel 1[0m _identify(log) ignored
[0.216s] [34mcolcon.colcon_core.package_identification[0m [1;30mLevel 1[0m _identify(main) by extensions ['ignore', 'ignore_ament_install']
[0.216s] [34mcolcon.colcon_core.package_identification[0m [1;30mLevel 1[0m _identify(main) by extension 'ignore'
[0.216s] [34mcolcon.colcon_core.package_identification[0m [1;30mLevel 1[0m _identify(main) by extension 'ignore_ament_install'
[0.216s] [34mcolcon.colcon_core.package_identification[0m [1;30mLevel 1[0m _identify(main) by extensions ['colcon_pkg']
[0.216s] [34mcolcon.colcon_core.package_identification[0m [1;30mLevel 1[0m _identify(main) by extension 'colcon_pkg'
[0.216s] [34mcolcon.colcon_core.package_identification[0m [1;30mLevel 1[0m _identify(main) by extensions ['colcon_meta']
[0.216s] [34mcolcon.colcon_core.package_identification[0m [1;30mLevel 1[0m _identify(main) by extension 'colcon_meta'
[0.216s] [34mcolcon.colcon_core.package_identification[0m [1;30mLevel 1[0m _identify(main) by extensions ['ros']
[0.216s] [34mcolcon.colcon_core.package_identification[0m [1;30mLevel 1[0m _identify(main) by extension 'ros'
[0.218s] [34mcolcon.colcon_core.package_identification[0m [1;30mDEBUG[0m [32mPackage 'main' with type 'ros.ament_python' and name 'main'[0m
[0.218s] [34mcolcon.colcon_core.package_identification[0m [1;30mLevel 1[0m _identify(micro_ros_setup) by extensions ['ignore', 'ignore_ament_install']
[0.218s] [34mcolcon.colcon_core.package_identification[0m [1;30mLevel 1[0m _identify(micro_ros_setup) by extension 'ignore'
[0.218s] [34mcolcon.colcon_core.package_identification[0m [1;30mLevel 1[0m _identify(micro_ros_setup) by extension 'ignore_ament_install'
[0.218s] [34mcolcon.colcon_core.package_identification[0m [1;30mLevel 1[0m _identify(micro_ros_setup) by extensions ['colcon_pkg']
[0.218s] [34mcolcon.colcon_core.package_identification[0m [1;30mLevel 1[0m _identify(micro_ros_setup) by extension 'colcon_pkg'
[0.218s] [34mcolcon.colcon_core.package_identification[0m [1;30mLevel 1[0m _identify(micro_ros_setup) by extensions ['colcon_meta']
[0.218s] [34mcolcon.colcon_core.package_identification[0m [1;30mLevel 1[0m _identify(micro_ros_setup) by extension 'colcon_meta'
[0.218s] [34mcolcon.colcon_core.package_identification[0m [1;30mLevel 1[0m _identify(micro_ros_setup) by extensions ['ros']
[0.218s] [34mcolcon.colcon_core.package_identification[0m [1;30mLevel 1[0m _identify(micro_ros_setup) by extension 'ros'
[0.219s] [34mcolcon.colcon_core.package_identification[0m [1;30mDEBUG[0m [32mPackage 'micro_ros_setup' with type 'ros.ament_cmake' and name 'micro_ros_setup'[0m
[0.219s] [34mcolcon.colcon_core.package_identification[0m [1;30mLevel 1[0m _identify(uros) by extensions ['ignore', 'ignore_ament_install']
[0.219s] [34mcolcon.colcon_core.package_identification[0m [1;30mLevel 1[0m _identify(uros) by extension 'ignore'
[0.219s] [34mcolcon.colcon_core.package_identification[0m [1;30mLevel 1[0m _identify(uros) by extension 'ignore_ament_install'
[0.219s] [34mcolcon.colcon_core.package_identification[0m [1;30mLevel 1[0m _identify(uros) by extensions ['colcon_pkg']
[0.219s] [34mcolcon.colcon_core.package_identification[0m [1;30mLevel 1[0m _identify(uros) by extension 'colcon_pkg'
[0.219s] [34mcolcon.colcon_core.package_identification[0m [1;30mLevel 1[0m _identify(uros) by extensions ['colcon_meta']
[0.219s] [34mcolcon.colcon_core.package_identification[0m [1;30mLevel 1[0m _identify(uros) by extension 'colcon_meta'
[0.219s] [34mcolcon.colcon_core.package_identification[0m [1;30mLevel 1[0m _identify(uros) by extensions ['ros']
[0.219s] [34mcolcon.colcon_core.package_identification[0m [1;30mLevel 1[0m _identify(uros) by extension 'ros'
[0.219s] [34mcolcon.colcon_core.package_identification[0m [1;30mLevel 1[0m _identify(uros) by extensions ['cmake', 'python']
[0.219s] [34mcolcon.colcon_core.package_identification[0m [1;30mLevel 1[0m _identify(uros) by extension 'cmake'
[0.219s] [34mcolcon.colcon_core.package_identification[0m [1;30mLevel 1[0m _identify(uros) by extension 'python'
[0.219s] [34mcolcon.colcon_core.package_identification[0m [1;30mLevel 1[0m _identify(uros) by extensions ['python_setup_py']
[0.219s] [34mcolcon.colcon_core.package_identification[0m [1;30mLevel 1[0m _identify(uros) by extension 'python_setup_py'
[0.219s] [34mcolcon.colcon_core.package_identification[0m [1;30mLevel 1[0m _identify(uros/micro-ROS-Agent) by extensions ['ignore', 'ignore_ament_install']
[0.219s] [34mcolcon.colcon_core.package_identification[0m [1;30mLevel 1[0m _identify(uros/micro-ROS-Agent) by extension 'ignore'
[0.219s] [34mcolcon.colcon_core.package_identification[0m [1;30mLevel 1[0m _identify(uros/micro-ROS-Agent) by extension 'ignore_ament_install'
[0.219s] [34mcolcon.colcon_core.package_identification[0m [1;30mLevel 1[0m _identify(uros/micro-ROS-Agent) by extensions ['colcon_pkg']
[0.219s] [34mcolcon.colcon_core.package_identification[0m [1;30mLevel 1[0m _identify(uros/micro-ROS-Agent) by extension 'colcon_pkg'
[0.219s] [34mcolcon.colcon_core.package_identification[0m [1;30mLevel 1[0m _identify(uros/micro-ROS-Agent) by extensions ['colcon_meta']
[0.220s] [34mcolcon.colcon_core.package_identification[0m [1;30mLevel 1[0m _identify(uros/micro-ROS-Agent) by extension 'colcon_meta'
[0.220s] [34mcolcon.colcon_core.package_identification[0m [1;30mLevel 1[0m _identify(uros/micro-ROS-Agent) by extensions ['ros']
[0.220s] [34mcolcon.colcon_core.package_identification[0m [1;30mLevel 1[0m _identify(uros/micro-ROS-Agent) by extension 'ros'
[0.220s] [34mcolcon.colcon_core.package_identification[0m [1;30mLevel 1[0m _identify(uros/micro-ROS-Agent) by extensions ['cmake', 'python']
[0.220s] [34mcolcon.colcon_core.package_identification[0m [1;30mLevel 1[0m _identify(uros/micro-ROS-Agent) by extension 'cmake'
[0.220s] [34mcolcon.colcon_core.package_identification[0m [1;30mLevel 1[0m _identify(uros/micro-ROS-Agent) by extension 'python'
[0.220s] [34mcolcon.colcon_core.package_identification[0m [1;30mLevel 1[0m _identify(uros/micro-ROS-Agent) by extensions ['python_setup_py']
[0.220s] [34mcolcon.colcon_core.package_identification[0m [1;30mLevel 1[0m _identify(uros/micro-ROS-Agent) by extension 'python_setup_py'
[0.220s] [34mcolcon.colcon_core.package_identification[0m [1;30mLevel 1[0m _identify(uros/micro-ROS-Agent/micro_ros_agent) by extensions ['ignore', 'ignore_ament_install']
[0.220s] [34mcolcon.colcon_core.package_identification[0m [1;30mLevel 1[0m _identify(uros/micro-ROS-Agent/micro_ros_agent) by extension 'ignore'
[0.220s] [34mcolcon.colcon_core.package_identification[0m [1;30mLevel 1[0m _identify(uros/micro-ROS-Agent/micro_ros_agent) by extension 'ignore_ament_install'
[0.220s] [34mcolcon.colcon_core.package_identification[0m [1;30mLevel 1[0m _identify(uros/micro-ROS-Agent/micro_ros_agent) by extensions ['colcon_pkg']
[0.220s] [34mcolcon.colcon_core.package_identification[0m [1;30mLevel 1[0m _identify(uros/micro-ROS-Agent/micro_ros_agent) by extension 'colcon_pkg'
[0.220s] [34mcolcon.colcon_core.package_identification[0m [1;30mLevel 1[0m _identify(uros/micro-ROS-Agent/micro_ros_agent) by extensions ['colcon_meta']
[0.220s] [34mcolcon.colcon_core.package_identification[0m [1;30mLevel 1[0m _identify(uros/micro-ROS-Agent/micro_ros_agent) by extension 'colcon_meta'
[0.220s] [34mcolcon.colcon_core.package_identification[0m [1;30mLevel 1[0m _identify(uros/micro-ROS-Agent/micro_ros_agent) by extensions ['ros']
[0.220s] [34mcolcon.colcon_core.package_identification[0m [1;30mLevel 1[0m _identify(uros/micro-ROS-Agent/micro_ros_agent) by extension 'ros'
[0.221s] [34mcolcon.colcon_core.package_identification[0m [1;30mDEBUG[0m [32mPackage 'uros/micro-ROS-Agent/micro_ros_agent' with type 'ros.ament_cmake' and name 'micro_ros_agent'[0m
[0.221s] [34mcolcon.colcon_core.package_identification[0m [1;30mLevel 1[0m _identify(uros/micro-ROS-Agent/snap) by extensions ['ignore', 'ignore_ament_install']
[0.221s] [34mcolcon.colcon_core.package_identification[0m [1;30mLevel 1[0m _identify(uros/micro-ROS-Agent/snap) by extension 'ignore'
[0.221s] [34mcolcon.colcon_core.package_identification[0m [1;30mLevel 1[0m _identify(uros/micro-ROS-Agent/snap) by extension 'ignore_ament_install'
[0.221s] [34mcolcon.colcon_core.package_identification[0m [1;30mLevel 1[0m _identify(uros/micro-ROS-Agent/snap) by extensions ['colcon_pkg']
[0.221s] [34mcolcon.colcon_core.package_identification[0m [1;30mLevel 1[0m _identify(uros/micro-ROS-Agent/snap) by extension 'colcon_pkg'
[0.221s] [34mcolcon.colcon_core.package_identification[0m [1;30mLevel 1[0m _identify(uros/micro-ROS-Agent/snap) by extensions ['colcon_meta']
[0.221s] [34mcolcon.colcon_core.package_identification[0m [1;30mLevel 1[0m _identify(uros/micro-ROS-Agent/snap) by extension 'colcon_meta'
[0.221s] [34mcolcon.colcon_core.package_identification[0m [1;30mLevel 1[0m _identify(uros/micro-ROS-Agent/snap) by extensions ['ros']
[0.221s] [34mcolcon.colcon_core.package_identification[0m [1;30mLevel 1[0m _identify(uros/micro-ROS-Agent/snap) by extension 'ros'
[0.222s] [34mcolcon.colcon_core.package_identification[0m [1;30mLevel 1[0m _identify(uros/micro-ROS-Agent/snap) by extensions ['cmake', 'python']
[0.222s] [34mcolcon.colcon_core.package_identification[0m [1;30mLevel 1[0m _identify(uros/micro-ROS-Agent/snap) by extension 'cmake'
[0.222s] [34mcolcon.colcon_core.package_identification[0m [1;30mLevel 1[0m _identify(uros/micro-ROS-Agent/snap) by extension 'python'
[0.222s] [34mcolcon.colcon_core.package_identification[0m [1;30mLevel 1[0m _identify(uros/micro-ROS-Agent/snap) by extensions ['python_setup_py']
[0.222s] [34mcolcon.colcon_core.package_identification[0m [1;30mLevel 1[0m _identify(uros/micro-ROS-Agent/snap) by extension 'python_setup_py'
[0.222s] [34mcolcon.colcon_core.package_identification[0m [1;30mLevel 1[0m _identify(uros/micro-ROS-Agent/snap/hooks) by extensions ['ignore', 'ignore_ament_install']
[0.222s] [34mcolcon.colcon_core.package_identification[0m [1;30mLevel 1[0m _identify(uros/micro-ROS-Agent/snap/hooks) by extension 'ignore'
[0.222s] [34mcolcon.colcon_core.package_identification[0m [1;30mLevel 1[0m _identify(uros/micro-ROS-Agent/snap/hooks) by extension 'ignore_ament_install'
[0.222s] [34mcolcon.colcon_core.package_identification[0m [1;30mLevel 1[0m _identify(uros/micro-ROS-Agent/snap/hooks) by extensions ['colcon_pkg']
[0.222s] [34mcolcon.colcon_core.package_identification[0m [1;30mLevel 1[0m _identify(uros/micro-ROS-Agent/snap/hooks) by extension 'colcon_pkg'
[0.222s] [34mcolcon.colcon_core.package_identification[0m [1;30mLevel 1[0m _identify(uros/micro-ROS-Agent/snap/hooks) by extensions ['colcon_meta']
[0.222s] [34mcolcon.colcon_core.package_identification[0m [1;30mLevel 1[0m _identify(uros/micro-ROS-Agent/snap/hooks) by extension 'colcon_meta'
[0.222s] [34mcolcon.colcon_core.package_identification[0m [1;30mLevel 1[0m _identify(uros/micro-ROS-Agent/snap/hooks) by extensions ['ros']
[0.222s] [34mcolcon.colcon_core.package_identification[0m [1;30mLevel 1[0m _identify(uros/micro-ROS-Agent/snap/hooks) by extension 'ros'
[0.222s] [34mcolcon.colcon_core.package_identification[0m [1;30mLevel 1[0m _identify(uros/micro-ROS-Agent/snap/hooks) by extensions ['cmake', 'python']
[0.222s] [34mcolcon.colcon_core.package_identification[0m [1;30mLevel 1[0m _identify(uros/micro-ROS-Agent/snap/hooks) by extension 'cmake'
[0.222s] [34mcolcon.colcon_core.package_identification[0m [1;30mLevel 1[0m _identify(uros/micro-ROS-Agent/snap/hooks) by extension 'python'
[0.222s] [34mcolcon.colcon_core.package_identification[0m [1;30mLevel 1[0m _identify(uros/micro-ROS-Agent/snap/hooks) by extensions ['python_setup_py']
[0.222s] [34mcolcon.colcon_core.package_identification[0m [1;30mLevel 1[0m _identify(uros/micro-ROS-Agent/snap/hooks) by extension 'python_setup_py'
[0.222s] [34mcolcon.colcon_core.package_identification[0m [1;30mLevel 1[0m _identify(uros/micro-ROS-Agent/snap/local) by extensions ['ignore', 'ignore_ament_install']
[0.222s] [34mcolcon.colcon_core.package_identification[0m [1;30mLevel 1[0m _identify(uros/micro-ROS-Agent/snap/local) by extension 'ignore'
[0.222s] [34mcolcon.colcon_core.package_identification[0m [1;30mLevel 1[0m _identify(uros/micro-ROS-Agent/snap/local) by extension 'ignore_ament_install'
[0.222s] [34mcolcon.colcon_core.package_identification[0m [1;30mLevel 1[0m _identify(uros/micro-ROS-Agent/snap/local) by extensions ['colcon_pkg']
[0.222s] [34mcolcon.colcon_core.package_identification[0m [1;30mLevel 1[0m _identify(uros/micro-ROS-Agent/snap/local) by extension 'colcon_pkg'
[0.222s] [34mcolcon.colcon_core.package_identification[0m [1;30mLevel 1[0m _identify(uros/micro-ROS-Agent/snap/local) by extensions ['colcon_meta']
[0.222s] [34mcolcon.colcon_core.package_identification[0m [1;30mLevel 1[0m _identify(uros/micro-ROS-Agent/snap/local) by extension 'colcon_meta'
[0.222s] [34mcolcon.colcon_core.package_identification[0m [1;30mLevel 1[0m _identify(uros/micro-ROS-Agent/snap/local) by extensions ['ros']
[0.222s] [34mcolcon.colcon_core.package_identification[0m [1;30mLevel 1[0m _identify(uros/micro-ROS-Agent/snap/local) by extension 'ros'
[0.222s] [34mcolcon.colcon_core.package_identification[0m [1;30mLevel 1[0m _identify(uros/micro-ROS-Agent/snap/local) by extensions ['cmake', 'python']
[0.222s] [34mcolcon.colcon_core.package_identification[0m [1;30mLevel 1[0m _identify(uros/micro-ROS-Agent/snap/local) by extension 'cmake'
[0.222s] [34mcolcon.colcon_core.package_identification[0m [1;30mLevel 1[0m _identify(uros/micro-ROS-Agent/snap/local) by extension 'python'
[0.223s] [34mcolcon.colcon_core.package_identification[0m [1;30mLevel 1[0m _identify(uros/micro-ROS-Agent/snap/local) by extensions ['python_setup_py']
[0.223s] [34mcolcon.colcon_core.package_identification[0m [1;30mLevel 1[0m _identify(uros/micro-ROS-Agent/snap/local) by extension 'python_setup_py'
[0.223s] [34mcolcon.colcon_core.package_identification[0m [1;30mLevel 1[0m _identify(uros/micro_ros_msgs) by extensions ['ignore', 'ignore_ament_install']
[0.223s] [34mcolcon.colcon_core.package_identification[0m [1;30mLevel 1[0m _identify(uros/micro_ros_msgs) by extension 'ignore'
[0.223s] [34mcolcon.colcon_core.package_identification[0m [1;30mLevel 1[0m _identify(uros/micro_ros_msgs) by extension 'ignore_ament_install'
[0.223s] [34mcolcon.colcon_core.package_identification[0m [1;30mLevel 1[0m _identify(uros/micro_ros_msgs) by extensions ['colcon_pkg']
[0.223s] [34mcolcon.colcon_core.package_identification[0m [1;30mLevel 1[0m _identify(uros/micro_ros_msgs) by extension 'colcon_pkg'
[0.223s] [34mcolcon.colcon_core.package_identification[0m [1;30mLevel 1[0m _identify(uros/micro_ros_msgs) by extensions ['colcon_meta']
[0.223s] [34mcolcon.colcon_core.package_identification[0m [1;30mLevel 1[0m _identify(uros/micro_ros_msgs) by extension 'colcon_meta'
[0.223s] [34mcolcon.colcon_core.package_identification[0m [1;30mLevel 1[0m _identify(uros/micro_ros_msgs) by extensions ['ros']
[0.223s] [34mcolcon.colcon_core.package_identification[0m [1;30mLevel 1[0m _identify(uros/micro_ros_msgs) by extension 'ros'
[0.223s] [34mcolcon.colcon_core.package_identification[0m [1;30mDEBUG[0m [32mPackage 'uros/micro_ros_msgs' with type 'ros.ament_cmake' and name 'micro_ros_msgs'[0m
[0.223s] [34mcolcon.colcon_core.package_discovery[0m [1;30mLevel 1[0m discover_packages(recursive) using defaults
[0.223s] [34mcolcon.colcon_core.package_discovery[0m [1;30mLevel 1[0m discover_packages(ignore) discover
[0.223s] [34mcolcon.colcon_core.package_discovery[0m [1;30mLevel 1[0m discover_packages(ignore) using defaults
[0.223s] [34mcolcon.colcon_core.package_discovery[0m [1;30mLevel 1[0m discover_packages(path) discover
[0.223s] [34mcolcon.colcon_core.package_discovery[0m [1;30mLevel 1[0m discover_packages(path) using defaults
[0.236s] [34mcolcon.colcon_core.package_discovery[0m [1;30mLevel 1[0m discover_packages(prefix_path) check parameters
[0.236s] [34mcolcon.colcon_core.package_discovery[0m [1;30mLevel 1[0m discover_packages(prefix_path) discover
[0.238s] [34mcolcon.colcon_installed_package_information.package_discovery[0m [1;30mDEBUG[0m [32mFound 4 installed packages in /home/geovani/Ne2BU/install[0m
[0.238s] [34mcolcon.colcon_installed_package_information.package_discovery[0m [1;30mDEBUG[0m [32mFound 1 installed packages in /home/geovani/Ne2BU/src/install[0m
[0.239s] [34mcolcon.colcon_installed_package_information.package_discovery[0m [1;30mDEBUG[0m [32mFound 271 installed packages in /opt/ros/humble[0m
[0.240s] [34mcolcon.colcon_core.package_discovery[0m [1;30mLevel 1[0m discover_packages(prefix_path) using defaults
[0.263s] [34mcolcon.colcon_core.verb[0m [1;30mLevel 5[0m set package 'main' build argument 'cmake_args' from command line to 'None'
[0.263s] [34mcolcon.colcon_core.verb[0m [1;30mLevel 5[0m set package 'main' build argument 'cmake_target' from command line to 'None'
[0.263s] [34mcolcon.colcon_core.verb[0m [1;30mLevel 5[0m set package 'main' build argument 'cmake_target_skip_unavailable' from command line to 'False'
[0.263s] [34mcolcon.colcon_core.verb[0m [1;30mLevel 5[0m set package 'main' build argument 'cmake_clean_cache' from command line to 'False'
[0.263s] [34mcolcon.colcon_core.verb[0m [1;30mLevel 5[0m set package 'main' build argument 'cmake_clean_first' from command line to 'False'
[0.263s] [34mcolcon.colcon_core.verb[0m [1;30mLevel 5[0m set package 'main' build argument 'cmake_force_configure' from command line to 'False'
[0.263s] [34mcolcon.colcon_core.verb[0m [1;30mLevel 5[0m set package 'main' build argument 'ament_cmake_args' from command line to 'None'
[0.263s] [34mcolcon.colcon_core.verb[0m [1;30mLevel 5[0m set package 'main' build argument 'catkin_cmake_args' from command line to 'None'
[0.263s] [34mcolcon.colcon_core.verb[0m [1;30mLevel 5[0m set package 'main' build argument 'catkin_skip_building_tests' from command line to 'False'
[0.263s] [34mcolcon.colcon_core.verb[0m [1;30mDEBUG[0m [32mBuilding package 'main' with the following arguments: {'ament_cmake_args': None, 'build_base': '/home/geovani/Ne2BU/src/build/main', 'catkin_cmake_args': None, 'catkin_skip_building_tests': False, 'cmake_args': None, 'cmake_clean_cache': False, 'cmake_clean_first': False, 'cmake_force_configure': False, 'cmake_target': None, 'cmake_target_skip_unavailable': False, 'install_base': '/home/geovani/Ne2BU/src/install/main', 'merge_install': False, 'path': '/home/geovani/Ne2BU/src/main', 'symlink_install': False, 'test_result_base': None}[0m
[0.264s] [34mcolcon.colcon_core.verb[0m [1;30mLevel 5[0m set package 'micro_ros_msgs' build argument 'cmake_args' from command line to 'None'
[0.264s] [34mcolcon.colcon_core.verb[0m [1;30mLevel 5[0m set package 'micro_ros_msgs' build argument 'cmake_target' from command line to 'None'
[0.264s] [34mcolcon.colcon_core.verb[0m [1;30mLevel 5[0m set package 'micro_ros_msgs' build argument 'cmake_target_skip_unavailable' from command line to 'False'
[0.264s] [34mcolcon.colcon_core.verb[0m [1;30mLevel 5[0m set package 'micro_ros_msgs' build argument 'cmake_clean_cache' from command line to 'False'
[0.264s] [34mcolcon.colcon_core.verb[0m [1;30mLevel 5[0m set package 'micro_ros_msgs' build argument 'cmake_clean_first' from command line to 'False'
[0.264s] [34mcolcon.colcon_core.verb[0m [1;30mLevel 5[0m set package 'micro_ros_msgs' build argument 'cmake_force_configure' from command line to 'False'
[0.264s] [34mcolcon.colcon_core.verb[0m [1;30mLevel 5[0m set package 'micro_ros_msgs' build argument 'ament_cmake_args' from command line to 'None'
[0.264s] [34mcolcon.colcon_core.verb[0m [1;30mLevel 5[0m set package 'micro_ros_msgs' build argument 'catkin_cmake_args' from command line to 'None'
[0.264s] [34mcolcon.colcon_core.verb[0m [1;30mLevel 5[0m set package 'micro_ros_msgs' build argument 'catkin_skip_building_tests' from command line to 'False'
[0.264s] [34mcolcon.colcon_core.verb[0m [1;30mDEBUG[0m [32mBuilding package 'micro_ros_msgs' with the following arguments: {'ament_cmake_args': None, 'build_base': '/home/geovani/Ne2BU/src/build/micro_ros_msgs', 'catkin_cmake_args': None, 'catkin_skip_building_tests': False, 'cmake_args': None, 'cmake_clean_cache': False, 'cmake_clean_first': False, 'cmake_force_configure': False, 'cmake_target': None, 'cmake_target_skip_unavailable': False, 'install_base': '/home/geovani/Ne2BU/src/install/micro_ros_msgs', 'merge_install': False, 'path': '/home/geovani/Ne2BU/src/uros/micro_ros_msgs', 'symlink_install': False, 'test_result_base': None}[0m
[0.264s] [34mcolcon.colcon_core.verb[0m [1;30mLevel 5[0m set package 'micro_ros_setup' build argument 'cmake_args' from command line to 'None'
[0.264s] [34mcolcon.colcon_core.verb[0m [1;30mLevel 5[0m set package 'micro_ros_setup' build argument 'cmake_target' from command line to 'None'
[0.264s] [34mcolcon.colcon_core.verb[0m [1;30mLevel 5[0m set package 'micro_ros_setup' build argument 'cmake_target_skip_unavailable' from command line to 'False'
[0.264s] [34mcolcon.colcon_core.verb[0m [1;30mLevel 5[0m set package 'micro_ros_setup' build argument 'cmake_clean_cache' from command line to 'False'
[0.264s] [34mcolcon.colcon_core.verb[0m [1;30mLevel 5[0m set package 'micro_ros_setup' build argument 'cmake_clean_first' from command line to 'False'
[0.264s] [34mcolcon.colcon_core.verb[0m [1;30mLevel 5[0m set package 'micro_ros_setup' build argument 'cmake_force_configure' from command line to 'False'
[0.264s] [34mcolcon.colcon_core.verb[0m [1;30mLevel 5[0m set package 'micro_ros_setup' build argument 'ament_cmake_args' from command line to 'None'
[0.264s] [34mcolcon.colcon_core.verb[0m [1;30mLevel 5[0m set package 'micro_ros_setup' build argument 'catkin_cmake_args' from command line to 'None'
[0.264s] [34mcolcon.colcon_core.verb[0m [1;30mLevel 5[0m set package 'micro_ros_setup' build argument 'catkin_skip_building_tests' from command line to 'False'
[0.264s] [34mcolcon.colcon_core.verb[0m [1;30mDEBUG[0m [32mBuilding package 'micro_ros_setup' with the following arguments: {'ament_cmake_args': None, 'build_base': '/home/geovani/Ne2BU/src/build/micro_ros_setup', 'catkin_cmake_args': None, 'catkin_skip_building_tests': False, 'cmake_args': None, 'cmake_clean_cache': False, 'cmake_clean_first': False, 'cmake_force_configure': False, 'cmake_target': None, 'cmake_target_skip_unavailable': False, 'install_base': '/home/geovani/Ne2BU/src/install/micro_ros_setup', 'merge_install': False, 'path': '/home/geovani/Ne2BU/src/micro_ros_setup', 'symlink_install': False, 'test_result_base': None}[0m
[0.264s] [34mcolcon.colcon_core.verb[0m [1;30mLevel 5[0m set package 'micro_ros_agent' build argument 'cmake_args' from command line to 'None'
[0.264s] [34mcolcon.colcon_core.verb[0m [1;30mLevel 5[0m set package 'micro_ros_agent' build argument 'cmake_target' from command line to 'None'
[0.265s] [34mcolcon.colcon_core.verb[0m [1;30mLevel 5[0m set package 'micro_ros_agent' build argument 'cmake_target_skip_unavailable' from command line to 'False'
[0.265s] [34mcolcon.colcon_core.verb[0m [1;30mLevel 5[0m set package 'micro_ros_agent' build argument 'cmake_clean_cache' from command line to 'False'
[0.265s] [34mcolcon.colcon_core.verb[0m [1;30mLevel 5[0m set package 'micro_ros_agent' build argument 'cmake_clean_first' from command line to 'False'
[0.265s] [34mcolcon.colcon_core.verb[0m [1;30mLevel 5[0m set package 'micro_ros_agent' build argument 'cmake_force_configure' from command line to 'False'
[0.265s] [34mcolcon.colcon_core.verb[0m [1;30mLevel 5[0m set package 'micro_ros_agent' build argument 'ament_cmake_args' from command line to 'None'
[0.265s] [34mcolcon.colcon_core.verb[0m [1;30mLevel 5[0m set package 'micro_ros_agent' build argument 'catkin_cmake_args' from command line to 'None'
[0.265s] [34mcolcon.colcon_core.verb[0m [1;30mLevel 5[0m set package 'micro_ros_agent' build argument 'catkin_skip_building_tests' from command line to 'False'
[0.265s] [34mcolcon.colcon_core.verb[0m [1;30mDEBUG[0m [32mBuilding package 'micro_ros_agent' with the following arguments: {'ament_cmake_args': None, 'build_base': '/home/geovani/Ne2BU/src/build/micro_ros_agent', 'catkin_cmake_args': None, 'catkin_skip_building_tests': False, 'cmake_args': None, 'cmake_clean_cache': False, 'cmake_clean_first': False, 'cmake_force_configure': False, 'cmake_target': None, 'cmake_target_skip_unavailable': False, 'install_base': '/home/geovani/Ne2BU/src/install/micro_ros_agent', 'merge_install': False, 'path': '/home/geovani/Ne2BU/src/uros/micro-ROS-Agent/micro_ros_agent', 'symlink_install': False, 'test_result_base': None}[0m
[0.265s] [34mcolcon.colcon_core.executor[0m [1;30mINFO[0m Executing jobs using 'parallel' executor
[0.266s] [34mcolcon.colcon_parallel_executor.executor.parallel[0m [1;30mDEBUG[0m [32mrun_until_complete[0m
[0.266s] [34mcolcon.colcon_ros.task.ament_cmake.build[0m [1;30mINFO[0m Building ROS package in '/home/geovani/Ne2BU/src/uros/micro_ros_msgs' with build type 'ament_cmake'
[0.266s] [34mcolcon.colcon_cmake.task.cmake.build[0m [1;30mINFO[0m Building CMake package in '/home/geovani/Ne2BU/src/uros/micro_ros_msgs'
[0.267s] [34mcolcon.colcon_core.plugin_system[0m [1;30mINFO[0m Skipping extension 'colcon_core.shell.bat': Not used on non-Windows systems
[0.268s] [34mcolcon.colcon_core.shell[0m [1;30mINFO[0m Skip shell extension 'powershell' for command environment: Not usable outside of PowerShell
[0.268s] [34mcolcon.colcon_core.shell[0m [1;30mDEBUG[0m [32mSkip shell extension 'dsv' for command environment[0m
[0.271s] [34mcolcon.colcon_ros.task.ament_python.build[0m [1;30mINFO[0m Building ROS package in '/home/geovani/Ne2BU/src/main' with build type 'ament_python'
[0.271s] [34mcolcon.colcon_core.shell[0m [1;30mLevel 1[0m create_environment_hook('main', 'ament_prefix_path')
[0.271s] [34mcolcon.colcon_core.shell[0m [1;30mINFO[0m Creating environment hook '/home/geovani/Ne2BU/src/install/main/share/main/hook/ament_prefix_path.ps1'
[0.271s] [34mcolcon.colcon_core.shell[0m [1;30mINFO[0m Creating environment descriptor '/home/geovani/Ne2BU/src/install/main/share/main/hook/ament_prefix_path.dsv'
[0.272s] [34mcolcon.colcon_core.shell[0m [1;30mINFO[0m Creating environment hook '/home/geovani/Ne2BU/src/install/main/share/main/hook/ament_prefix_path.sh'
[0.272s] [34mcolcon.colcon_core.shell[0m [1;30mINFO[0m Skip shell extension 'powershell' for command environment: Not usable outside of PowerShell
[0.272s] [34mcolcon.colcon_core.shell[0m [1;30mDEBUG[0m [32mSkip shell extension 'dsv' for command environment[0m
[0.274s] [34mcolcon.colcon_ros.task.ament_cmake.build[0m [1;30mINFO[0m Building ROS package in '/home/geovani/Ne2BU/src/micro_ros_setup' with build type 'ament_cmake'
[0.275s] [34mcolcon.colcon_cmake.task.cmake.build[0m [1;30mINFO[0m Building CMake package in '/home/geovani/Ne2BU/src/micro_ros_setup'
[0.275s] [34mcolcon.colcon_core.shell[0m [1;30mINFO[0m Skip shell extension 'powershell' for command environment: Not usable outside of PowerShell
[0.275s] [34mcolcon.colcon_core.shell[0m [1;30mDEBUG[0m [32mSkip shell extension 'dsv' for command environment[0m
[0.281s] [34mcolcon.colcon_core.event_handler.log_command[0m [1;30mDEBUG[0m [32mInvoking command in '/home/geovani/Ne2BU/src/build/micro_ros_msgs': CMAKE_PREFIX_PATH=${CMAKE_PREFIX_PATH}:/home/geovani/Ne2BU/install/main:/home/geovani/Ne2BU/src/install/main:/opt/ros/humble /usr/bin/cmake /home/geovani/Ne2BU/src/uros/micro_ros_msgs -DCMAKE_INSTALL_PREFIX=/home/geovani/Ne2BU/src/install/micro_ros_msgs[0m
[0.495s] [34mcolcon.colcon_core.task.python.build[0m [1;30mINFO[0m Building Python package in '/home/geovani/Ne2BU/src/main'
[0.496s] [34mcolcon.colcon_core.shell[0m [1;30mINFO[0m Skip shell extension 'powershell' for command environment: Not usable outside of PowerShell
[0.496s] [34mcolcon.colcon_core.shell[0m [1;30mDEBUG[0m [32mSkip shell extension 'dsv' for command environment[0m
[0.502s] [34mcolcon.colcon_core.event_handler.log_command[0m [1;30mDEBUG[0m [32mInvoking command in '/home/geovani/Ne2BU/src/build/micro_ros_setup': CMAKE_PREFIX_PATH=${CMAKE_PREFIX_PATH}:/home/geovani/Ne2BU/install/main:/home/geovani/Ne2BU/src/install/main:/opt/ros/humble /usr/bin/cmake /home/geovani/Ne2BU/src/micro_ros_setup -DCMAKE_INSTALL_PREFIX=/home/geovani/Ne2BU/src/install/micro_ros_setup[0m
[0.911s] [34mcolcon.colcon_core.event_handler.log_command[0m [1;30mDEBUG[0m [32mInvoking command in '/home/geovani/Ne2BU/src/main': PYTHONPATH=/home/geovani/Ne2BU/src/build/main/prefix_override:/usr/lib/python3/dist-packages/colcon_core/task/python/colcon_distutils_commands:/home/geovani/Ne2BU/src/install/main/lib/python3.10/site-packages:${PYTHONPATH} /usr/bin/python3 -W ignore:setup.py install is deprecated -W ignore:easy_install command is deprecated setup.py egg_info --egg-base ../build/main build --build-base /home/geovani/Ne2BU/src/build/main/build install --record /home/geovani/Ne2BU/src/build/main/install.log --single-version-externally-managed install_data[0m
[1.054s] [34mcolcon.colcon_core.event_handler.log_command[0m [1;30mDEBUG[0m [32mInvoked command in '/home/geovani/Ne2BU/src/build/micro_ros_setup' returned '0': CMAKE_PREFIX_PATH=${CMAKE_PREFIX_PATH}:/home/geovani/Ne2BU/install/main:/home/geovani/Ne2BU/src/install/main:/opt/ros/humble /usr/bin/cmake /home/geovani/Ne2BU/src/micro_ros_setup -DCMAKE_INSTALL_PREFIX=/home/geovani/Ne2BU/src/install/micro_ros_setup[0m
[1.056s] [34mcolcon.colcon_core.event_handler.log_command[0m [1;30mDEBUG[0m [32mInvoking command in '/home/geovani/Ne2BU/src/build/micro_ros_setup': CMAKE_PREFIX_PATH=${CMAKE_PREFIX_PATH}:/home/geovani/Ne2BU/install/main:/home/geovani/Ne2BU/src/install/main:/opt/ros/humble /usr/bin/cmake --build /home/geovani/Ne2BU/src/build/micro_ros_setup -- -j16 -l16[0m
[1.092s] [34mcolcon.colcon_core.event_handler.log_command[0m [1;30mDEBUG[0m [32mInvoked command in '/home/geovani/Ne2BU/src/build/micro_ros_setup' returned '0': CMAKE_PREFIX_PATH=${CMAKE_PREFIX_PATH}:/home/geovani/Ne2BU/install/main:/home/geovani/Ne2BU/src/install/main:/opt/ros/humble /usr/bin/cmake --build /home/geovani/Ne2BU/src/build/micro_ros_setup -- -j16 -l16[0m
[1.104s] [34mcolcon.colcon_core.event_handler.log_command[0m [1;30mDEBUG[0m [32mInvoking command in '/home/geovani/Ne2BU/src/build/micro_ros_setup': CMAKE_PREFIX_PATH=${CMAKE_PREFIX_PATH}:/home/geovani/Ne2BU/install/main:/home/geovani/Ne2BU/src/install/main:/opt/ros/humble /usr/bin/cmake --install /home/geovani/Ne2BU/src/build/micro_ros_setup[0m
[1.129s] [34mcolcon.colcon_core.environment[0m [1;30mLevel 1[0m create_environment_scripts_only(micro_ros_setup)
[1.129s] [34mcolcon.colcon_core.event_handler.log_command[0m [1;30mDEBUG[0m [32mInvoked command in '/home/geovani/Ne2BU/src/build/micro_ros_setup' returned '0': CMAKE_PREFIX_PATH=${CMAKE_PREFIX_PATH}:/home/geovani/Ne2BU/install/main:/home/geovani/Ne2BU/src/install/main:/opt/ros/humble /usr/bin/cmake --install /home/geovani/Ne2BU/src/build/micro_ros_setup[0m
[1.131s] [34mcolcon.colcon_core.environment[0m [1;30mLevel 1[0m checking '/home/geovani/Ne2BU/src/install/micro_ros_setup' for CMake module files
[1.132s] [34mcolcon.colcon_core.environment[0m [1;30mLevel 1[0m checking '/home/geovani/Ne2BU/src/install/micro_ros_setup' for CMake config files
[1.132s] [34mcolcon.colcon_core.shell[0m [1;30mLevel 1[0m create_environment_hook('micro_ros_setup', 'cmake_prefix_path')
[1.132s] [34mcolcon.colcon_core.shell[0m [1;30mINFO[0m Creating environment hook '/home/geovani/Ne2BU/src/install/micro_ros_setup/share/micro_ros_setup/hook/cmake_prefix_path.ps1'
[1.133s] [34mcolcon.colcon_core.shell[0m [1;30mINFO[0m Creating environment descriptor '/home/geovani/Ne2BU/src/install/micro_ros_setup/share/micro_ros_setup/hook/cmake_prefix_path.dsv'
[1.133s] [34mcolcon.colcon_core.shell[0m [1;30mINFO[0m Creating environment hook '/home/geovani/Ne2BU/src/install/micro_ros_setup/share/micro_ros_setup/hook/cmake_prefix_path.sh'
[1.133s] [34mcolcon.colcon_core.environment[0m [1;30mLevel 1[0m checking '/home/geovani/Ne2BU/src/install/micro_ros_setup/lib'
[1.133s] [34mcolcon.colcon_core.environment[0m [1;30mLevel 1[0m checking '/home/geovani/Ne2BU/src/install/micro_ros_setup/bin'
[1.133s] [34mcolcon.colcon_core.environment[0m [1;30mLevel 1[0m checking '/home/geovani/Ne2BU/src/install/micro_ros_setup/lib/pkgconfig/micro_ros_setup.pc'
[1.134s] [34mcolcon.colcon_core.environment[0m [1;30mLevel 1[0m checking '/home/geovani/Ne2BU/src/install/micro_ros_setup/lib/python3.10/site-packages'
[1.134s] [34mcolcon.colcon_core.environment[0m [1;30mLevel 1[0m checking '/home/geovani/Ne2BU/src/install/micro_ros_setup/bin'
[1.134s] [34mcolcon.colcon_core.shell[0m [1;30mINFO[0m Creating package script '/home/geovani/Ne2BU/src/install/micro_ros_setup/share/micro_ros_setup/package.ps1'
[1.135s] [34mcolcon.colcon_core.shell[0m [1;30mINFO[0m Creating package descriptor '/home/geovani/Ne2BU/src/install/micro_ros_setup/share/micro_ros_setup/package.dsv'
[1.136s] [34mcolcon.colcon_core.shell[0m [1;30mINFO[0m Creating package script '/home/geovani/Ne2BU/src/install/micro_ros_setup/share/micro_ros_setup/package.sh'
[1.136s] [34mcolcon.colcon_core.shell[0m [1;30mINFO[0m Creating package script '/home/geovani/Ne2BU/src/install/micro_ros_setup/share/micro_ros_setup/package.bash'
[1.137s] [34mcolcon.colcon_core.shell[0m [1;30mINFO[0m Creating package script '/home/geovani/Ne2BU/src/install/micro_ros_setup/share/micro_ros_setup/package.zsh'
[1.137s] [34mcolcon.colcon_core.environment[0m [1;30mLevel 1[0m create_file_with_runtime_dependencies(/home/geovani/Ne2BU/src/install/micro_ros_setup/share/colcon-core/packages/micro_ros_setup)
[1.138s] [34mcolcon.colcon_core.environment[0m [1;30mLevel 1[0m create_environment_scripts_only(micro_ros_setup)
[1.138s] [34mcolcon.colcon_core.environment[0m [1;30mLevel 1[0m checking '/home/geovani/Ne2BU/src/install/micro_ros_setup' for CMake module files
[1.138s] [34mcolcon.colcon_core.environment[0m [1;30mLevel 1[0m checking '/home/geovani/Ne2BU/src/install/micro_ros_setup' for CMake config files
[1.138s] [34mcolcon.colcon_core.shell[0m [1;30mLevel 1[0m create_environment_hook('micro_ros_setup', 'cmake_prefix_path')
[1.138s] [34mcolcon.colcon_core.shell[0m [1;30mINFO[0m Creating environment hook '/home/geovani/Ne2BU/src/install/micro_ros_setup/share/micro_ros_setup/hook/cmake_prefix_path.ps1'
[1.139s] [34mcolcon.colcon_core.shell[0m [1;30mINFO[0m Creating environment descriptor '/home/geovani/Ne2BU/src/install/micro_ros_setup/share/micro_ros_setup/hook/cmake_prefix_path.dsv'
[1.139s] [34mcolcon.colcon_core.shell[0m [1;30mINFO[0m Creating environment hook '/home/geovani/Ne2BU/src/install/micro_ros_setup/share/micro_ros_setup/hook/cmake_prefix_path.sh'
[1.139s] [34mcolcon.colcon_core.environment[0m [1;30mLevel 1[0m checking '/home/geovani/Ne2BU/src/install/micro_ros_setup/lib'
[1.139s] [34mcolcon.colcon_core.environment[0m [1;30mLevel 1[0m checking '/home/geovani/Ne2BU/src/install/micro_ros_setup/bin'
[1.139s] [34mcolcon.colcon_core.environment[0m [1;30mLevel 1[0m checking '/home/geovani/Ne2BU/src/install/micro_ros_setup/lib/pkgconfig/micro_ros_setup.pc'
[1.140s] [34mcolcon.colcon_core.environment[0m [1;30mLevel 1[0m checking '/home/geovani/Ne2BU/src/install/micro_ros_setup/lib/python3.10/site-packages'
[1.140s] [34mcolcon.colcon_core.environment[0m [1;30mLevel 1[0m checking '/home/geovani/Ne2BU/src/install/micro_ros_setup/bin'
[1.140s] [34mcolcon.colcon_core.shell[0m [1;30mINFO[0m Creating package script '/home/geovani/Ne2BU/src/install/micro_ros_setup/share/micro_ros_setup/package.ps1'
[1.141s] [34mcolcon.colcon_core.shell[0m [1;30mINFO[0m Creating package descriptor '/home/geovani/Ne2BU/src/install/micro_ros_setup/share/micro_ros_setup/package.dsv'
[1.141s] [34mcolcon.colcon_core.shell[0m [1;30mINFO[0m Creating package script '/home/geovani/Ne2BU/src/install/micro_ros_setup/share/micro_ros_setup/package.sh'
[1.142s] [34mcolcon.colcon_core.shell[0m [1;30mINFO[0m Creating package script '/home/geovani/Ne2BU/src/install/micro_ros_setup/share/micro_ros_setup/package.bash'
[1.142s] [34mcolcon.colcon_core.shell[0m [1;30mINFO[0m Creating package script '/home/geovani/Ne2BU/src/install/micro_ros_setup/share/micro_ros_setup/package.zsh'
[1.142s] [34mcolcon.colcon_core.environment[0m [1;30mLevel 1[0m create_file_with_runtime_dependencies(/home/geovani/Ne2BU/src/install/micro_ros_setup/share/colcon-core/packages/micro_ros_setup)
[1.148s] [34mcolcon.colcon_core.environment[0m [1;30mLevel 1[0m checking '/home/geovani/Ne2BU/src/install/main' for CMake module files
[1.148s] [34mcolcon.colcon_core.event_handler.log_command[0m [1;30mDEBUG[0m [32mInvoked command in '/home/geovani/Ne2BU/src/main' returned '0': PYTHONPATH=/home/geovani/Ne2BU/src/build/main/prefix_override:/usr/lib/python3/dist-packages/colcon_core/task/python/colcon_distutils_commands:/home/geovani/Ne2BU/src/install/main/lib/python3.10/site-packages:${PYTHONPATH} /usr/bin/python3 -W ignore:setup.py install is deprecated -W ignore:easy_install command is deprecated setup.py egg_info --egg-base ../build/main build --build-base /home/geovani/Ne2BU/src/build/main/build install --record /home/geovani/Ne2BU/src/build/main/install.log --single-version-externally-managed install_data[0m
[1.148s] [34mcolcon.colcon_core.environment[0m [1;30mLevel 1[0m checking '/home/geovani/Ne2BU/src/install/main' for CMake config files
[1.149s] [34mcolcon.colcon_core.environment[0m [1;30mLevel 1[0m checking '/home/geovani/Ne2BU/src/install/main/lib'
[1.149s] [34mcolcon.colcon_core.environment[0m [1;30mLevel 1[0m checking '/home/geovani/Ne2BU/src/install/main/bin'
[1.149s] [34mcolcon.colcon_core.environment[0m [1;30mLevel 1[0m checking '/home/geovani/Ne2BU/src/install/main/lib/pkgconfig/main.pc'
[1.149s] [34mcolcon.colcon_core.environment[0m [1;30mLevel 1[0m checking '/home/geovani/Ne2BU/src/install/main/lib/python3.10/site-packages'
[1.149s] [34mcolcon.colcon_core.shell[0m [1;30mLevel 1[0m create_environment_hook('main', 'pythonpath')
[1.149s] [34mcolcon.colcon_core.shell[0m [1;30mINFO[0m Creating environment hook '/home/geovani/Ne2BU/src/install/main/share/main/hook/pythonpath.ps1'
[1.150s] [34mcolcon.colcon_core.shell[0m [1;30mINFO[0m Creating environment descriptor '/home/geovani/Ne2BU/src/install/main/share/main/hook/pythonpath.dsv'
[1.150s] [34mcolcon.colcon_core.shell[0m [1;30mINFO[0m Creating environment hook '/home/geovani/Ne2BU/src/install/main/share/main/hook/pythonpath.sh'
[1.150s] [34mcolcon.colcon_core.environment[0m [1;30mLevel 1[0m checking '/home/geovani/Ne2BU/src/install/main/bin'
[1.150s] [34mcolcon.colcon_core.environment[0m [1;30mLevel 1[0m create_environment_scripts_only(main)
[1.151s] [34mcolcon.colcon_core.shell[0m [1;30mINFO[0m Creating package script '/home/geovani/Ne2BU/src/install/main/share/main/package.ps1'
[1.151s] [34mcolcon.colcon_core.shell[0m [1;30mINFO[0m Creating package descriptor '/home/geovani/Ne2BU/src/install/main/share/main/package.dsv'
[1.151s] [34mcolcon.colcon_core.shell[0m [1;30mINFO[0m Creating package script '/home/geovani/Ne2BU/src/install/main/share/main/package.sh'
[1.151s] [34mcolcon.colcon_core.shell[0m [1;30mINFO[0m Creating package script '/home/geovani/Ne2BU/src/install/main/share/main/package.bash'
[1.152s] [34mcolcon.colcon_core.shell[0m [1;30mINFO[0m Creating package script '/home/geovani/Ne2BU/src/install/main/share/main/package.zsh'
[1.152s] [34mcolcon.colcon_core.environment[0m [1;30mLevel 1[0m create_file_with_runtime_dependencies(/home/geovani/Ne2BU/src/install/main/share/colcon-core/packages/main)
[1.640s] [34mcolcon.colcon_core.event_handler.log_command[0m [1;30mDEBUG[0m [32mInvoked command in '/home/geovani/Ne2BU/src/build/micro_ros_msgs' returned '0': CMAKE_PREFIX_PATH=${CMAKE_PREFIX_PATH}:/home/geovani/Ne2BU/install/main:/home/geovani/Ne2BU/src/install/main:/opt/ros/humble /usr/bin/cmake /home/geovani/Ne2BU/src/uros/micro_ros_msgs -DCMAKE_INSTALL_PREFIX=/home/geovani/Ne2BU/src/install/micro_ros_msgs[0m
[1.641s] [34mcolcon.colcon_core.event_handler.log_command[0m [1;30mDEBUG[0m [32mInvoking command in '/home/geovani/Ne2BU/src/build/micro_ros_msgs': CMAKE_PREFIX_PATH=${CMAKE_PREFIX_PATH}:/home/geovani/Ne2BU/install/main:/home/geovani/Ne2BU/src/install/main:/opt/ros/humble /usr/bin/cmake --build /home/geovani/Ne2BU/src/build/micro_ros_msgs -- -j16 -l16[0m
[3.641s] [34mcolcon.colcon_core.event_handler.log_command[0m [1;30mDEBUG[0m [32mInvoked command in '/home/geovani/Ne2BU/src/build/micro_ros_msgs' returned '0': CMAKE_PREFIX_PATH=${CMAKE_PREFIX_PATH}:/home/geovani/Ne2BU/install/main:/home/geovani/Ne2BU/src/install/main:/opt/ros/humble /usr/bin/cmake --build /home/geovani/Ne2BU/src/build/micro_ros_msgs -- -j16 -l16[0m
[3.643s] [34mcolcon.colcon_core.event_handler.log_command[0m [1;30mDEBUG[0m [32mInvoking command in '/home/geovani/Ne2BU/src/build/micro_ros_msgs': CMAKE_PREFIX_PATH=${CMAKE_PREFIX_PATH}:/home/geovani/Ne2BU/install/main:/home/geovani/Ne2BU/src/install/main:/opt/ros/humble /usr/bin/cmake --install /home/geovani/Ne2BU/src/build/micro_ros_msgs[0m
[3.697s] [34mcolcon.colcon_core.environment[0m [1;30mLevel 1[0m create_environment_scripts_only(micro_ros_msgs)
[3.697s] [34mcolcon.colcon_core.environment[0m [1;30mLevel 1[0m checking '/home/geovani/Ne2BU/src/install/micro_ros_msgs' for CMake module files
[3.698s] [34mcolcon.colcon_core.event_handler.log_command[0m [1;30mDEBUG[0m [32mInvoked command in '/home/geovani/Ne2BU/src/build/micro_ros_msgs' returned '0': CMAKE_PREFIX_PATH=${CMAKE_PREFIX_PATH}:/home/geovani/Ne2BU/install/main:/home/geovani/Ne2BU/src/install/main:/opt/ros/humble /usr/bin/cmake --install /home/geovani/Ne2BU/src/build/micro_ros_msgs[0m
[3.699s] [34mcolcon.colcon_core.environment[0m [1;30mLevel 1[0m checking '/home/geovani/Ne2BU/src/install/micro_ros_msgs' for CMake config files
[3.700s] [34mcolcon.colcon_core.shell[0m [1;30mLevel 1[0m create_environment_hook('micro_ros_msgs', 'cmake_prefix_path')
[3.700s] [34mcolcon.colcon_core.shell[0m [1;30mINFO[0m Creating environment hook '/home/geovani/Ne2BU/src/install/micro_ros_msgs/share/micro_ros_msgs/hook/cmake_prefix_path.ps1'
[3.700s] [34mcolcon.colcon_core.shell[0m [1;30mINFO[0m Creating environment descriptor '/home/geovani/Ne2BU/src/install/micro_ros_msgs/share/micro_ros_msgs/hook/cmake_prefix_path.dsv'
[3.700s] [34mcolcon.colcon_core.shell[0m [1;30mINFO[0m Creating environment hook '/home/geovani/Ne2BU/src/install/micro_ros_msgs/share/micro_ros_msgs/hook/cmake_prefix_path.sh'
[3.701s] [34mcolcon.colcon_core.environment[0m [1;30mLevel 1[0m checking '/home/geovani/Ne2BU/src/install/micro_ros_msgs/lib'
[3.701s] [34mcolcon.colcon_core.shell[0m [1;30mLevel 1[0m create_environment_hook('micro_ros_msgs', 'ld_library_path_lib')
[3.701s] [34mcolcon.colcon_core.shell[0m [1;30mINFO[0m Creating environment hook '/home/geovani/Ne2BU/src/install/micro_ros_msgs/share/micro_ros_msgs/hook/ld_library_path_lib.ps1'
[3.701s] [34mcolcon.colcon_core.shell[0m [1;30mINFO[0m Creating environment descriptor '/home/geovani/Ne2BU/src/install/micro_ros_msgs/share/micro_ros_msgs/hook/ld_library_path_lib.dsv'
[3.701s] [34mcolcon.colcon_core.shell[0m [1;30mINFO[0m Creating environment hook '/home/geovani/Ne2BU/src/install/micro_ros_msgs/share/micro_ros_msgs/hook/ld_library_path_lib.sh'
[3.701s] [34mcolcon.colcon_core.environment[0m [1;30mLevel 1[0m checking '/home/geovani/Ne2BU/src/install/micro_ros_msgs/bin'
[3.701s] [34mcolcon.colcon_core.environment[0m [1;30mLevel 1[0m checking '/home/geovani/Ne2BU/src/install/micro_ros_msgs/lib/pkgconfig/micro_ros_msgs.pc'
[3.702s] [34mcolcon.colcon_core.environment[0m [1;30mLevel 1[0m checking '/home/geovani/Ne2BU/src/install/micro_ros_msgs/lib/python3.10/site-packages'
[3.702s] [34mcolcon.colcon_core.environment[0m [1;30mLevel 1[0m checking '/home/geovani/Ne2BU/src/install/micro_ros_msgs/bin'
[3.702s] [34mcolcon.colcon_core.shell[0m [1;30mINFO[0m Creating package script '/home/geovani/Ne2BU/src/install/micro_ros_msgs/share/micro_ros_msgs/package.ps1'
[3.702s] [34mcolcon.colcon_core.shell[0m [1;30mINFO[0m Creating package descriptor '/home/geovani/Ne2BU/src/install/micro_ros_msgs/share/micro_ros_msgs/package.dsv'
[3.703s] [34mcolcon.colcon_core.shell[0m [1;30mINFO[0m Creating package script '/home/geovani/Ne2BU/src/install/micro_ros_msgs/share/micro_ros_msgs/package.sh'
[3.703s] [34mcolcon.colcon_core.shell[0m [1;30mINFO[0m Creating package script '/home/geovani/Ne2BU/src/install/micro_ros_msgs/share/micro_ros_msgs/package.bash'
[3.703s] [34mcolcon.colcon_core.shell[0m [1;30mINFO[0m Creating package script '/home/geovani/Ne2BU/src/install/micro_ros_msgs/share/micro_ros_msgs/package.zsh'
[3.703s] [34mcolcon.colcon_core.environment[0m [1;30mLevel 1[0m create_file_with_runtime_dependencies(/home/geovani/Ne2BU/src/install/micro_ros_msgs/share/colcon-core/packages/micro_ros_msgs)
[3.704s] [34mcolcon.colcon_core.environment[0m [1;30mLevel 1[0m create_environment_scripts_only(micro_ros_msgs)
[3.704s] [34mcolcon.colcon_core.environment[0m [1;30mLevel 1[0m checking '/home/geovani/Ne2BU/src/install/micro_ros_msgs' for CMake module files
[3.704s] [34mcolcon.colcon_core.environment[0m [1;30mLevel 1[0m checking '/home/geovani/Ne2BU/src/install/micro_ros_msgs' for CMake config files
[3.705s] [34mcolcon.colcon_core.shell[0m [1;30mLevel 1[0m create_environment_hook('micro_ros_msgs', 'cmake_prefix_path')
[3.705s] [34mcolcon.colcon_core.shell[0m [1;30mINFO[0m Creating environment hook '/home/geovani/Ne2BU/src/install/micro_ros_msgs/share/micro_ros_msgs/hook/cmake_prefix_path.ps1'
[3.705s] [34mcolcon.colcon_core.shell[0m [1;30mINFO[0m Creating environment descriptor '/home/geovani/Ne2BU/src/install/micro_ros_msgs/share/micro_ros_msgs/hook/cmake_prefix_path.dsv'
[3.705s] [34mcolcon.colcon_core.shell[0m [1;30mINFO[0m Creating environment hook '/home/geovani/Ne2BU/src/install/micro_ros_msgs/share/micro_ros_msgs/hook/cmake_prefix_path.sh'
[3.706s] [34mcolcon.colcon_core.environment[0m [1;30mLevel 1[0m checking '/home/geovani/Ne2BU/src/install/micro_ros_msgs/lib'
[3.706s] [34mcolcon.colcon_core.shell[0m [1;30mLevel 1[0m create_environment_hook('micro_ros_msgs', 'ld_library_path_lib')
[3.706s] [34mcolcon.colcon_core.shell[0m [1;30mINFO[0m Creating environment hook '/home/geovani/Ne2BU/src/install/micro_ros_msgs/share/micro_ros_msgs/hook/ld_library_path_lib.ps1'
[3.706s] [34mcolcon.colcon_core.shell[0m [1;30mINFO[0m Creating environment descriptor '/home/geovani/Ne2BU/src/install/micro_ros_msgs/share/micro_ros_msgs/hook/ld_library_path_lib.dsv'
[3.707s] [34mcolcon.colcon_core.shell[0m [1;30mINFO[0m Creating environment hook '/home/geovani/Ne2BU/src/install/micro_ros_msgs/share/micro_ros_msgs/hook/ld_library_path_lib.sh'
[3.707s] [34mcolcon.colcon_core.environment[0m [1;30mLevel 1[0m checking '/home/geovani/Ne2BU/src/install/micro_ros_msgs/bin'
[3.707s] [34mcolcon.colcon_core.environment[0m [1;30mLevel 1[0m checking '/home/geovani/Ne2BU/src/install/micro_ros_msgs/lib/pkgconfig/micro_ros_msgs.pc'
[3.707s] [34mcolcon.colcon_core.environment[0m [1;30mLevel 1[0m checking '/home/geovani/Ne2BU/src/install/micro_ros_msgs/lib/python3.10/site-packages'
[3.707s] [34mcolcon.colcon_core.environment[0m [1;30mLevel 1[0m checking '/home/geovani/Ne2BU/src/install/micro_ros_msgs/bin'
[3.708s] [34mcolcon.colcon_core.shell[0m [1;30mINFO[0m Creating package script '/home/geovani/Ne2BU/src/install/micro_ros_msgs/share/micro_ros_msgs/package.ps1'
[3.708s] [34mcolcon.colcon_core.shell[0m [1;30mINFO[0m Creating package descriptor '/home/geovani/Ne2BU/src/install/micro_ros_msgs/share/micro_ros_msgs/package.dsv'
[3.708s] [34mcolcon.colcon_core.shell[0m [1;30mINFO[0m Creating package script '/home/geovani/Ne2BU/src/install/micro_ros_msgs/share/micro_ros_msgs/package.sh'
[3.709s] [34mcolcon.colcon_core.shell[0m [1;30mINFO[0m Creating package script '/home/geovani/Ne2BU/src/install/micro_ros_msgs/share/micro_ros_msgs/package.bash'
[3.709s] [34mcolcon.colcon_core.shell[0m [1;30mINFO[0m Creating package script '/home/geovani/Ne2BU/src/install/micro_ros_msgs/share/micro_ros_msgs/package.zsh'
[3.709s] [34mcolcon.colcon_core.environment[0m [1;30mLevel 1[0m create_file_with_runtime_dependencies(/home/geovani/Ne2BU/src/install/micro_ros_msgs/share/colcon-core/packages/micro_ros_msgs)
[3.709s] [34mcolcon.colcon_ros.task.ament_cmake.build[0m [1;30mINFO[0m Building ROS package in '/home/geovani/Ne2BU/src/uros/micro-ROS-Agent/micro_ros_agent' with build type 'ament_cmake'
[3.709s] [34mcolcon.colcon_cmake.task.cmake.build[0m [1;30mINFO[0m Building CMake package in '/home/geovani/Ne2BU/src/uros/micro-ROS-Agent/micro_ros_agent'
[3.710s] [34mcolcon.colcon_core.shell[0m [1;30mINFO[0m Skip shell extension 'powershell' for command environment: Not usable outside of PowerShell
[3.710s] [34mcolcon.colcon_core.shell[0m [1;30mDEBUG[0m [32mSkip shell extension 'dsv' for command environment[0m
[3.718s] [34mcolcon.colcon_core.event_handler.log_command[0m [1;30mDEBUG[0m [32mInvoking command in '/home/geovani/Ne2BU/src/build/micro_ros_agent': AMENT_PREFIX_PATH=/home/geovani/Ne2BU/src/install/micro_ros_msgs:${AMENT_PREFIX_PATH} CMAKE_PREFIX_PATH=/home/geovani/Ne2BU/src/install/micro_ros_msgs:/home/geovani/Ne2BU/install/micro_ros_agent:/home/geovani/Ne2BU/install/micro_ros_msgs:/home/geovani/Ne2BU/install/micro_ros_setup:/home/geovani/Ne2BU/install/main:/home/geovani/Ne2BU/src/install/main:/opt/ros/humble LD_LIBRARY_PATH=/home/geovani/Ne2BU/src/install/micro_ros_msgs/lib:${LD_LIBRARY_PATH} PYTHONPATH=/home/geovani/Ne2BU/src/install/micro_ros_msgs/local/lib/python3.10/dist-packages:${PYTHONPATH} /usr/bin/cmake /home/geovani/Ne2BU/src/uros/micro-ROS-Agent/micro_ros_agent -DCMAKE_INSTALL_PREFIX=/home/geovani/Ne2BU/src/install/micro_ros_agent[0m
[4.107s] [34mcolcon.colcon_core.event_handler.log_command[0m [1;30mDEBUG[0m [32mInvoked command in '/home/geovani/Ne2BU/src/build/micro_ros_agent' returned '0': AMENT_PREFIX_PATH=/home/geovani/Ne2BU/src/install/micro_ros_msgs:${AMENT_PREFIX_PATH} CMAKE_PREFIX_PATH=/home/geovani/Ne2BU/src/install/micro_ros_msgs:/home/geovani/Ne2BU/install/micro_ros_agent:/home/geovani/Ne2BU/install/micro_ros_msgs:/home/geovani/Ne2BU/install/micro_ros_setup:/home/geovani/Ne2BU/install/main:/home/geovani/Ne2BU/src/install/main:/opt/ros/humble LD_LIBRARY_PATH=/home/geovani/Ne2BU/src/install/micro_ros_msgs/lib:${LD_LIBRARY_PATH} PYTHONPATH=/home/geovani/Ne2BU/src/install/micro_ros_msgs/local/lib/python3.10/dist-packages:${PYTHONPATH} /usr/bin/cmake /home/geovani/Ne2BU/src/uros/micro-ROS-Agent/micro_ros_agent -DCMAKE_INSTALL_PREFIX=/home/geovani/Ne2BU/src/install/micro_ros_agent[0m
[4.108s] [34mcolcon.colcon_core.event_handler.log_command[0m [1;30mDEBUG[0m [32mInvoking command in '/home/geovani/Ne2BU/src/build/micro_ros_agent': AMENT_PREFIX_PATH=/home/geovani/Ne2BU/src/install/micro_ros_msgs:${AMENT_PREFIX_PATH} CMAKE_PREFIX_PATH=/home/geovani/Ne2BU/src/install/micro_ros_msgs:/home/geovani/Ne2BU/install/micro_ros_agent:/home/geovani/Ne2BU/install/micro_ros_msgs:/home/geovani/Ne2BU/install/micro_ros_setup:/home/geovani/Ne2BU/install/main:/home/geovani/Ne2BU/src/install/main:/opt/ros/humble LD_LIBRARY_PATH=/home/geovani/Ne2BU/src/install/micro_ros_msgs/lib:${LD_LIBRARY_PATH} PYTHONPATH=/home/geovani/Ne2BU/src/install/micro_ros_msgs/local/lib/python3.10/dist-packages:${PYTHONPATH} /usr/bin/cmake --build /home/geovani/Ne2BU/src/build/micro_ros_agent -- -j16 -l16[0m
[38.928s] [34mcolcon.colcon_core.event_handler.log_command[0m [1;30mDEBUG[0m [32mInvoked command in '/home/geovani/Ne2BU/src/build/micro_ros_agent' returned '0': AMENT_PREFIX_PATH=/home/geovani/Ne2BU/src/install/micro_ros_msgs:${AMENT_PREFIX_PATH} CMAKE_PREFIX_PATH=/home/geovani/Ne2BU/src/install/micro_ros_msgs:/home/geovani/Ne2BU/install/micro_ros_agent:/home/geovani/Ne2BU/install/micro_ros_msgs:/home/geovani/Ne2BU/install/micro_ros_setup:/home/geovani/Ne2BU/install/main:/home/geovani/Ne2BU/src/install/main:/opt/ros/humble LD_LIBRARY_PATH=/home/geovani/Ne2BU/src/install/micro_ros_msgs/lib:${LD_LIBRARY_PATH} PYTHONPATH=/home/geovani/Ne2BU/src/install/micro_ros_msgs/local/lib/python3.10/dist-packages:${PYTHONPATH} /usr/bin/cmake --build /home/geovani/Ne2BU/src/build/micro_ros_agent -- -j16 -l16[0m
[38.930s] [34mcolcon.colcon_core.event_handler.log_command[0m [1;30mDEBUG[0m [32mInvoking command in '/home/geovani/Ne2BU/src/build/micro_ros_agent': AMENT_PREFIX_PATH=/home/geovani/Ne2BU/src/install/micro_ros_msgs:${AMENT_PREFIX_PATH} CMAKE_PREFIX_PATH=/home/geovani/Ne2BU/src/install/micro_ros_msgs:/home/geovani/Ne2BU/install/micro_ros_agent:/home/geovani/Ne2BU/install/micro_ros_msgs:/home/geovani/Ne2BU/install/micro_ros_setup:/home/geovani/Ne2BU/install/main:/home/geovani/Ne2BU/src/install/main:/opt/ros/humble LD_LIBRARY_PATH=/home/geovani/Ne2BU/src/install/micro_ros_msgs/lib:${LD_LIBRARY_PATH} PYTHONPATH=/home/geovani/Ne2BU/src/install/micro_ros_msgs/local/lib/python3.10/dist-packages:${PYTHONPATH} /usr/bin/cmake --install /home/geovani/Ne2BU/src/build/micro_ros_agent[0m
[38.946s] [34mcolcon.colcon_core.environment[0m [1;30mLevel 1[0m create_environment_scripts_only(micro_ros_agent)
[38.946s] [34mcolcon.colcon_core.environment[0m [1;30mLevel 1[0m checking '/home/geovani/Ne2BU/src/install/micro_ros_agent' for CMake module files
[38.947s] [34mcolcon.colcon_core.event_handler.log_command[0m [1;30mDEBUG[0m [32mInvoked command in '/home/geovani/Ne2BU/src/build/micro_ros_agent' returned '0': AMENT_PREFIX_PATH=/home/geovani/Ne2BU/src/install/micro_ros_msgs:${AMENT_PREFIX_PATH} CMAKE_PREFIX_PATH=/home/geovani/Ne2BU/src/install/micro_ros_msgs:/home/geovani/Ne2BU/install/micro_ros_agent:/home/geovani/Ne2BU/install/micro_ros_msgs:/home/geovani/Ne2BU/install/micro_ros_setup:/home/geovani/Ne2BU/install/main:/home/geovani/Ne2BU/src/install/main:/opt/ros/humble LD_LIBRARY_PATH=/home/geovani/Ne2BU/src/install/micro_ros_msgs/lib:${LD_LIBRARY_PATH} PYTHONPATH=/home/geovani/Ne2BU/src/install/micro_ros_msgs/local/lib/python3.10/dist-packages:${PYTHONPATH} /usr/bin/cmake --install /home/geovani/Ne2BU/src/build/micro_ros_agent[0m
[38.947s] [34mcolcon.colcon_core.environment[0m [1;30mLevel 1[0m checking '/home/geovani/Ne2BU/src/install/micro_ros_agent' for CMake config files
[38.948s] [34mcolcon.colcon_core.shell[0m [1;30mLevel 1[0m create_environment_hook('micro_ros_agent', 'cmake_prefix_path')
[38.948s] [34mcolcon.colcon_core.shell[0m [1;30mINFO[0m Creating environment hook '/home/geovani/Ne2BU/src/install/micro_ros_agent/share/micro_ros_agent/hook/cmake_prefix_path.ps1'
[38.949s] [34mcolcon.colcon_core.shell[0m [1;30mINFO[0m Creating environment descriptor '/home/geovani/Ne2BU/src/install/micro_ros_agent/share/micro_ros_agent/hook/cmake_prefix_path.dsv'
[38.949s] [34mcolcon.colcon_core.shell[0m [1;30mINFO[0m Creating environment hook '/home/geovani/Ne2BU/src/install/micro_ros_agent/share/micro_ros_agent/hook/cmake_prefix_path.sh'
[38.950s] [34mcolcon.colcon_core.environment[0m [1;30mLevel 1[0m checking '/home/geovani/Ne2BU/src/install/micro_ros_agent/lib'
[38.950s] [34mcolcon.colcon_core.shell[0m [1;30mLevel 1[0m create_environment_hook('micro_ros_agent', 'ld_library_path_lib')
[38.950s] [34mcolcon.colcon_core.shell[0m [1;30mINFO[0m Creating environment hook '/home/geovani/Ne2BU/src/install/micro_ros_agent/share/micro_ros_agent/hook/ld_library_path_lib.ps1'
[38.951s] [34mcolcon.colcon_core.shell[0m [1;30mINFO[0m Creating environment descriptor '/home/geovani/Ne2BU/src/install/micro_ros_agent/share/micro_ros_agent/hook/ld_library_path_lib.dsv'
[38.951s] [34mcolcon.colcon_core.shell[0m [1;30mINFO[0m Creating environment hook '/home/geovani/Ne2BU/src/install/micro_ros_agent/share/micro_ros_agent/hook/ld_library_path_lib.sh'
[38.951s] [34mcolcon.colcon_core.environment[0m [1;30mLevel 1[0m checking '/home/geovani/Ne2BU/src/install/micro_ros_agent/bin'
[38.951s] [34mcolcon.colcon_core.environment[0m [1;30mLevel 1[0m checking '/home/geovani/Ne2BU/src/install/micro_ros_agent/lib/pkgconfig/micro_ros_agent.pc'
[38.952s] [34mcolcon.colcon_core.environment[0m [1;30mLevel 1[0m checking '/home/geovani/Ne2BU/src/install/micro_ros_agent/lib/python3.10/site-packages'
[38.952s] [34mcolcon.colcon_core.environment[0m [1;30mLevel 1[0m checking '/home/geovani/Ne2BU/src/install/micro_ros_agent/bin'
[38.952s] [34mcolcon.colcon_core.shell[0m [1;30mINFO[0m Creating package script '/home/geovani/Ne2BU/src/install/micro_ros_agent/share/micro_ros_agent/package.ps1'
[38.953s] [34mcolcon.colcon_core.shell[0m [1;30mINFO[0m Creating package descriptor '/home/geovani/Ne2BU/src/install/micro_ros_agent/share/micro_ros_agent/package.dsv'
[38.953s] [34mcolcon.colcon_core.shell[0m [1;30mINFO[0m Creating package script '/home/geovani/Ne2BU/src/install/micro_ros_agent/share/micro_ros_agent/package.sh'
[38.954s] [34mcolcon.colcon_core.shell[0m [1;30mINFO[0m Creating package script '/home/geovani/Ne2BU/src/install/micro_ros_agent/share/micro_ros_agent/package.bash'
[38.954s] [34mcolcon.colcon_core.shell[0m [1;30mINFO[0m Creating package script '/home/geovani/Ne2BU/src/install/micro_ros_agent/share/micro_ros_agent/package.zsh'
[38.954s] [34mcolcon.colcon_core.environment[0m [1;30mLevel 1[0m create_file_with_runtime_dependencies(/home/geovani/Ne2BU/src/install/micro_ros_agent/share/colcon-core/packages/micro_ros_agent)
[38.955s] [34mcolcon.colcon_core.environment[0m [1;30mLevel 1[0m create_environment_scripts_only(micro_ros_agent)
[38.955s] [34mcolcon.colcon_core.environment[0m [1;30mLevel 1[0m checking '/home/geovani/Ne2BU/src/install/micro_ros_agent' for CMake module files
[38.956s] [34mcolcon.colcon_core.environment[0m [1;30mLevel 1[0m checking '/home/geovani/Ne2BU/src/install/micro_ros_agent' for CMake config files
[38.956s] [34mcolcon.colcon_core.shell[0m [1;30mLevel 1[0m create_environment_hook('micro_ros_agent', 'cmake_prefix_path')
[38.956s] [34mcolcon.colcon_core.shell[0m [1;30mINFO[0m Creating environment hook '/home/geovani/Ne2BU/src/install/micro_ros_agent/share/micro_ros_agent/hook/cmake_prefix_path.ps1'
[38.957s] [34mcolcon.colcon_core.shell[0m [1;30mINFO[0m Creating environment descriptor '/home/geovani/Ne2BU/src/install/micro_ros_agent/share/micro_ros_agent/hook/cmake_prefix_path.dsv'
[38.957s] [34mcolcon.colcon_core.shell[0m [1;30mINFO[0m Creating environment hook '/home/geovani/Ne2BU/src/install/micro_ros_agent/share/micro_ros_agent/hook/cmake_prefix_path.sh'
[38.958s] [34mcolcon.colcon_core.environment[0m [1;30mLevel 1[0m checking '/home/geovani/Ne2BU/src/install/micro_ros_agent/lib'
[38.958s] [34mcolcon.colcon_core.shell[0m [1;30mLevel 1[0m create_environment_hook('micro_ros_agent', 'ld_library_path_lib')
[38.958s] [34mcolcon.colcon_core.shell[0m [1;30mINFO[0m Creating environment hook '/home/geovani/Ne2BU/src/install/micro_ros_agent/share/micro_ros_agent/hook/ld_library_path_lib.ps1'
[38.959s] [34mcolcon.colcon_core.shell[0m [1;30mINFO[0m Creating environment descriptor '/home/geovani/Ne2BU/src/install/micro_ros_agent/share/micro_ros_agent/hook/ld_library_path_lib.dsv'
[38.959s] [34mcolcon.colcon_core.shell[0m [1;30mINFO[0m Creating environment hook '/home/geovani/Ne2BU/src/install/micro_ros_agent/share/micro_ros_agent/hook/ld_library_path_lib.sh'
[38.959s] [34mcolcon.colcon_core.environment[0m [1;30mLevel 1[0m checking '/home/geovani/Ne2BU/src/install/micro_ros_agent/bin'
[38.959s] [34mcolcon.colcon_core.environment[0m [1;30mLevel 1[0m checking '/home/geovani/Ne2BU/src/install/micro_ros_agent/lib/pkgconfig/micro_ros_agent.pc'
[38.960s] [34mcolcon.colcon_core.environment[0m [1;30mLevel 1[0m checking '/home/geovani/Ne2BU/src/install/micro_ros_agent/lib/python3.10/site-packages'
[38.960s] [34mcolcon.colcon_core.environment[0m [1;30mLevel 1[0m checking '/home/geovani/Ne2BU/src/install/micro_ros_agent/bin'
[38.960s] [34mcolcon.colcon_core.shell[0m [1;30mINFO[0m Creating package script '/home/geovani/Ne2BU/src/install/micro_ros_agent/share/micro_ros_agent/package.ps1'
[38.961s] [34mcolcon.colcon_core.shell[0m [1;30mINFO[0m Creating package descriptor '/home/geovani/Ne2BU/src/install/micro_ros_agent/share/micro_ros_agent/package.dsv'
[38.961s] [34mcolcon.colcon_core.shell[0m [1;30mINFO[0m Creating package script '/home/geovani/Ne2BU/src/install/micro_ros_agent/share/micro_ros_agent/package.sh'
[38.962s] [34mcolcon.colcon_core.shell[0m [1;30mINFO[0m Creating package script '/home/geovani/Ne2BU/src/install/micro_ros_agent/share/micro_ros_agent/package.bash'
[38.962s] [34mcolcon.colcon_core.shell[0m [1;30mINFO[0m Creating package script '/home/geovani/Ne2BU/src/install/micro_ros_agent/share/micro_ros_agent/package.zsh'
[38.962s] [34mcolcon.colcon_core.environment[0m [1;30mLevel 1[0m create_file_with_runtime_dependencies(/home/geovani/Ne2BU/src/install/micro_ros_agent/share/colcon-core/packages/micro_ros_agent)
[38.962s] [34mcolcon.colcon_parallel_executor.executor.parallel[0m [1;30mDEBUG[0m [32mclosing loop[0m
[38.963s] [34mcolcon.colcon_parallel_executor.executor.parallel[0m [1;30mDEBUG[0m [32mloop closed[0m
[38.963s] [34mcolcon.colcon_parallel_executor.executor.parallel[0m [1;30mDEBUG[0m [32mrun_until_complete finished with '0'[0m
[38.963s] [34mcolcon.colcon_core.event_reactor[0m [1;30mDEBUG[0m [32mjoining thread[0m
[38.968s] [34mcolcon.colcon_core.plugin_system[0m [1;30mINFO[0m Skipping extension 'colcon_notification.desktop_notification.terminal_notifier': Not used on non-Darwin systems
[38.968s] [34mcolcon.colcon_core.plugin_system[0m [1;30mINFO[0m Skipping extension 'colcon_notification.desktop_notification.win32': Not used on non-Windows systems
[38.968s] [34mcolcon.colcon_notification.desktop_notification[0m [1;30mINFO[0m Sending desktop notification using 'notify2'
[38.981s] [34mcolcon.colcon_core.event_reactor[0m [1;30mDEBUG[0m [32mjoined thread[0m
[38.982s] [34mcolcon.colcon_core.shell[0m [1;30mINFO[0m Creating prefix script '/home/geovani/Ne2BU/src/install/local_setup.ps1'
[38.983s] [34mcolcon.colcon_core.shell[0m [1;30mINFO[0m Creating prefix util module '/home/geovani/Ne2BU/src/install/_local_setup_util_ps1.py'
[38.985s] [34mcolcon.colcon_core.shell[0m [1;30mINFO[0m Creating prefix chain script '/home/geovani/Ne2BU/src/install/setup.ps1'
[38.987s] [34mcolcon.colcon_core.shell[0m [1;30mINFO[0m Creating prefix script '/home/geovani/Ne2BU/src/install/local_setup.sh'
[38.987s] [34mcolcon.colcon_core.shell[0m [1;30mINFO[0m Creating prefix util module '/home/geovani/Ne2BU/src/install/_local_setup_util_sh.py'
[38.988s] [34mcolcon.colcon_core.shell[0m [1;30mINFO[0m Creating prefix chain script '/home/geovani/Ne2BU/src/install/setup.sh'
[38.989s] [34mcolcon.colcon_core.shell[0m [1;30mINFO[0m Creating prefix script '/home/geovani/Ne2BU/src/install/local_setup.bash'
[38.990s] [34mcolcon.colcon_core.shell[0m [1;30mINFO[0m Creating prefix chain script '/home/geovani/Ne2BU/src/install/setup.bash'
[38.991s] [34mcolcon.colcon_core.shell[0m [1;30mINFO[0m Creating prefix script '/home/geovani/Ne2BU/src/install/local_setup.zsh'
[38.991s] [34mcolcon.colcon_core.shell[0m [1;30mINFO[0m Creating prefix chain script '/home/geovani/Ne2BU/src/install/setup.zsh'
